        -:    0:Source:/home/borzor/CLionProjects/docxtotxt/mainDoc/source/DocumentLoader.cpp
        -:    0:Graph:/home/borzor/CLionProjects/docxtotxt/cmake-build-debug-coverage/CMakeFiles/docxtotxt.dir/mainDoc/source/DocumentLoader.cpp.gcno
        -:    0:Data:/home/borzor/CLionProjects/docxtotxt/cmake-build-debug-coverage/CMakeFiles/docxtotxt.dir/mainDoc/source/DocumentLoader.cpp.gcda
        -:    0:Runs:1
        -:    1://
        -:    2:// Created by borzor on 11/30/22.
        -:    3://
        -:    4:
        -:    5:#include <numeric>
        -:    6:#include "../headers/DocumentLoader.h"
        -:    7:#include "../ParserCommons/CommonFunctions.h"
        -:    8:
        -:    9:namespace docxtotxt {
function _ZN9docxtotxt14DocumentLoaderC2ERNS_9options_tERNS_12BufferWriterE called 7 returned 100% blocks executed 53%
        7:   10:    DocumentLoader::DocumentLoader(options_t &options, BufferWriter &writer) : options(options), writer(writer) {
        7:   10-block  0
call    0 returned 7
call    1 returned 7
call    2 returned 7
call    3 returned 7
call    4 returned 7
branch  5 taken 7 (fallthrough)
branch  6 taken 0 (throw)
        7:   10-block  1
call    7 returned 7
branch  8 taken 7 (fallthrough)
branch  9 taken 0 (throw)
    $$$$$:   10-block  2
call   10 never executed
    $$$$$:   10-block  3
call   11 never executed
    $$$$$:   10-block  4
call   12 never executed
    $$$$$:   10-block  5
call   13 never executed
    $$$$$:   10-block  6
call   14 never executed
    $$$$$:   10-block  7
call   15 never executed
        7:   11:        this->docInfo = {};
        7:   11-block  0
call    0 returned 7
call    1 returned 7
call    2 returned 7
call    3 returned 7
call    4 returned 7
call    5 returned 7
call    6 returned 7
call    7 returned 7
call    8 returned 7
call    9 returned 7
call   10 returned 7
call   11 returned 7
        7:   12:        this->pptInfo = {};
call    0 returned 7
call    1 returned 7
call    2 returned 7
call    3 returned 7
        7:   13:        this->xlsInfo = {};
call    0 returned 7
call    1 returned 7
call    2 returned 7
call    3 returned 7
call    4 returned 7
        -:   14:        int err;
        7:   15:        options.input = zip_open(options.filePath, 0, &err);
call    0 returned 7
branch  1 taken 7 (fallthrough)
branch  2 taken 0 (throw)
       7*:   16:        if (options.input == nullptr)throw runtime_error("Error: Cannot unzip file, error number: " + to_string(err));
        7:   16-block  0
branch  0 taken 0 (fallthrough)
branch  1 taken 7
    %%%%%:   16-block  1
call    2 never executed
call    3 never executed
branch  4 never executed
branch  5 never executed
    %%%%%:   16-block  2
call    6 never executed
branch  7 never executed
branch  8 never executed
    %%%%%:   16-block  3
call    9 never executed
branch 10 never executed
branch 11 never executed
    %%%%%:   16-block  4
call   12 never executed
call   13 never executed
call   14 never executed
    $$$$$:   16-block  5
call   15 never executed
    $$$$$:   16-block  6
    $$$$$:   16-block  7
call   16 never executed
    $$$$$:   16-block  8
    $$$$$:   16-block  9
call   17 never executed
        7:   17:    }
        7:   17-block  0
        -:   18:
function _ZN9docxtotxt14DocumentLoader8loadDataEv called 7 returned 100% blocks executed 60%
        7:   19:    void DocumentLoader::loadData() {
        7:   20:        openFileAndParse(CONTENT_TYPE_NAME, &DocumentLoader::parseContentTypes);
        7:   20-block  0
call    0 returned 7
call    1 returned 7
branch  2 taken 7 (fallthrough)
branch  3 taken 0 (throw)
        7:   20-block  1
call    4 returned 7
branch  5 taken 7 (fallthrough)
branch  6 taken 0 (throw)
        7:   20-block  2
call    7 returned 7
call    8 returned 7
    $$$$$:   20-block  3
call    9 never executed
    $$$$$:   20-block  4
    $$$$$:   20-block  5
call   10 never executed
    $$$$$:   20-block  6
call   11 never executed
        7:   21:        switch (options.docType) {
branch  0 taken 2
branch  1 taken 3
branch  2 taken 2
branch  3 taken 0
        2:   22:            case pptx: {
        2:   23:                loadPptxData();
        2:   23-block  0
call    0 returned 2
        2:   24:                break;
        -:   25:            }
        3:   26:            case docx: {
        3:   27:                loadDocxData();
        3:   27-block  0
call    0 returned 3
        3:   28:                break;
        -:   29:            }
        2:   30:            case xlsx: {
        2:   31:                loadXlsxData();
        2:   31-block  0
call    0 returned 2
        2:   32:                break;
        -:   33:            }
        -:   34:        }
        7:   35:        if (((options.flags >> 4) & 1)) {
        7:   35-block  0
branch  0 taken 7 (fallthrough)
branch  1 taken 0
        7:   36:            openFileAndParse("docProps/app.xml", &DocumentLoader::parseAppFile);
        7:   36-block  0
call    0 returned 7
call    1 returned 7
branch  2 taken 7 (fallthrough)
branch  3 taken 0 (throw)
        7:   36-block  1
call    4 returned 7
branch  5 taken 7 (fallthrough)
branch  6 taken 0 (throw)
        7:   36-block  2
call    7 returned 7
call    8 returned 7
    $$$$$:   36-block  3
call    9 never executed
    $$$$$:   36-block  4
    $$$$$:   36-block  5
call   10 never executed
    $$$$$:   36-block  6
call   11 never executed
        7:   37:            openFileAndParse("docProps/core.xml", &DocumentLoader::parseCoreFile);
call    0 returned 7
call    1 returned 7
branch  2 taken 7 (fallthrough)
branch  3 taken 0 (throw)
        7:   37-block  0
call    4 returned 7
branch  5 taken 7 (fallthrough)
branch  6 taken 0 (throw)
        7:   37-block  1
call    7 returned 7
call    8 returned 7
    $$$$$:   37-block  2
call    9 never executed
    $$$$$:   37-block  3
    $$$$$:   37-block  4
call   10 never executed
        -:   38:        }
        7:   39:    }
        7:   39-block  0
        -:   40:
function _ZN9docxtotxt14DocumentLoader16openFileAndParseERKNSt7__cxx1112basic_stringIcSt11char_traitsIcESaIcEEEMS0_FvPN8tinyxml211XMLDocumentEE called 65 returned 100% blocks executed 26%
       65:   41:    void DocumentLoader::openFileAndParse(const string &fileName, void (DocumentLoader::*f)(XMLDocument *)) {
       65:   42:        struct zip_stat file_info{};
      130:   43:        XMLDocument document;
       65:   43-block  0
call    0 returned 65
branch  1 taken 65 (fallthrough)
branch  2 taken 0 (throw)
       65:   43-block  1
call    3 returned 65
    $$$$$:   43-block  2
call    4 never executed
       65:   44:        if (zip_stat(options.input, fileName.c_str(), 0, &file_info) == -1)
       65:   44-block  0
call    0 returned 65
call    1 returned 65
branch  2 taken 65 (fallthrough)
branch  3 taken 0 (throw)
       65:   44-block  1
branch  4 taken 0 (fallthrough)
branch  5 taken 65
    #####:   45:            throw runtime_error("Error: Cannot get info about " + fileName + " file");
    %%%%%:   45-block  0
call    0 never executed
call    1 never executed
branch  2 never executed
branch  3 never executed
    %%%%%:   45-block  1
call    4 never executed
branch  5 never executed
branch  6 never executed
    %%%%%:   45-block  2
call    7 never executed
branch  8 never executed
branch  9 never executed
    %%%%%:   45-block  3
call   10 never executed
call   11 never executed
call   12 never executed
    $$$$$:   45-block  4
call   13 never executed
    $$$$$:   45-block  5
    $$$$$:   45-block  6
call   14 never executed
    $$$$$:   45-block  7
    $$$$$:   45-block  8
call   15 never executed
        -:   46://        char buffer[file_info.size];
        -:   47:        char *buff;
       65:   48:        buff = (char *) malloc(file_info.size);
        -:   49:
        -:   50:
       65:   51:        auto zip_file = zip_fopen(options.input, fileName.c_str(), 0);
       65:   51-block  0
call    0 returned 65
call    1 returned 65
branch  2 taken 65 (fallthrough)
branch  3 taken 0 (throw)
       65:   52:        if (zip_fread(zip_file, buff, file_info.size) == -1)
       65:   52-block  0
call    0 returned 65
branch  1 taken 65 (fallthrough)
branch  2 taken 0 (throw)
       65:   52-block  1
branch  3 taken 0 (fallthrough)
branch  4 taken 65
    #####:   53:            throw runtime_error("Error: Cannot read " + fileName + " file");
    %%%%%:   53-block  0
call    0 never executed
call    1 never executed
branch  2 never executed
branch  3 never executed
    %%%%%:   53-block  1
call    4 never executed
branch  5 never executed
branch  6 never executed
    %%%%%:   53-block  2
call    7 never executed
branch  8 never executed
branch  9 never executed
    %%%%%:   53-block  3
call   10 never executed
call   11 never executed
call   12 never executed
    $$$$$:   53-block  4
call   13 never executed
    $$$$$:   53-block  5
    $$$$$:   53-block  6
call   14 never executed
    $$$$$:   53-block  7
    $$$$$:   53-block  8
call   15 never executed
       65:   54:        zip_fclose(zip_file);
       65:   54-block  0
call    0 returned 65
branch  1 taken 65 (fallthrough)
branch  2 taken 0 (throw)
       65:   55:        if (document.Parse(buff, file_info.size) != tinyxml2::XML_SUCCESS)
       65:   55-block  0
call    0 returned 65
branch  1 taken 65 (fallthrough)
branch  2 taken 0 (throw)
       65:   55-block  1
branch  3 taken 0 (fallthrough)
branch  4 taken 65
    #####:   56:            throw runtime_error("Error: Cannot parse " + fileName + " file");
    %%%%%:   56-block  0
call    0 never executed
call    1 never executed
branch  2 never executed
branch  3 never executed
    %%%%%:   56-block  1
call    4 never executed
branch  5 never executed
branch  6 never executed
    %%%%%:   56-block  2
call    7 never executed
branch  8 never executed
branch  9 never executed
    %%%%%:   56-block  3
call   10 never executed
call   11 never executed
call   12 never executed
    $$$$$:   56-block  4
call   13 never executed
    $$$$$:   56-block  5
    $$$$$:   56-block  6
call   14 never executed
    $$$$$:   56-block  7
    $$$$$:   56-block  8
call   15 never executed
      65*:   57:        (this->*f)(&document);
       65:   57-block  0
branch  0 taken 0 (fallthrough)
branch  1 taken 65
    %%%%%:   57-block  1
       65:   57-block  2
       65:   57-block  3
call    2 returned 65
branch  3 taken 65 (fallthrough)
branch  4 taken 0 (throw)
       65:   58:    }
        -:   59:
function _ZN9docxtotxt14DocumentLoader16openFileAndParseERKNSt7__cxx1112basic_stringIcSt11char_traitsIcESaIcEEERNS_11relations_tEMS0_FvPN8tinyxml211XMLDocumentESA_E called 26 returned 100% blocks executed 36%
       26:   60:    void DocumentLoader::openFileAndParse(const string &fileName, relations_t &relations,
        -:   61:                                          void (DocumentLoader::*f)(XMLDocument *, relations_t &)) {
       26:   62:        struct zip_stat file_info{};
    #####:   63:        XMLDocument document;
    $$$$$:   63-block  0
call    0 never executed
       26:   64:        if (zip_stat(options.input, fileName.c_str(), 0, &file_info) == -1)
       26:   64-block  0
call    0 returned 26
call    1 returned 26
branch  2 taken 26 (fallthrough)
branch  3 taken 0 (throw)
       26:   64-block  1
branch  4 taken 0 (fallthrough)
branch  5 taken 26
    #####:   65:            return; //its normal situation then no relations file
    %%%%%:   65-block  0
       26:   66:        char buffer4[file_info.size];
       26:   67:        auto zip_file = zip_fopen(options.input, fileName.c_str(), 0);
       26:   67-block  0
call    0 returned 26
call    1 returned 26
branch  2 taken 26 (fallthrough)
branch  3 taken 0 (throw)
       26:   68:        if (zip_fread(zip_file, &buffer4, file_info.size) == -1)
       26:   68-block  0
call    0 returned 26
branch  1 taken 26 (fallthrough)
branch  2 taken 0 (throw)
       26:   68-block  1
branch  3 taken 0 (fallthrough)
branch  4 taken 26
    #####:   69:            throw runtime_error("Error: Cannot read " + fileName + " file");
    %%%%%:   69-block  0
call    0 never executed
call    1 never executed
branch  2 never executed
branch  3 never executed
    %%%%%:   69-block  1
call    4 never executed
branch  5 never executed
branch  6 never executed
    %%%%%:   69-block  2
call    7 never executed
branch  8 never executed
branch  9 never executed
    %%%%%:   69-block  3
call   10 never executed
call   11 never executed
call   12 never executed
    $$$$$:   69-block  4
call   13 never executed
    $$$$$:   69-block  5
    $$$$$:   69-block  6
call   14 never executed
    $$$$$:   69-block  7
    $$$$$:   69-block  8
call   15 never executed
       26:   70:        zip_fclose(zip_file);
       26:   70-block  0
call    0 returned 26
branch  1 taken 26 (fallthrough)
branch  2 taken 0 (throw)
       26:   71:        if (document.Parse(buffer4, file_info.size) != tinyxml2::XML_SUCCESS)
       26:   71-block  0
call    0 returned 26
branch  1 taken 26 (fallthrough)
branch  2 taken 0 (throw)
       26:   71-block  1
branch  3 taken 0 (fallthrough)
branch  4 taken 26
    #####:   72:            throw runtime_error("Error: Cannot parse " + fileName + " file");
    %%%%%:   72-block  0
call    0 never executed
call    1 never executed
branch  2 never executed
branch  3 never executed
    %%%%%:   72-block  1
call    4 never executed
branch  5 never executed
branch  6 never executed
    %%%%%:   72-block  2
call    7 never executed
branch  8 never executed
branch  9 never executed
    %%%%%:   72-block  3
call   10 never executed
call   11 never executed
call   12 never executed
    $$$$$:   72-block  4
call   13 never executed
    $$$$$:   72-block  5
    $$$$$:   72-block  6
call   14 never executed
    $$$$$:   72-block  7
    $$$$$:   72-block  8
call   15 never executed
      52*:   73:        (this->*f)(&document, relations);
       26:   73-block  0
call    0 returned 26
branch  1 taken 26 (fallthrough)
branch  2 taken 0 (throw)
       26:   73-block  1
branch  3 taken 0 (fallthrough)
branch  4 taken 26
    %%%%%:   73-block  2
       26:   73-block  3
       26:   73-block  4
call    5 returned 26
branch  6 taken 26 (fallthrough)
branch  7 taken 0 (throw)
        -:   74:    }
        -:   75:
function _ZN9docxtotxt14DocumentLoader12parseAppFileEPN8tinyxml211XMLDocumentE called 7 returned 100% blocks executed 75%
        7:   76:    void DocumentLoader::parseAppFile(XMLDocument *doc) {
        7:   77:        auto *current_element = doc->RootElement()->FirstChildElement();
        7:   77-block  0
call    0 returned 7
call    1 returned 7
        7:   78:        writer.getMetadata()->application = L" ";
call    0 returned 7
call    1 returned 7
        7:   79:        switch (options.docType) {
branch  0 taken 2
branch  1 taken 3
branch  2 taken 2
branch  3 taken 0
       35:   80:            case pptx: {
       35:   81:                while (current_element != nullptr) {
       35:   81-block  0
branch  0 taken 33 (fallthrough)
branch  1 taken 2
       33:   82:                    if (!strcmp(current_element->Value(), "slides")) {
       33:   82-block  0
call    0 returned 33
branch  1 taken 33 (fallthrough)
branch  2 taken 0
        -:   83://                        writer.getMetadata()->slides = atoi(current_element->GetText());
       33:   84:                    } else if (!strcmp(current_element->Value(), "Words")) {
       33:   84-block  0
call    0 returned 33
branch  1 taken 2 (fallthrough)
branch  2 taken 31
        2:   85:                        writer.getMetadata()->words = strtol(current_element->GetText(), nullptr, 10);
        2:   85-block  0
call    0 returned 2
call    1 returned 2
call    2 returned 2
       31:   86:                    } else if (!strcmp(current_element->Value(), "Application")) {
       31:   86-block  0
call    0 returned 31
branch  1 taken 2 (fallthrough)
branch  2 taken 29
        2:   87:                        auto text = current_element->GetText();
        2:   87-block  0
call    0 returned 2
        2:   88:                        if (text == nullptr) {
branch  0 taken 2 (fallthrough)
branch  1 taken 0
        -:   89:                            //                            writer.getMetadata()->application = L" ";
        -:   90:                        } else
        2:   91:                            writer.getMetadata()->application = writer.convertString(text);
        2:   91-block  0
call    0 returned 2
call    1 returned 2
branch  2 taken 2 (fallthrough)
branch  3 taken 0 (throw)
        2:   91-block  1
call    4 returned 2
branch  5 taken 2 (fallthrough)
branch  6 taken 0 (throw)
        2:   91-block  2
call    7 returned 2
branch  8 taken 2 (fallthrough)
branch  9 taken 0 (throw)
        2:   91-block  3
call   10 returned 2
call   11 returned 2
call   12 returned 2
call   13 returned 2
    $$$$$:   91-block  4
call   14 never executed
    $$$$$:   91-block  5
    $$$$$:   91-block  6
call   15 never executed
    $$$$$:   91-block  7
    $$$$$:   91-block  8
call   16 never executed
    $$$$$:   91-block  9
call   17 never executed
        -:   92:                    }
       33:   93:                    current_element = current_element->NextSiblingElement();
       33:   93-block  0
call    0 returned 33
        -:   94:                }
        2:   95:                break;
        2:   95-block  0
        -:   96:            }
       57:   97:            case docx: {
       57:   98:                while (current_element != nullptr) {
       57:   98-block  0
branch  0 taken 54 (fallthrough)
branch  1 taken 3
       54:   99:                    if (!strcmp(current_element->Value(), "Pages")) {
       54:   99-block  0
call    0 returned 54
branch  1 taken 3 (fallthrough)
branch  2 taken 51
        3:  100:                        writer.getMetadata()->pages = strtol(current_element->GetText(), nullptr, 10);
        3:  100-block  0
call    0 returned 3
call    1 returned 3
call    2 returned 3
       51:  101:                    } else if (!strcmp(current_element->Value(), "Words")) {
       51:  101-block  0
call    0 returned 51
branch  1 taken 3 (fallthrough)
branch  2 taken 48
        3:  102:                        writer.getMetadata()->words = strtol(current_element->GetText(), nullptr, 10);
        3:  102-block  0
call    0 returned 3
call    1 returned 3
call    2 returned 3
       48:  103:                    } else if (!strcmp(current_element->Value(), "Application")) {
       48:  103-block  0
call    0 returned 48
branch  1 taken 3 (fallthrough)
branch  2 taken 45
        3:  104:                        auto text = current_element->GetText();
        3:  104-block  0
call    0 returned 3
        3:  105:                        if (text != nullptr)
branch  0 taken 3 (fallthrough)
branch  1 taken 0
        3:  106:                            writer.getMetadata()->application = writer.convertString(text);
        3:  106-block  0
call    0 returned 3
call    1 returned 3
branch  2 taken 3 (fallthrough)
branch  3 taken 0 (throw)
        3:  106-block  1
call    4 returned 3
branch  5 taken 3 (fallthrough)
branch  6 taken 0 (throw)
        3:  106-block  2
call    7 returned 3
branch  8 taken 3 (fallthrough)
branch  9 taken 0 (throw)
        3:  106-block  3
call   10 returned 3
call   11 returned 3
call   12 returned 3
call   13 returned 3
    $$$$$:  106-block  4
call   14 never executed
    $$$$$:  106-block  5
    $$$$$:  106-block  6
call   15 never executed
    $$$$$:  106-block  7
    $$$$$:  106-block  8
call   16 never executed
    $$$$$:  106-block  9
call   17 never executed
        -:  107:                    }
       54:  108:                    current_element = current_element->NextSiblingElement();
       54:  108-block  0
call    0 returned 54
        -:  109:                }
        3:  110:                break;
        3:  110-block  0
        -:  111:            }
       20:  112:            case xlsx: {
       20:  113:                while (current_element != nullptr) {
       20:  113-block  0
branch  0 taken 18 (fallthrough)
branch  1 taken 2
       18:  114:                    if (!strcmp(current_element->Value(), "Application")) {
       18:  114-block  0
call    0 returned 18
branch  1 taken 2 (fallthrough)
branch  2 taken 16
        2:  115:                        auto text = current_element->GetText();
        2:  115-block  0
call    0 returned 2
        2:  116:                        if (text != nullptr)
branch  0 taken 2 (fallthrough)
branch  1 taken 0
        2:  117:                            writer.getMetadata()->application = writer.convertString(text);
        2:  117-block  0
call    0 returned 2
call    1 returned 2
branch  2 taken 2 (fallthrough)
branch  3 taken 0 (throw)
        2:  117-block  1
call    4 returned 2
branch  5 taken 2 (fallthrough)
branch  6 taken 0 (throw)
        2:  117-block  2
call    7 returned 2
branch  8 taken 2 (fallthrough)
branch  9 taken 0 (throw)
        2:  117-block  3
call   10 returned 2
call   11 returned 2
call   12 returned 2
call   13 returned 2
    $$$$$:  117-block  4
call   14 never executed
    $$$$$:  117-block  5
    $$$$$:  117-block  6
call   15 never executed
    $$$$$:  117-block  7
    $$$$$:  117-block  8
call   16 never executed
        -:  118:                    }
       18:  119:                    current_element = current_element->NextSiblingElement();
       18:  119-block  0
call    0 returned 18
        -:  120:                }
        2:  121:                break;
        2:  121-block  0
        -:  122:            }
        -:  123:        }
        7:  124:    }
        7:  124-block  0
        -:  125:
function _ZN9docxtotxt14DocumentLoader13parseCoreFileEPN8tinyxml211XMLDocumentE called 7 returned 100% blocks executed 81%
        7:  126:    void DocumentLoader::parseCoreFile(XMLDocument *doc) {
       14:  127:        wstringConvert convert;
        7:  127-block  0
call    0 returned 7
branch  1 taken 7 (fallthrough)
branch  2 taken 0 (throw)
        7:  127-block  1
call    3 returned 7
    $$$$$:  127-block  2
call    4 never executed
        7:  128:        writer.getMetadata()->creator = L" ";
        7:  128-block  0
call    0 returned 7
branch  1 taken 7 (fallthrough)
branch  2 taken 0 (throw)
        7:  128-block  1
call    3 returned 7
branch  4 taken 7 (fallthrough)
branch  5 taken 0 (throw)
        7:  129:        writer.getMetadata()->lastModifiedBy = L" ";
        7:  129-block  0
call    0 returned 7
branch  1 taken 7 (fallthrough)
branch  2 taken 0 (throw)
        7:  129-block  1
call    3 returned 7
branch  4 taken 7 (fallthrough)
branch  5 taken 0 (throw)
        7:  130:        writer.getMetadata()->created = L" ";
        7:  130-block  0
call    0 returned 7
branch  1 taken 7 (fallthrough)
branch  2 taken 0 (throw)
        7:  130-block  1
call    3 returned 7
branch  4 taken 7 (fallthrough)
branch  5 taken 0 (throw)
        7:  131:        writer.getMetadata()->modified = L" ";
        7:  131-block  0
call    0 returned 7
branch  1 taken 7 (fallthrough)
branch  2 taken 0 (throw)
        7:  131-block  1
call    3 returned 7
branch  4 taken 7 (fallthrough)
branch  5 taken 0 (throw)
        7:  132:        auto *current_element = doc->RootElement()->FirstChildElement();
        7:  132-block  0
call    0 returned 7
branch  1 taken 7 (fallthrough)
branch  2 taken 0 (throw)
        7:  132-block  1
call    3 returned 7
branch  4 taken 7 (fallthrough)
branch  5 taken 0 (throw)
        7:  132-block  2
       53:  133:        while (current_element != nullptr) {
       53:  133-block  0
branch  0 taken 46 (fallthrough)
branch  1 taken 7
       46:  134:            if (!strcmp(current_element->Value(), "dc:creator")) {
       46:  134-block  0
call    0 returned 46
branch  1 taken 46 (fallthrough)
branch  2 taken 0 (throw)
       46:  134-block  1
branch  3 taken 7 (fallthrough)
branch  4 taken 39
        7:  135:                auto text = current_element->GetText();
        7:  135-block  0
call    0 returned 7
branch  1 taken 7 (fallthrough)
branch  2 taken 0 (throw)
        7:  136:                if (text != nullptr)
        7:  136-block  0
branch  0 taken 7 (fallthrough)
branch  1 taken 0
        7:  137:                    writer.getMetadata()->creator = convert.from_bytes(text);
        7:  137-block  0
call    0 returned 7
branch  1 taken 7 (fallthrough)
branch  2 taken 0 (throw)
        7:  137-block  1
call    3 returned 7
branch  4 taken 7 (fallthrough)
branch  5 taken 0 (throw)
        7:  137-block  2
call    6 returned 7
call    7 returned 7
    $$$$$:  137-block  3
call    8 never executed
    $$$$$:  137-block  4
       39:  138:            } else if (!strcmp(current_element->Value(), "cp:lastModifiedBy")) {
       39:  138-block  0
call    0 returned 39
branch  1 taken 39 (fallthrough)
branch  2 taken 0 (throw)
       39:  138-block  1
branch  3 taken 7 (fallthrough)
branch  4 taken 32
        7:  139:                auto text = current_element->GetText();
        7:  139-block  0
call    0 returned 7
branch  1 taken 7 (fallthrough)
branch  2 taken 0 (throw)
        7:  140:                if (text != nullptr)
        7:  140-block  0
branch  0 taken 7 (fallthrough)
branch  1 taken 0
        7:  141:                    writer.getMetadata()->lastModifiedBy = convert.from_bytes(text);
        7:  141-block  0
call    0 returned 7
branch  1 taken 7 (fallthrough)
branch  2 taken 0 (throw)
        7:  141-block  1
call    3 returned 7
branch  4 taken 7 (fallthrough)
branch  5 taken 0 (throw)
        7:  141-block  2
call    6 returned 7
call    7 returned 7
    $$$$$:  141-block  3
call    8 never executed
    $$$$$:  141-block  4
       32:  142:            } else if (!strcmp(current_element->Value(), "cp:revision")) {
       32:  142-block  0
call    0 returned 32
branch  1 taken 32 (fallthrough)
branch  2 taken 0 (throw)
       32:  142-block  1
branch  3 taken 5 (fallthrough)
branch  4 taken 27
        5:  143:                writer.getMetadata()->revision = strtol(current_element->GetText(), nullptr, 10);
        5:  143-block  0
call    0 returned 5
branch  1 taken 5 (fallthrough)
branch  2 taken 0 (throw)
        5:  143-block  1
call    3 returned 5
call    4 returned 5
branch  5 taken 5 (fallthrough)
branch  6 taken 0 (throw)
        5:  143-block  2
       27:  144:            } else if (!strcmp(current_element->Value(), "dcterms:created")) {
       27:  144-block  0
call    0 returned 27
branch  1 taken 27 (fallthrough)
branch  2 taken 0 (throw)
       27:  144-block  1
branch  3 taken 7 (fallthrough)
branch  4 taken 20
        7:  145:                auto text = current_element->GetText();
        7:  145-block  0
call    0 returned 7
branch  1 taken 7 (fallthrough)
branch  2 taken 0 (throw)
        7:  146:                if (text != nullptr)
        7:  146-block  0
branch  0 taken 7 (fallthrough)
branch  1 taken 0
        7:  147:                    writer.getMetadata()->created = convert.from_bytes(text);
        7:  147-block  0
call    0 returned 7
branch  1 taken 7 (fallthrough)
branch  2 taken 0 (throw)
        7:  147-block  1
call    3 returned 7
branch  4 taken 7 (fallthrough)
branch  5 taken 0 (throw)
        7:  147-block  2
call    6 returned 7
call    7 returned 7
    $$$$$:  147-block  3
call    8 never executed
    $$$$$:  147-block  4
       20:  148:            } else if (!strcmp(current_element->Value(), "dcterms:modified")) {
       20:  148-block  0
call    0 returned 20
branch  1 taken 20 (fallthrough)
branch  2 taken 0 (throw)
       20:  148-block  1
branch  3 taken 7 (fallthrough)
branch  4 taken 13
        7:  149:                auto text = current_element->GetText();
        7:  149-block  0
call    0 returned 7
branch  1 taken 7 (fallthrough)
branch  2 taken 0 (throw)
        7:  150:                if (text != nullptr)
        7:  150-block  0
branch  0 taken 7 (fallthrough)
branch  1 taken 0
        7:  151:                    writer.getMetadata()->modified = convert.from_bytes(text);
        7:  151-block  0
call    0 returned 7
branch  1 taken 7 (fallthrough)
branch  2 taken 0 (throw)
        7:  151-block  1
call    3 returned 7
branch  4 taken 7 (fallthrough)
branch  5 taken 0 (throw)
        7:  151-block  2
call    6 returned 7
call    7 returned 7
    $$$$$:  151-block  3
call    8 never executed
    $$$$$:  151-block  4
        -:  152:            }
       46:  153:            current_element = current_element->NextSiblingElement();
       46:  153-block  0
call    0 returned 46
branch  1 taken 46 (fallthrough)
branch  2 taken 0 (throw)
       46:  153-block  1
        -:  154:        }
        7:  155:    }
        -:  156:
function _ZN9docxtotxt14DocumentLoader17parseContentTypesEPN8tinyxml211XMLDocumentE called 7 returned 100% blocks executed 78%
        7:  157:    void DocumentLoader::parseContentTypes(XMLDocument *xmlDocument) {
       14:  158:        XMLPrinter printer;
        7:  158-block  0
call    0 returned 7
branch  1 taken 7 (fallthrough)
branch  2 taken 0 (throw)
call    3 returned 7
    $$$$$:  158-block  1
call    4 never executed
       14:  159:        string tmp, tmp2;
        7:  159-block  0
call    0 returned 7
call    1 returned 7
call    2 returned 7
    $$$$$:  159-block  1
call    3 never executed
    $$$$$:  159-block  2
call    4 never executed
        7:  160:        auto *current_element = xmlDocument->RootElement()->FirstChildElement();
call    0 returned 7
branch  1 taken 7 (fallthrough)
branch  2 taken 0 (throw)
        7:  160-block  0
call    3 returned 7
branch  4 taken 7 (fallthrough)
branch  5 taken 0 (throw)
        7:  160-block  1
      153:  161:        while (current_element != nullptr) {
      153:  161-block  0
branch  0 taken 146 (fallthrough)
branch  1 taken 7
      146:  162:            current_element->Accept(&printer);
      146:  162-block  0
call    0 returned 146
branch  1 taken 146 (fallthrough)
branch  2 taken 0 (throw)
      146:  163:            tmp = printer.CStr();
      146:  163-block  0
call    0 returned 146
branch  1 taken 146 (fallthrough)
branch  2 taken 0 (throw)
      146:  163-block  1
call    3 returned 146
branch  4 taken 146 (fallthrough)
branch  5 taken 0 (throw)
      146:  164:            auto pos1 = tmp.find('\"');
      146:  164-block  0
call    0 returned 146
      146:  165:            auto pos2 = tmp.find('\"', pos1 + 1);
call    0 returned 146
      146:  166:            auto pos3 = tmp.find('\"', pos2 + 1);
call    0 returned 146
      146:  167:            auto pos4 = tmp.find('\"', pos3 + 1);
call    0 returned 146
      146:  168:            tmp2 = tmp.substr(pos1 + 1, pos2 - pos1 - 1);
call    0 returned 146
branch  1 taken 146 (fallthrough)
branch  2 taken 0 (throw)
      146:  168-block  0
call    3 returned 146
call    4 returned 146
      146:  169:            if (tmp2.rfind('/', 0) == 0)
call    0 returned 146
branch  1 taken 120 (fallthrough)
branch  2 taken 26
      120:  170:                tmp2.erase(0, 1);
      120:  170-block  0
call    0 returned 120
branch  1 taken 120 (fallthrough)
branch  2 taken 0 (throw)
      146:  171:            this->content_types.emplace(tmp2, tmp.substr(pos3 + 1, pos4 - pos3 - 1));
      146:  171-block  0
call    0 returned 146
branch  1 taken 146 (fallthrough)
branch  2 taken 0 (throw)
      146:  171-block  1
call    3 returned 146
branch  4 taken 146 (fallthrough)
branch  5 taken 0 (throw)
      146:  171-block  2
call    6 returned 146
    $$$$$:  171-block  3
call    7 never executed
    $$$$$:  171-block  4
      146:  172:            printer.ClearBuffer();
call    0 returned 146
branch  1 taken 146 (fallthrough)
branch  2 taken 0 (throw)
      146:  173:            current_element = current_element->NextSiblingElement();
      146:  173-block  0
call    0 returned 146
branch  1 taken 146 (fallthrough)
branch  2 taken 0 (throw)
      146:  173-block  1
        -:  174:        }
        7:  175:        free(current_element);
        7:  175-block  0
call    0 returned 7
        7:  176:    }
        -:  177:
function _ZN9docxtotxt14DocumentLoader17parseRelationShipEPN8tinyxml211XMLDocumentERNS_11relations_tE called 26 returned 100% blocks executed 52%
       26:  178:    void DocumentLoader::parseRelationShip(XMLDocument *doc, relations_t &relations) {
       26:  179:        auto *mainElement = doc->RootElement()->FirstChildElement();
       26:  179-block  0
call    0 returned 26
call    1 returned 26
      127:  180:        while (mainElement != nullptr) {
      127:  180-block  0
branch  0 taken 101 (fallthrough)
branch  1 taken 26
      101:  181:            if (!strcmp(mainElement->Value(), "Relationship")) {
      101:  181-block  0
call    0 returned 101
branch  1 taken 101 (fallthrough)
branch  2 taken 0
      101:  182:                auto type = mainElement->Attribute("Type");
      101:  182-block  0
call    0 returned 101
branch  1 taken 101 (fallthrough)
branch  2 taken 0 (throw)
      202:  183:                string id = mainElement->Attribute("Id");
      101:  183-block  0
call    0 returned 101
call    1 returned 101
branch  2 taken 101 (fallthrough)
branch  3 taken 0 (throw)
      101:  183-block  1
call    4 returned 101
branch  5 taken 101 (fallthrough)
branch  6 taken 0 (throw)
call    7 returned 101
    $$$$$:  183-block  2
    $$$$$:  183-block  3
call    8 never executed
      202:  184:                string target = mainElement->Attribute("Target");
call    0 returned 101
call    1 returned 101
branch  2 taken 101 (fallthrough)
branch  3 taken 0 (throw)
      101:  184-block  0
call    4 returned 101
branch  5 taken 101 (fallthrough)
branch  6 taken 0 (throw)
      101:  184-block  1
call    7 returned 101
    $$$$$:  184-block  2
    $$$$$:  184-block  3
call    8 never executed
      101:  185:                if (ends_with(type, "image")) {
call    0 returned 101
call    1 returned 101
branch  2 taken 101 (fallthrough)
branch  3 taken 0 (throw)
      101:  185-block  0
call    4 returned 101
call    5 returned 101
branch  6 taken 101 (fallthrough)
branch  7 taken 0 (throw)
      101:  185-block  1
call    8 returned 101
branch  9 taken 101 (fallthrough)
branch 10 taken 0 (throw)
      101:  185-block  2
call   11 returned 101
call   12 returned 101
call   13 returned 101
call   14 returned 101
branch 15 taken 42 (fallthrough)
branch 16 taken 59
    $$$$$:  185-block  3
call   17 never executed
    $$$$$:  185-block  4
    $$$$$:  185-block  5
call   18 never executed
    $$$$$:  185-block  6
    $$$$$:  185-block  7
call   19 never executed
    $$$$$:  185-block  8
    $$$$$:  185-block  9
call   20 never executed
    $$$$$:  185-block 10
       42:  186:                    relations.imageRelationship.emplace(id, target.substr(target.find_last_of('/') + 1));
       42:  186-block  0
call    0 returned 42
call    1 returned 42
branch  2 taken 42 (fallthrough)
branch  3 taken 0 (throw)
       42:  186-block  1
call    4 returned 42
branch  5 taken 42 (fallthrough)
branch  6 taken 0 (throw)
       42:  186-block  2
call    7 returned 42
    $$$$$:  186-block  3
call    8 never executed
    $$$$$:  186-block  4
       59:  187:                } else if (ends_with(type, "hyperlink")) {
       59:  187-block  0
call    0 returned 59
call    1 returned 59
branch  2 taken 59 (fallthrough)
branch  3 taken 0 (throw)
       59:  187-block  1
call    4 returned 59
call    5 returned 59
branch  6 taken 59 (fallthrough)
branch  7 taken 0 (throw)
       59:  187-block  2
call    8 returned 59
branch  9 taken 59 (fallthrough)
branch 10 taken 0 (throw)
       59:  187-block  3
call   11 returned 59
call   12 returned 59
call   13 returned 59
call   14 returned 59
branch 15 taken 1 (fallthrough)
branch 16 taken 58
    $$$$$:  187-block  4
call   17 never executed
    $$$$$:  187-block  5
    $$$$$:  187-block  6
call   18 never executed
    $$$$$:  187-block  7
    $$$$$:  187-block  8
call   19 never executed
    $$$$$:  187-block  9
    $$$$$:  187-block 10
call   20 never executed
    $$$$$:  187-block 11
        1:  188:                    relations.hyperlinkRelationship.emplace(id, target);
        1:  188-block  0
call    0 returned 1
branch  1 taken 1 (fallthrough)
branch  2 taken 0 (throw)
      168:  189:                } else if (ends_with(type, "notesSlide") || (ends_with(type, "footnotes")) ||
       58:  189-block  0
call    0 returned 58
call    1 returned 58
branch  2 taken 58 (fallthrough)
branch  3 taken 0 (throw)
       58:  189-block  1
call    4 returned 58
call    5 returned 58
branch  6 taken 58 (fallthrough)
branch  7 taken 0 (throw)
       58:  189-block  2
call    8 returned 58
branch  9 taken 58 (fallthrough)
branch 10 taken 0 (throw)
       58:  189-block  3
branch 11 taken 55 (fallthrough)
branch 12 taken 3
       55:  189-block  4
call   13 returned 55
call   14 returned 55
branch 15 taken 55 (fallthrough)
branch 16 taken 0 (throw)
       55:  189-block  5
call   17 returned 55
call   18 returned 55
branch 19 taken 55 (fallthrough)
branch 20 taken 0 (throw)
       55:  189-block  6
call   21 returned 55
branch 22 taken 55 (fallthrough)
branch 23 taken 0 (throw)
       55:  189-block  7
branch 24 taken 52 (fallthrough)
branch 25 taken 3
        9:  189-block  8
       49:  189-block  9
       55:  189-block 10
call   26 returned 55
       58:  189-block 11
branch 27 taken 55 (fallthrough)
branch 28 taken 3
       55:  189-block 12
call   29 returned 55
       58:  189-block 13
branch 30 taken 55 (fallthrough)
branch 31 taken 3
       55:  189-block 14
call   32 returned 55
       58:  189-block 15
branch 33 taken 55 (fallthrough)
branch 34 taken 3
       55:  189-block 16
call   35 returned 55
       58:  189-block 17
branch 36 taken 58 (fallthrough)
branch 37 taken 0
       58:  189-block 18
call   38 returned 58
       58:  189-block 19
branch 39 taken 58 (fallthrough)
branch 40 taken 0
       58:  189-block 20
call   41 returned 58
       58:  189-block 21
branch 42 taken 58 (fallthrough)
branch 43 taken 0
       58:  189-block 22
call   44 returned 58
       58:  189-block 23
branch 45 taken 58 (fallthrough)
branch 46 taken 0
       58:  189-block 24
call   47 returned 58
       58:  189-block 25
branch 48 taken 9 (fallthrough)
branch 49 taken 49
    $$$$$:  189-block 26
branch 50 never executed
branch 51 never executed
    $$$$$:  189-block 27
call   52 never executed
    $$$$$:  189-block 28
    $$$$$:  189-block 29
branch 53 never executed
branch 54 never executed
    $$$$$:  189-block 30
call   55 never executed
    $$$$$:  189-block 31
    $$$$$:  189-block 32
branch 56 never executed
branch 57 never executed
    $$$$$:  189-block 33
call   58 never executed
    $$$$$:  189-block 34
    $$$$$:  189-block 35
branch 59 never executed
branch 60 never executed
    $$$$$:  189-block 36
call   61 never executed
    $$$$$:  189-block 37
    $$$$$:  189-block 38
branch 62 never executed
branch 63 never executed
    $$$$$:  189-block 39
call   64 never executed
    $$$$$:  189-block 40
    $$$$$:  189-block 41
branch 65 never executed
branch 66 never executed
    $$$$$:  189-block 42
call   67 never executed
    $$$$$:  189-block 43
    $$$$$:  189-block 44
branch 68 never executed
branch 69 never executed
    $$$$$:  189-block 45
call   70 never executed
    $$$$$:  189-block 46
    $$$$$:  189-block 47
branch 71 never executed
branch 72 never executed
    $$$$$:  189-block 48
call   73 never executed
    $$$$$:  189-block 49
      110:  190:                           (ends_with(type, "endnotes"))) {
       52:  190-block  0
call    0 returned 52
call    1 returned 52
branch  2 taken 52 (fallthrough)
branch  3 taken 0 (throw)
       52:  190-block  1
call    4 returned 52
call    5 returned 52
branch  6 taken 52 (fallthrough)
branch  7 taken 0 (throw)
       52:  190-block  2
call    8 returned 52
branch  9 taken 52 (fallthrough)
branch 10 taken 0 (throw)
       52:  190-block  3
branch 11 taken 3 (fallthrough)
branch 12 taken 49
       58:  190-block  4
branch 13 taken 52 (fallthrough)
branch 14 taken 6
       52:  190-block  5
call   15 returned 52
       58:  190-block  6
branch 16 taken 52 (fallthrough)
branch 17 taken 6
       52:  190-block  7
call   18 returned 52
       58:  190-block  8
branch 19 taken 52 (fallthrough)
branch 20 taken 6
       52:  190-block  9
call   21 returned 52
       58:  190-block 10
branch 22 taken 52 (fallthrough)
branch 23 taken 6
       52:  190-block 11
call   24 returned 52
       58:  190-block 12
branch 25 taken 55 (fallthrough)
branch 26 taken 3
    $$$$$:  190-block 13
branch 27 never executed
branch 28 never executed
    $$$$$:  190-block 14
call   29 never executed
    $$$$$:  190-block 15
    $$$$$:  190-block 16
branch 30 never executed
branch 31 never executed
    $$$$$:  190-block 17
call   32 never executed
    $$$$$:  190-block 18
    $$$$$:  190-block 19
branch 33 never executed
branch 34 never executed
    $$$$$:  190-block 20
call   35 never executed
    $$$$$:  190-block 21
    $$$$$:  190-block 22
branch 36 never executed
branch 37 never executed
    $$$$$:  190-block 23
call   38 never executed
    $$$$$:  190-block 24
        9:  191:                    relations.notes.emplace(id, target.substr(target.find_last_of('/') + 1));
        9:  191-block  0
call    0 returned 9
call    1 returned 9
branch  2 taken 9 (fallthrough)
branch  3 taken 0 (throw)
        9:  191-block  1
call    4 returned 9
branch  5 taken 9 (fallthrough)
branch  6 taken 0 (throw)
        9:  191-block  2
call    7 returned 9
    $$$$$:  191-block  3
call    8 never executed
    $$$$$:  191-block  4
       49:  192:                } else if (ends_with(type, "drawing")) {
       49:  192-block  0
call    0 returned 49
call    1 returned 49
branch  2 taken 49 (fallthrough)
branch  3 taken 0 (throw)
       49:  192-block  1
call    4 returned 49
call    5 returned 49
branch  6 taken 49 (fallthrough)
branch  7 taken 0 (throw)
       49:  192-block  2
call    8 returned 49
branch  9 taken 49 (fallthrough)
branch 10 taken 0 (throw)
       49:  192-block  3
call   11 returned 49
call   12 returned 49
call   13 returned 49
call   14 returned 49
branch 15 taken 2 (fallthrough)
branch 16 taken 47
    $$$$$:  192-block  4
call   17 never executed
    $$$$$:  192-block  5
    $$$$$:  192-block  6
call   18 never executed
    $$$$$:  192-block  7
    $$$$$:  192-block  8
call   19 never executed
    $$$$$:  192-block  9
    $$$$$:  192-block 10
call   20 never executed
    $$$$$:  192-block 11
        2:  193:                    relations.drawing.emplace(id, target.substr(target.find_last_of('/') + 1));
        2:  193-block  0
call    0 returned 2
call    1 returned 2
branch  2 taken 2 (fallthrough)
branch  3 taken 0 (throw)
        2:  193-block  1
call    4 returned 2
branch  5 taken 2 (fallthrough)
branch  6 taken 0 (throw)
        2:  193-block  2
call    7 returned 2
    $$$$$:  193-block  3
call    8 never executed
    $$$$$:  193-block  4
        -:  194:                }
        -:  195:            }
      101:  196:            mainElement = mainElement->NextSiblingElement();
      101:  196-block  0
call    0 returned 101
        -:  197:        }
       26:  198:    }
       26:  198-block  0
        -:  199:
function _ZN9docxtotxt14DocumentLoader25parsePresentationSettingsEPN8tinyxml211XMLDocumentE called 2 returned 100% blocks executed 100%
        2:  200:    void DocumentLoader::parsePresentationSettings(XMLDocument *doc) {
        2:  201:        auto *element = doc->FirstChildElement()->FirstChildElement();
        2:  201-block  0
call    0 returned 2
call    1 returned 2
       15:  202:        while (element != nullptr) {
       15:  202-block  0
branch  0 taken 13 (fallthrough)
branch  1 taken 2
       13:  203:            if (!strcmp(element->Value(), "p:sldSz")) {
       13:  203-block  0
call    0 returned 13
branch  1 taken 2 (fallthrough)
branch  2 taken 11
        2:  204:                auto width = strtol(element->Attribute("cx"), nullptr, 10);
        2:  204-block  0
call    0 returned 2
call    1 returned 2
        2:  205:                auto height = strtol(element->Attribute("cy"), nullptr, 10);
call    0 returned 2
call    1 returned 2
        2:  206:                pptInfo.settings.slideWidth = width;
        2:  207:                pptInfo.settings.slideHeight = height;
        2:  208:                pptInfo.settings.widthCoefficient = width / PRESENTATION_WIDTH;
        2:  209:                pptInfo.settings.heightCoefficient = height / PRESENTATION_HEIGHT;
        -:  210:            }
       13:  211:            element = element->NextSiblingElement();
       13:  211-block  0
call    0 returned 13
        -:  212:        }
        2:  213:    }
        -:  214:
function _ZN9docxtotxt14DocumentLoader22parsePresentationSlideEPN8tinyxml211XMLDocumentE called 15 returned 100% blocks executed 71%
       15:  215:    void DocumentLoader::parsePresentationSlide(XMLDocument *doc) {
       15:  216:        auto *element = doc->RootElement()->FirstChildElement()->FirstChildElement();
       15:  216-block  0
call    0 returned 15
branch  1 taken 15 (fallthrough)
branch  2 taken 0 (throw)
       15:  216-block  1
call    3 returned 15
branch  4 taken 15 (fallthrough)
branch  5 taken 0 (throw)
       15:  216-block  2
call    6 returned 15
branch  7 taken 15 (fallthrough)
branch  8 taken 0 (throw)
       30:  217:        slideInfo slideInfo;
       15:  217-block  0
call    0 returned 15
       15:  217-block  1
call    1 returned 15
    $$$$$:  217-block  2
call    2 never executed
       59:  218:        while (element != nullptr) {
       59:  218-block  0
branch  0 taken 44 (fallthrough)
branch  1 taken 15
       44:  219:            if (!strcmp(element->Value(), "p:spTree")) {
       44:  219-block  0
call    0 returned 44
branch  1 taken 44 (fallthrough)
branch  2 taken 0 (throw)
       44:  219-block  1
branch  3 taken 15 (fallthrough)
branch  4 taken 29
       15:  220:                auto nodeElem = element->FirstChildElement();
       15:  220-block  0
call    0 returned 15
branch  1 taken 15 (fallthrough)
branch  2 taken 0 (throw)
       15:  220-block  1
      134:  221:                while (nodeElem != nullptr) {
      134:  221-block  0
branch  0 taken 119 (fallthrough)
branch  1 taken 15
      119:  222:                    if (!strcmp(nodeElem->Value(), "p:sp")) {
      119:  222-block  0
call    0 returned 119
branch  1 taken 119 (fallthrough)
branch  2 taken 0 (throw)
      119:  222-block  1
branch  3 taken 66 (fallthrough)
branch  4 taken 53
      132:  223:                        presentationText object;
       66:  223-block  0
call    0 returned 66
       66:  223-block  1
call    1 returned 66
    $$$$$:  223-block  2
call    2 never executed
       66:  224:                        parseSlideText(nodeElem, object);
call    0 returned 66
branch  1 taken 66 (fallthrough)
branch  2 taken 0 (throw)
       66:  225:                        slideInfo.objects.emplace_back(object);
       66:  225-block  0
call    0 returned 66
branch  1 taken 66 (fallthrough)
branch  2 taken 0 (throw)
       53:  226:                    } else if (!strcmp(nodeElem->Value(), "p:graphicFrame")) {
       53:  226-block  0
call    0 returned 53
branch  1 taken 53 (fallthrough)
branch  2 taken 0 (throw)
       53:  226-block  1
branch  3 taken 1 (fallthrough)
branch  4 taken 52
        2:  227:                        presentationTable object;
        1:  227-block  0
call    0 returned 1
        1:  227-block  1
call    1 returned 1
    $$$$$:  227-block  2
call    2 never executed
        1:  228:                        parseSlideTable(nodeElem, object);
call    0 returned 1
branch  1 taken 1 (fallthrough)
branch  2 taken 0 (throw)
        1:  229:                        slideInfo.tables.emplace_back(object);
        1:  229-block  0
call    0 returned 1
branch  1 taken 1 (fallthrough)
branch  2 taken 0 (throw)
       52:  230:                    } else if (!strcmp(nodeElem->Value(), "p:pic")) {
       52:  230-block  0
call    0 returned 52
branch  1 taken 52 (fallthrough)
branch  2 taken 0 (throw)
       52:  230-block  1
branch  3 taken 10 (fallthrough)
branch  4 taken 42
       30:  231:                        auto pic = extractPicture(nodeElem, "p");
       10:  231-block  0
call    0 returned 10
call    1 returned 10
branch  2 taken 10 (fallthrough)
branch  3 taken 0 (throw)
       10:  231-block  1
call    4 returned 10
branch  5 taken 10 (fallthrough)
branch  6 taken 0 (throw)
call    7 returned 10
       10:  231-block  2
call    8 returned 10
    $$$$$:  231-block  3
    $$$$$:  231-block  4
    $$$$$:  231-block  5
call    9 never executed
       10:  232:                        slideInfo.pictures.emplace_back(pic);
call    0 returned 10
branch  1 taken 10 (fallthrough)
branch  2 taken 0 (throw)
        -:  233:                    }
      119:  234:                    nodeElem = nodeElem->NextSiblingElement();
      119:  234-block  0
call    0 returned 119
branch  1 taken 119 (fallthrough)
branch  2 taken 0 (throw)
      119:  234-block  1
        -:  235:                }
        -:  236:            }
       44:  237:            element = element->NextSiblingElement();
       44:  237-block  0
call    0 returned 44
branch  1 taken 44 (fallthrough)
branch  2 taken 0 (throw)
       44:  237-block  1
        -:  238:        }
       15:  239:        pptInfo.slides.emplace_back(slideInfo);
       15:  239-block  0
call    0 returned 15
branch  1 taken 15 (fallthrough)
branch  2 taken 0 (throw)
       15:  240:    }
        -:  241:
function _ZN9docxtotxt14DocumentLoader14parseSlideNoteEPN8tinyxml211XMLDocumentE called 3 returned 100% blocks executed 82%
        3:  242:    void DocumentLoader::parseSlideNote(XMLDocument *doc) {
        3:  243:        auto *element = doc->RootElement()->FirstChildElement()->FirstChildElement();
        3:  243-block  0
call    0 returned 3
branch  1 taken 3 (fallthrough)
branch  2 taken 0 (throw)
        3:  243-block  1
call    3 returned 3
branch  4 taken 3 (fallthrough)
branch  5 taken 0 (throw)
        3:  243-block  2
call    6 returned 3
branch  7 taken 3 (fallthrough)
branch  8 taken 0 (throw)
        6:  244:        slideInfo slideInfo;
        3:  244-block  0
call    0 returned 3
        3:  244-block  1
call    1 returned 3
    $$$$$:  244-block  2
call    2 never executed
        9:  245:        while (element != nullptr) {
        9:  245-block  0
branch  0 taken 6 (fallthrough)
branch  1 taken 3
        6:  246:            if (!strcmp(element->Value(), "p:spTree")) {
        6:  246-block  0
call    0 returned 6
branch  1 taken 6 (fallthrough)
branch  2 taken 0 (throw)
        6:  246-block  1
branch  3 taken 3 (fallthrough)
branch  4 taken 3
        3:  247:                auto nodeElem = element->FirstChildElement();
        3:  247-block  0
call    0 returned 3
branch  1 taken 3 (fallthrough)
branch  2 taken 0 (throw)
        3:  247-block  1
       18:  248:                while (nodeElem != nullptr) {
       18:  248-block  0
branch  0 taken 15 (fallthrough)
branch  1 taken 3
       15:  249:                    if (!strcmp(nodeElem->Value(), "p:sp")) {
       15:  249-block  0
call    0 returned 15
branch  1 taken 15 (fallthrough)
branch  2 taken 0 (throw)
       15:  249-block  1
branch  3 taken 9 (fallthrough)
branch  4 taken 6
        9:  250:                        auto txBody = nodeElem->FirstChildElement("p:txBody");
        9:  250-block  0
call    0 returned 9
branch  1 taken 9 (fallthrough)
branch  2 taken 0 (throw)
        9:  251:                        if (txBody != nullptr) {
        9:  251-block  0
branch  0 taken 6 (fallthrough)
branch  1 taken 3
        6:  252:                            auto tmp = extractTextBody(txBody);
        6:  252-block  0
call    0 returned 6
branch  1 taken 6 (fallthrough)
branch  2 taken 0 (throw)
    $$$$$:  252-block  1
call    3 never executed
        6:  253:                            pptInfo.notes.back().text.insert(pptInfo.notes.back().text.end(), tmp.begin(), tmp.end());
        6:  253-block  0
call    0 returned 6
call    1 returned 6
call    2 returned 6
call    3 returned 6
call    4 returned 6
call    5 returned 6
call    6 returned 6
branch  7 taken 6 (fallthrough)
branch  8 taken 0 (throw)
        6:  253-block  1
call    9 returned 6
    $$$$$:  253-block  2
    $$$$$:  253-block  3
        -:  254:                        }
        -:  255:                    }
       15:  256:                    nodeElem = nodeElem->NextSiblingElement();
       15:  256-block  0
call    0 returned 15
branch  1 taken 15 (fallthrough)
branch  2 taken 0 (throw)
       15:  256-block  1
        -:  257:                }
        -:  258:            }
        6:  259:            element = element->NextSiblingElement();
        6:  259-block  0
call    0 returned 6
branch  1 taken 6 (fallthrough)
branch  2 taken 0 (throw)
        6:  259-block  1
        -:  260:        }
        3:  261:    }
        -:  262:
function _ZN9docxtotxt14DocumentLoader15parseSlideTableEPN8tinyxml210XMLElementERNS_17presentationTableE called 1 returned 100% blocks executed 81%
        1:  263:    void DocumentLoader::parseSlideTable(XMLElement *element, presentationTable &object) {
        1:  264:        auto xfrm = element->FirstChildElement("p:xfrm");
        1:  264-block  0
call    0 returned 1
        1:  265:        auto graphic = element->FirstChildElement("a:graphic");
call    0 returned 1
        1:  266:        object.objectInfo = extractObjectInfo(xfrm);
call    0 returned 1
        1:  267:        if (graphic != nullptr) {
branch  0 taken 1 (fallthrough)
branch  1 taken 0
        1:  268:            auto graphicData = graphic->FirstChildElement("a:graphicData");
        1:  268-block  0
call    0 returned 1
        1:  269:            if (graphicData != nullptr) {
branch  0 taken 1 (fallthrough)
branch  1 taken 0
        2:  270:                string uri = graphicData->Attribute("uri");
        1:  270-block  0
call    0 returned 1
call    1 returned 1
branch  2 taken 1 (fallthrough)
branch  3 taken 0 (throw)
        1:  270-block  1
call    4 returned 1
branch  5 taken 1 (fallthrough)
branch  6 taken 0 (throw)
        1:  270-block  2
call    7 returned 1
    $$$$$:  270-block  3
    $$$$$:  270-block  4
call    8 never executed
        1:  271:                if (std::equal(uri.begin(), uri.end(), PPT_TABLE_URI)) {
call    0 returned 1
call    1 returned 1
call    2 returned 1
branch  3 taken 1 (fallthrough)
branch  4 taken 0 (throw)
        1:  271-block  0
branch  5 taken 1 (fallthrough)
branch  6 taken 0
        1:  272:                    auto tbl = graphicData->FirstChildElement("a:tbl");
        1:  272-block  0
call    0 returned 1
branch  1 taken 1 (fallthrough)
branch  2 taken 0 (throw)
        1:  273:                    if (tbl != nullptr) {
        1:  273-block  0
branch  0 taken 1 (fallthrough)
branch  1 taken 0
        1:  274:                        auto tblGrid = tbl->FirstChildElement("a:tblGrid");
        1:  274-block  0
call    0 returned 1
branch  1 taken 1 (fallthrough)
branch  2 taken 0 (throw)
        1:  275:                        auto tr = tbl->FirstChildElement("a:tr");
        1:  275-block  0
call    0 returned 1
branch  1 taken 1 (fallthrough)
branch  2 taken 0 (throw)
        1:  276:                        if (tblGrid != nullptr) {
        1:  276-block  0
branch  0 taken 1 (fallthrough)
branch  1 taken 0
        1:  277:                            auto gridCol = tblGrid->FirstChildElement("a:gridCol");
        1:  277-block  0
call    0 returned 1
branch  1 taken 1 (fallthrough)
branch  2 taken 0 (throw)
        1:  277-block  1
        4:  278:                            while (gridCol != nullptr) {
        4:  278-block  0
branch  0 taken 3 (fallthrough)
branch  1 taken 1
        3:  279:                                if (gridCol->Attribute("w") != nullptr) {
        3:  279-block  0
call    0 returned 3
branch  1 taken 3 (fallthrough)
branch  2 taken 0 (throw)
        3:  279-block  1
branch  3 taken 3 (fallthrough)
branch  4 taken 0
        6:  280:                                    object.gridColSize.emplace_back(
        6:  281:                                            strtol(gridCol->Attribute("w"), nullptr, 10) /
        3:  281-block  0
call    0 returned 3
branch  1 taken 3 (fallthrough)
branch  2 taken 0 (throw)
        3:  281-block  1
call    3 returned 3
        3:  281-block  2
    $$$$$:  281-block  3
        3:  282:                                            pptInfo.settings.widthCoefficient);
call    0 returned 3
branch  1 taken 3 (fallthrough)
branch  2 taken 0 (throw)
        -:  283:                                }
        3:  284:                                gridCol = gridCol->NextSiblingElement("a:gridCol");
        3:  284-block  0
call    0 returned 3
branch  1 taken 3 (fallthrough)
branch  2 taken 0 (throw)
        3:  284-block  1
        -:  285:                            }
        -:  286:                        }
        9:  287:                        while (tr != nullptr) {
        9:  287-block  0
branch  0 taken 8 (fallthrough)
branch  1 taken 1
       16:  288:                            std::vector<std::vector<textBody>> tmpLine;
        8:  288-block  0
call    0 returned 8
        8:  288-block  1
call    1 returned 8
    $$$$$:  288-block  2
call    2 never executed
        8:  289:                            auto tc = tr->FirstChildElement("a:tc");
call    0 returned 8
branch  1 taken 8 (fallthrough)
branch  2 taken 0 (throw)
        8:  289-block  0
       32:  290:                            while (tc != nullptr) {
       32:  290-block  0
branch  0 taken 24 (fallthrough)
branch  1 taken 8
       24:  291:                                auto txBody = tc->FirstChildElement("a:txBody");
       24:  291-block  0
call    0 returned 24
branch  1 taken 24 (fallthrough)
branch  2 taken 0 (throw)
       24:  292:                                if (txBody != nullptr)
       24:  292-block  0
branch  0 taken 24 (fallthrough)
branch  1 taken 0
       24:  293:                                    tmpLine.emplace_back(extractTextBody(txBody));
       24:  293-block  0
call    0 returned 24
branch  1 taken 24 (fallthrough)
branch  2 taken 0 (throw)
       24:  293-block  1
call    3 returned 24
branch  4 taken 24 (fallthrough)
branch  5 taken 0 (throw)
       24:  293-block  2
call    6 returned 24
    $$$$$:  293-block  3
call    7 never executed
    $$$$$:  293-block  4
       24:  294:                                tc = tc->NextSiblingElement("a:tc");
       24:  294-block  0
call    0 returned 24
branch  1 taken 24 (fallthrough)
branch  2 taken 0 (throw)
       24:  294-block  1
        -:  295:                            }
        8:  296:                            tr = tr->NextSiblingElement("a:tr");
        8:  296-block  0
call    0 returned 8
branch  1 taken 8 (fallthrough)
branch  2 taken 0 (throw)
        8:  297:                            object.table.emplace_back(tmpLine);
        8:  297-block  0
call    0 returned 8
branch  1 taken 8 (fallthrough)
branch  2 taken 0 (throw)
        -:  298:                        }
        -:  299:                    }
        -:  300:                }
        -:  301:            }
        -:  302:        }
        1:  303:    }
        1:  303-block  0
        -:  304:
function _ZN9docxtotxt14DocumentLoader14parseSlideTextEPN8tinyxml210XMLElementERNS_16presentationTextE called 66 returned 100% blocks executed 100%
       66:  305:    void DocumentLoader::parseSlideText(XMLElement *element, presentationText &object) {
       66:  306:        auto spPr = element->FirstChildElement("p:spPr");
       66:  306-block  0
call    0 returned 66
       66:  307:        auto txBody = element->FirstChildElement("p:txBody");
call    0 returned 66
       66:  308:        if (spPr != nullptr) {
branch  0 taken 66 (fallthrough)
branch  1 taken 0
       66:  309:            auto xfrm = spPr->FirstChildElement("a:xfrm");
       66:  309-block  0
call    0 returned 66
       66:  310:            object.objectInfo = extractObjectInfo(xfrm);
call    0 returned 66
        -:  311:        }
       66:  312:        if (txBody != nullptr) {
       66:  312-block  0
branch  0 taken 66 (fallthrough)
branch  1 taken 0
       66:  313:            object.paragraph = extractTextBody(txBody);
       66:  313-block  0
call    0 returned 66
call    1 returned 66
call    2 returned 66
        -:  314:        }
       66:  315:    }
        -:  316:
function _ZN9docxtotxt14DocumentLoader15extractTextBodyEPN8tinyxml210XMLElementE called 96 returned 100% blocks executed 75%
       96:  317:    std::vector<textBody> DocumentLoader::extractTextBody(XMLElement *txBody) {
       96:  318:        auto par = txBody->FirstChildElement("a:p");
       96:  318-block  0
call    0 returned 96
       96:  319:        std::vector<textBody> paragraph;
call    0 returned 96
      209:  320:        while (par != nullptr) {
      209:  320-block  0
branch  0 taken 113 (fallthrough)
branch  1 taken 96
      113:  321:            textBody body;
      113:  321-block  0
call    0 returned 113
    $$$$$:  321-block  1
call    1 never executed
      113:  322:            body.align = l;
      113:  323:            auto ppr = par->FirstChildElement("a:pPr");
call    0 returned 113
branch  1 taken 113 (fallthrough)
branch  2 taken 0 (throw)
      113:  324:            auto ar = par->FirstChildElement("a:r");
      113:  324-block  0
call    0 returned 113
branch  1 taken 113 (fallthrough)
branch  2 taken 0 (throw)
      113:  324-block  1
      235:  325:            while (ar != nullptr) {
      235:  325-block  0
branch  0 taken 122 (fallthrough)
branch  1 taken 113
      122:  326:                auto at = ar->FirstChildElement("a:t");
      122:  326-block  0
call    0 returned 122
branch  1 taken 122 (fallthrough)
branch  2 taken 0 (throw)
      122:  327:                if (at != nullptr && at->GetText() != nullptr) {
      122:  327-block  0
branch  0 taken 122 (fallthrough)
branch  1 taken 0
      122:  327-block  1
call    2 returned 122
branch  3 taken 122 (fallthrough)
branch  4 taken 0 (throw)
      122:  327-block  2
branch  5 taken 121 (fallthrough)
branch  6 taken 1
      121:  327-block  3
        1:  327-block  4
      122:  327-block  5
branch  7 taken 121 (fallthrough)
branch  8 taken 1
      121:  328:                    body.text += writer.convertString(at->GetText());
      121:  328-block  0
call    0 returned 121
call    1 returned 121
branch  2 taken 121 (fallthrough)
branch  3 taken 0 (throw)
      121:  328-block  1
call    4 returned 121
branch  5 taken 121 (fallthrough)
branch  6 taken 0 (throw)
      121:  328-block  2
call    7 returned 121
branch  8 taken 121 (fallthrough)
branch  9 taken 0 (throw)
      121:  328-block  3
call   10 returned 121
branch 11 taken 121 (fallthrough)
branch 12 taken 0 (throw)
      121:  328-block  4
call   13 returned 121
call   14 returned 121
call   15 returned 121
    $$$$$:  328-block  5
call   16 never executed
    $$$$$:  328-block  6
    $$$$$:  328-block  7
call   17 never executed
    $$$$$:  328-block  8
    $$$$$:  328-block  9
call   18 never executed
    $$$$$:  328-block 10
        -:  329:                }
      122:  330:                ar = ar->NextSiblingElement("a:r");
      122:  330-block  0
call    0 returned 122
branch  1 taken 122 (fallthrough)
branch  2 taken 0 (throw)
      122:  330-block  1
        -:  331:            }
      113:  332:            if (ppr != nullptr) {
      113:  332-block  0
branch  0 taken 64 (fallthrough)
branch  1 taken 49
       64:  333:                auto algn = ppr->Attribute("algn");
       64:  333-block  0
call    0 returned 64
branch  1 taken 64 (fallthrough)
branch  2 taken 0 (throw)
       64:  334:                if (algn != nullptr) {
       64:  334-block  0
branch  0 taken 52 (fallthrough)
branch  1 taken 12
       52:  335:                    if (!strcmp(algn, "r"))
       52:  335-block  0
branch  0 taken 4 (fallthrough)
branch  1 taken 48
        4:  336:                        body.align = r;
        4:  336-block  0
       48:  337:                    else if (!strcmp(algn, "ctr"))
       48:  337-block  0
branch  0 taken 43 (fallthrough)
branch  1 taken 5
       43:  338:                        body.align = ctr;
       43:  338-block  0
        -:  339:                }
       64:  340:                auto lvl = ppr->Attribute("lvl");
       64:  340-block  0
call    0 returned 64
branch  1 taken 64 (fallthrough)
branch  2 taken 0 (throw)
       64:  341:                auto buChar = ppr->FirstChildElement("a:buChar");
       64:  341-block  0
call    0 returned 64
branch  1 taken 64 (fallthrough)
branch  2 taken 0 (throw)
       64:  342:                if (buChar != nullptr) {
       64:  342-block  0
branch  0 taken 64 (fallthrough)
branch  1 taken 0
        -:  343://                    auto char_ = buChar->Attribute("char");
        -:  344://                    if (char_ != nullptr && !body.text.empty()) {
        -:  345://                        body.text = std::wstring(1, ' ').append(L"•").append(body.text);
        -:  346://                    }
       64:  347:                } else if (lvl != nullptr) {
       64:  347-block  0
branch  0 taken 28 (fallthrough)
branch  1 taken 36
       28:  348:                    auto sizeLvl = strtol(lvl, nullptr, 10);
       28:  348-block  0
call    0 returned 28
       28:  349:                    if (!body.text.empty())
call    0 returned 28
branch  1 taken 5 (fallthrough)
branch  2 taken 23
        5:  350:                        body.text = std::wstring(sizeLvl, ' ').append(L"•").append(body.text);
        5:  350-block  0
call    0 returned 5
call    1 returned 5
branch  2 taken 5 (fallthrough)
branch  3 taken 0 (throw)
        5:  350-block  1
call    4 returned 5
branch  5 taken 5 (fallthrough)
branch  6 taken 0 (throw)
        5:  350-block  2
call    7 returned 5
branch  8 taken 5 (fallthrough)
branch  9 taken 0 (throw)
        5:  350-block  3
call   10 returned 5
branch 11 taken 5 (fallthrough)
branch 12 taken 0 (throw)
        5:  350-block  4
call   13 returned 5
call   14 returned 5
    $$$$$:  350-block  5
call   15 never executed
    $$$$$:  350-block  6
    $$$$$:  350-block  7
call   16 never executed
    $$$$$:  350-block  8
        -:  351:                }
        -:  352:            }
      113:  353:            if (!body.text.empty())
      113:  353-block  0
call    0 returned 113
branch  1 taken 75 (fallthrough)
branch  2 taken 38
       75:  354:                paragraph.emplace_back(body);
       75:  354-block  0
call    0 returned 75
branch  1 taken 75 (fallthrough)
branch  2 taken 0 (throw)
      113:  355:            par = par->NextSiblingElement("a:p");
      113:  355-block  0
call    0 returned 113
branch  1 taken 113 (fallthrough)
branch  2 taken 0 (throw)
      113:  355-block  1
call    3 returned 113
        -:  356:        }
       96:  357:        return paragraph;
       96:  357-block  0
       96:  357-block  1
        -:  358:    }
        -:  359:
function _ZN9docxtotxt14DocumentLoader18parseSharedStringsEPN8tinyxml211XMLDocumentE called 2 returned 100% blocks executed 78%
        2:  360:    void DocumentLoader::parseSharedStrings(XMLDocument *doc) {
        2:  361:        auto *element = doc->FirstChildElement()->FirstChildElement();
        2:  361-block  0
call    0 returned 2
call    1 returned 2
      604:  362:        while (element != nullptr) {
      604:  362-block  0
branch  0 taken 602 (fallthrough)
branch  1 taken 2
      602:  363:            if (!strcmp(element->Value(), "si")) {
      602:  363-block  0
call    0 returned 602
branch  1 taken 602 (fallthrough)
branch  2 taken 0
      602:  364:                auto si = element->FirstChildElement();
      602:  364-block  0
call    0 returned 602
     1202:  365:                while (si != nullptr) {
     1202:  365-block  0
branch  0 taken 602 (fallthrough)
branch  1 taken 600
      602:  366:                    if (!strcmp(si->Value(), "r")) { // pivotCacheRecords, convert all 'r' to one 't'
      602:  366-block  0
call    0 returned 602
branch  1 taken 2 (fallthrough)
branch  2 taken 600
        4:  367:                        string tmpStr;
        2:  367-block  0
call    0 returned 2
        2:  367-block  1
call    1 returned 2
    $$$$$:  367-block  2
call    2 never executed
        2:  368:                        auto r = element->FirstChildElement();
call    0 returned 2
branch  1 taken 2 (fallthrough)
branch  2 taken 0 (throw)
        2:  368-block  0
       36:  369:                        while (r != nullptr) {
       36:  369-block  0
branch  0 taken 34 (fallthrough)
branch  1 taken 2
       34:  370:                            auto t = r->FirstChildElement("t");
       34:  370-block  0
call    0 returned 34
branch  1 taken 34 (fallthrough)
branch  2 taken 0 (throw)
       34:  371:                            if (t != nullptr && t->GetText() != nullptr) {
       34:  371-block  0
branch  0 taken 34 (fallthrough)
branch  1 taken 0
       34:  371-block  1
call    2 returned 34
branch  3 taken 34 (fallthrough)
branch  4 taken 0 (throw)
       34:  371-block  2
branch  5 taken 31 (fallthrough)
branch  6 taken 3
       31:  371-block  3
        3:  371-block  4
       34:  371-block  5
branch  7 taken 31 (fallthrough)
branch  8 taken 3
       31:  372:                                tmpStr += t->GetText();
       31:  372-block  0
call    0 returned 31
branch  1 taken 31 (fallthrough)
branch  2 taken 0 (throw)
       31:  372-block  1
call    3 returned 31
branch  4 taken 31 (fallthrough)
branch  5 taken 0 (throw)
        -:  373:                            }
       34:  374:                            r = r->NextSiblingElement();
       34:  374-block  0
call    0 returned 34
branch  1 taken 34 (fallthrough)
branch  2 taken 0 (throw)
       34:  374-block  1
        -:  375:                        }
        2:  376:                        xlsInfo.sharedStrings.emplace_back(writer.convertString(tmpStr));
        2:  376-block  0
call    0 returned 2
branch  1 taken 2 (fallthrough)
branch  2 taken 0 (throw)
        2:  376-block  1
call    3 returned 2
branch  4 taken 2 (fallthrough)
branch  5 taken 0 (throw)
        2:  376-block  2
call    6 returned 2
    $$$$$:  376-block  3
call    7 never executed
    $$$$$:  376-block  4
        2:  377:                        break;
      600:  378:                    } else if (!strcmp(si->Value(), "t")) {
      600:  378-block  0
call    0 returned 600
branch  1 taken 600 (fallthrough)
branch  2 taken 0
      600:  379:                        auto t = si->GetText();
      600:  379-block  0
call    0 returned 600
      600:  380:                        if (t != nullptr)
branch  0 taken 599 (fallthrough)
branch  1 taken 1
      599:  381:                            xlsInfo.sharedStrings.emplace_back(writer.convertString(t));
      599:  381-block  0
call    0 returned 599
call    1 returned 599
branch  2 taken 599 (fallthrough)
branch  3 taken 0 (throw)
      599:  381-block  1
call    4 returned 599
branch  5 taken 599 (fallthrough)
branch  6 taken 0 (throw)
      599:  381-block  2
call    7 returned 599
branch  8 taken 599 (fallthrough)
branch  9 taken 0 (throw)
      599:  381-block  3
call   10 returned 599
call   11 returned 599
call   12 returned 599
    $$$$$:  381-block  4
call   13 never executed
    $$$$$:  381-block  5
    $$$$$:  381-block  6
call   14 never executed
    $$$$$:  381-block  7
    $$$$$:  381-block  8
call   15 never executed
        -:  382:                        else
        1:  383:                            xlsInfo.sharedStrings.emplace_back(L" ");
        1:  383-block  0
call    0 returned 1
        -:  384:                    }
      600:  385:                    si = si->NextSiblingElement();
      600:  385-block  0
call    0 returned 600
        -:  386:                }
        -:  387:            }
      602:  388:            element = element->NextSiblingElement();
      602:  388-block  0
call    0 returned 602
        -:  389:        }
        2:  390:    }
        2:  390-block  0
        -:  391:
function _ZN9docxtotxt14DocumentLoader13parseWorkbookEPN8tinyxml211XMLDocumentE called 2 returned 100% blocks executed 72%
        2:  392:    void DocumentLoader::parseWorkbook(XMLDocument *doc) {
        2:  393:        auto element = doc->RootElement()->FirstChildElement("sheets")->FirstChildElement();
        2:  393-block  0
call    0 returned 2
call    1 returned 2
call    2 returned 2
        8:  394:        while (element != nullptr) {
        8:  394-block  0
branch  0 taken 6 (fallthrough)
branch  1 taken 2
        6:  395:            sheet resultSheet;
        6:  395-block  0
call    0 returned 6
    $$$$$:  395-block  1
call    1 never executed
        6:  396:            resultSheet.sheetName = L"";
call    0 returned 6
branch  1 taken 6 (fallthrough)
branch  2 taken 0 (throw)
        6:  397:            resultSheet.state = L"";
        6:  397-block  0
call    0 returned 6
branch  1 taken 6 (fallthrough)
branch  2 taken 0 (throw)
        6:  398:            if (!strcmp(element->Value(), "sheet")) {
        6:  398-block  0
call    0 returned 6
branch  1 taken 6 (fallthrough)
branch  2 taken 0 (throw)
        6:  398-block  1
branch  3 taken 6 (fallthrough)
branch  4 taken 0
        6:  399:                auto sheetName = element->Attribute("name");
        6:  399-block  0
call    0 returned 6
branch  1 taken 6 (fallthrough)
branch  2 taken 0 (throw)
        6:  400:                if (sheetName != nullptr)
        6:  400-block  0
branch  0 taken 6 (fallthrough)
branch  1 taken 0
        6:  401:                    resultSheet.sheetName = writer.convertString(sheetName);
        6:  401-block  0
call    0 returned 6
call    1 returned 6
branch  2 taken 6 (fallthrough)
branch  3 taken 0 (throw)
        6:  401-block  1
call    4 returned 6
branch  5 taken 6 (fallthrough)
branch  6 taken 0 (throw)
        6:  401-block  2
call    7 returned 6
call    8 returned 6
call    9 returned 6
call   10 returned 6
    $$$$$:  401-block  3
call   11 never executed
    $$$$$:  401-block  4
    $$$$$:  401-block  5
call   12 never executed
    $$$$$:  401-block  6
        6:  402:                auto state = element->Attribute("state");
        6:  402-block  0
call    0 returned 6
branch  1 taken 6 (fallthrough)
branch  2 taken 0 (throw)
        6:  403:                if (state != nullptr)
        6:  403-block  0
branch  0 taken 2 (fallthrough)
branch  1 taken 4
        2:  404:                    resultSheet.state = writer.convertString(state);
        2:  404-block  0
call    0 returned 2
call    1 returned 2
branch  2 taken 2 (fallthrough)
branch  3 taken 0 (throw)
        2:  404-block  1
call    4 returned 2
branch  5 taken 2 (fallthrough)
branch  6 taken 0 (throw)
        2:  404-block  2
call    7 returned 2
call    8 returned 2
call    9 returned 2
call   10 returned 2
    $$$$$:  404-block  3
call   11 never executed
    $$$$$:  404-block  4
    $$$$$:  404-block  5
call   12 never executed
    $$$$$:  404-block  6
        6:  405:                xlsInfo.worksheets.emplace_back(resultSheet);
        6:  405-block  0
call    0 returned 6
branch  1 taken 6 (fallthrough)
branch  2 taken 0 (throw)
        -:  406:            }
        6:  407:            element = element->NextSiblingElement();
        6:  407-block  0
call    0 returned 6
branch  1 taken 6 (fallthrough)
branch  2 taken 0 (throw)
        6:  407-block  1
call    3 returned 6
        -:  408:        }
        2:  409:    }
        2:  409-block  0
        -:  410:
function _ZN9docxtotxt14DocumentLoader9parseDrawEPN8tinyxml211XMLDocumentE called 2 returned 100% blocks executed 62%
        2:  411:    void DocumentLoader::parseDraw(XMLDocument *doc) {
        2:  412:        auto element = doc->RootElement()->FirstChildElement()->FirstChildElement("xdr:pic");
        2:  412-block  0
call    0 returned 2
branch  1 taken 2 (fallthrough)
branch  2 taken 0 (throw)
        2:  412-block  1
call    3 returned 2
branch  4 taken 2 (fallthrough)
branch  5 taken 0 (throw)
        2:  412-block  2
call    6 returned 2
branch  7 taken 2 (fallthrough)
branch  8 taken 0 (throw)
        6:  413:        auto pic = extractPicture(element, "xdr");
        2:  413-block  0
call    0 returned 2
call    1 returned 2
branch  2 taken 2 (fallthrough)
branch  3 taken 0 (throw)
        2:  413-block  1
call    4 returned 2
branch  5 taken 2 (fallthrough)
branch  6 taken 0 (throw)
call    7 returned 2
        2:  413-block  2
call    8 returned 2
    $$$$$:  413-block  3
    $$$$$:  413-block  4
    $$$$$:  413-block  5
call    9 never executed
        2:  414:        xlsInfo.draws.back().pic = pic;
call    0 returned 2
call    1 returned 2
branch  2 taken 2 (fallthrough)
branch  3 taken 0 (throw)
        2:  415:    }
        -:  416:
function _ZN9docxtotxt14DocumentLoader14parseWorksheetEPN8tinyxml211XMLDocumentE called 6 returned 100% blocks executed 83%
        6:  417:    void DocumentLoader::parseWorksheet(XMLDocument *doc) {
        6:  418:        auto *element = doc->FirstChildElement()->FirstChildElement();
        6:  418-block  0
call    0 returned 6
branch  1 taken 6 (fallthrough)
branch  2 taken 0 (throw)
        6:  418-block  1
call    3 returned 6
branch  4 taken 6 (fallthrough)
branch  5 taken 0 (throw)
       12:  419:        sheet resultSheet;
        6:  419-block  0
call    0 returned 6
        6:  419-block  1
call    1 returned 6
    $$$$$:  419-block  2
call    2 never executed
       61:  420:        while (element != nullptr) {
       61:  420-block  0
branch  0 taken 55 (fallthrough)
branch  1 taken 6
       55:  421:            if (!strcmp(element->Value(), "sheetViews")) {
       55:  421-block  0
call    0 returned 55
branch  1 taken 55 (fallthrough)
branch  2 taken 0 (throw)
       55:  421-block  1
branch  3 taken 49 (fallthrough)
branch  4 taken 6
       49:  422:            } else if (!strcmp(element->Value(), "sheetPr") && element->Attribute("codeName") != nullptr) {
       49:  422-block  0
call    0 returned 49
branch  1 taken 49 (fallthrough)
branch  2 taken 0 (throw)
       49:  422-block  1
branch  3 taken 5 (fallthrough)
branch  4 taken 44
        5:  422-block  2
call    5 returned 5
branch  6 taken 5 (fallthrough)
branch  7 taken 0 (throw)
        5:  422-block  3
branch  8 taken 4 (fallthrough)
branch  9 taken 1
        4:  422-block  4
       45:  422-block  5
       49:  422-block  6
branch 10 taken 4 (fallthrough)
branch 11 taken 45
        4:  423:                resultSheet.sheetName = writer.convertString(element->Attribute("codeName"));
        4:  423-block  0
call    0 returned 4
call    1 returned 4
branch  2 taken 4 (fallthrough)
branch  3 taken 0 (throw)
        4:  423-block  1
call    4 returned 4
branch  5 taken 4 (fallthrough)
branch  6 taken 0 (throw)
        4:  423-block  2
call    7 returned 4
branch  8 taken 4 (fallthrough)
branch  9 taken 0 (throw)
        4:  423-block  3
call   10 returned 4
call   11 returned 4
call   12 returned 4
call   13 returned 4
    $$$$$:  423-block  4
call   14 never executed
    $$$$$:  423-block  5
    $$$$$:  423-block  6
call   15 never executed
    $$$$$:  423-block  7
       45:  424:            } else if (!strcmp(element->Value(), "cols")) {
       45:  424-block  0
call    0 returned 45
branch  1 taken 45 (fallthrough)
branch  2 taken 0 (throw)
       45:  424-block  1
branch  3 taken 6 (fallthrough)
branch  4 taken 39
        6:  425:                auto col = element->FirstChildElement();
        6:  425-block  0
[...]
        -:  916:        }
        -:  917:
        9:  918:        line = 0;
        9:  919:        size_t tableWidth = std::accumulate(settings.grid[line].begin(), settings.grid[line].end(), 0,
        9:  919-block  0
call    0 returned 9
call    1 returned 9
call    2 returned 9
call    3 returned 9
call    4 returned 9
function _ZZN9docxtotxt14DocumentLoader10parseTableEPN8tinyxml210XMLElementERNS_9paragraphEbENKUlmRKNS_4cellEE_clEmS8_ called 31 returned 100% blocks executed 100%
       31:  920:                                            [](size_t tableWidth, const cell &tmpCell) {
       31:  921:                                                return tableWidth + tmpCell.width;
       31:  921-block  0
        9:  922:                                            });
        9:  923:        size_t minColumn = settings.columnAmount;
       63:  924:        for (auto &i: settings.grid) {
call    0 returned 9
call    1 returned 9
       63:  924-block  0
call    2 returned 63
branch  3 taken 54 (fallthrough)
branch  4 taken 9
       54:  924-block  1
call    5 returned 54
       54:  925:            minColumn = min(minColumn, i.size());
call    0 returned 54
call    1 returned 54
call    2 returned 54
        -:  926:        }
        9:  927:        auto tableSize = tableWidth;
        9:  928:        tableSize += (minColumn + 1); //column size + amount of columns
        9:  929:        auto mediumLine = tableSize - 2;
        9:  930:        if (raw) {
        9:  930-block  0
branch  0 taken 6 (fallthrough)
branch  1 taken 3
       12:  931:            std::vector<size_t> columnSize(settings.columnAmount, 0);
        6:  931-block  0
call    0 returned 6
call    1 returned 6
branch  2 taken 6 (fallthrough)
branch  3 taken 0 (throw)
        6:  931-block  1
call    4 returned 6
        6:  931-block  2
call    5 returned 6
    $$$$$:  931-block  3
    $$$$$:  931-block  4
    $$$$$:  931-block  5
call    6 never executed
       45:  932:            for (auto &row: settings.grid) {
call    0 returned 6
call    1 returned 6
       45:  932-block  0
call    2 returned 45
branch  3 taken 39 (fallthrough)
branch  4 taken 6
       39:  932-block  1
call    5 returned 39
       39:  932-block  2
call    6 returned 39
      288:  933:                for (int cell = 0; cell < row.size(); cell++) {
      288:  933-block  0
call    0 returned 288
branch  1 taken 249 (fallthrough)
branch  2 taken 39
      249:  934:                    columnSize[cell] = std::max(columnSize[cell], row[cell].text.size());
      249:  934-block  0
call    0 returned 249
call    1 returned 249
call    2 returned 249
call    3 returned 249
call    4 returned 249
        -:  935:                }
        -:  936:            }
       45:  937:            for (auto &row: settings.grid) {
        6:  937-block  0
call    0 returned 6
call    1 returned 6
       45:  937-block  1
call    2 returned 45
branch  3 taken 39 (fallthrough)
branch  4 taken 6
       39:  937-block  2
call    5 returned 39
       39:  937-block  3
call    6 returned 39
       39:  938:                par.body.emplace_back();
call    0 returned 39
branch  1 taken 39 (fallthrough)
branch  2 taken 0 (throw)
      288:  939:                for (int cell = 0; cell < row.size(); cell++) {
       39:  939-block  0
      288:  939-block  1
call    0 returned 288
branch  1 taken 249 (fallthrough)
branch  2 taken 39
      249:  940:                    par.body.back().append(row[cell].text).append(
      249:  940-block  0
call    0 returned 249
call    1 returned 249
call    2 returned 249
branch  3 taken 249 (fallthrough)
branch  4 taken 0 (throw)
      249:  941:                            std::wstring(columnSize[cell] - row[cell].text.size() + 1, L' '));
      249:  941-block  0
call    0 returned 249
call    1 returned 249
call    2 returned 249
call    3 returned 249
call    4 returned 249
branch  5 taken 249 (fallthrough)
branch  6 taken 0 (throw)
      249:  941-block  1
call    7 returned 249
branch  8 taken 249 (fallthrough)
branch  9 taken 0 (throw)
      249:  941-block  2
call   10 returned 249
call   11 returned 249
    $$$$$:  941-block  3
call   12 never executed
    $$$$$:  941-block  4
    $$$$$:  941-block  5
call   13 never executed
    $$$$$:  941-block  6
        -:  942:                }
        -:  943:            }
        -:  944:        } else {
        3:  945:            par.body.emplace_back(std::wstring(1, L'+').append(mediumLine, L'—').append(1, L'+'));
        3:  945-block  0
call    0 returned 3
call    1 returned 3
branch  2 taken 3 (fallthrough)
branch  3 taken 0 (throw)
        3:  945-block  1
call    4 returned 3
branch  5 taken 3 (fallthrough)
branch  6 taken 0 (throw)
        3:  945-block  2
call    7 returned 3
branch  8 taken 3 (fallthrough)
branch  9 taken 0 (throw)
        3:  945-block  3
call   10 returned 3
branch 11 taken 3 (fallthrough)
branch 12 taken 0 (throw)
        3:  945-block  4
call   13 returned 3
call   14 returned 3
    $$$$$:  945-block  5
call   15 never executed
    $$$$$:  945-block  6
    $$$$$:  945-block  7
call   16 never executed
    $$$$$:  945-block  8
       22:  946:            while (line < settings.grid.size()) {
       22:  946-block  0
call    0 returned 22
branch  1 taken 19 (fallthrough)
branch  2 taken 3
       19:  946-block  1
       19:  947:                bool lineDone = true;
       19:  948:                currentColumn = 0;
       19:  949:                par.body.emplace_back(L"|");
       19:  949-block  0
call    0 returned 19
branch  1 taken 19 (fallthrough)
branch  2 taken 0 (throw)
      102:  950:                while (currentColumn < settings.grid[line].size()) {
      102:  950-block  0
call    0 returned 102
call    1 returned 102
branch  2 taken 83 (fallthrough)
branch  3 taken 19
       83:  951:                    auto charInCell = settings.grid[line][currentColumn].width;
       83:  951-block  0
call    0 returned 83
call    1 returned 83
       83:  952:                    if (!settings.grid[line][currentColumn].text.empty()) {
call    0 returned 83
call    1 returned 83
call    2 returned 83
branch  3 taken 65 (fallthrough)
branch  4 taken 18
      130:  953:                        auto text = settings.grid[line][currentColumn].text;
       65:  953-block  0
call    0 returned 65
call    1 returned 65
call    2 returned 65
branch  3 taken 65 (fallthrough)
branch  4 taken 0 (throw)
call    5 returned 65
    $$$$$:  953-block  1
call    6 never executed
      130:  954:                        std::wstring resultText;
       65:  954-block  0
call    0 returned 65
       65:  954-block  1
call    1 returned 65
    $$$$$:  954-block  2
call    2 never executed
       65:  955:                        auto indexLastElement = text.find_last_of(L' ', charInCell);
call    0 returned 65
       65:  956:                        if (charInCell < text.size()) {
call    0 returned 65
branch  1 taken 4 (fallthrough)
branch  2 taken 61
        4:  957:                            lineDone = false;
        4:  958:                            if (indexLastElement == string::npos) {
        4:  958-block  0
branch  0 taken 0 (fallthrough)
branch  1 taken 4
    #####:  959:                                resultText = text.substr(0, charInCell);
    %%%%%:  959-block  0
call    0 never executed
branch  1 never executed
branch  2 never executed
    %%%%%:  959-block  1
call    3 never executed
call    4 never executed
        -:  960:                            } else {
        4:  961:                                resultText = text.substr(0, indexLastElement);
        4:  961-block  0
call    0 returned 4
branch  1 taken 4 (fallthrough)
branch  2 taken 0 (throw)
        4:  961-block  1
call    3 returned 4
call    4 returned 4
        -:  962:                            }
        4:  963:                            par.body.back().append(resultText);
        4:  963-block  0
call    0 returned 4
call    1 returned 4
branch  2 taken 4 (fallthrough)
branch  3 taken 0 (throw)
        4:  964:                            par.body.back().append(indexLastElement == string::npos ? 0 : charInCell - indexLastElement,
        4:  964-block  0
call    0 returned 4
       4*:  965:                                                   L' ');
branch  0 taken 4 (fallthrough)
branch  1 taken 0
        4:  965-block  0
    %%%%%:  965-block  1
        4:  965-block  2
call    2 returned 4
branch  3 taken 4 (fallthrough)
branch  4 taken 0 (throw)
        -:  966:                        } else {
       61:  967:                            resultText = text;
       61:  967-block  0
call    0 returned 61
branch  1 taken 61 (fallthrough)
branch  2 taken 0 (throw)
       61:  968:                            par.body.back().append(resultText);
       61:  968-block  0
call    0 returned 61
call    1 returned 61
branch  2 taken 61 (fallthrough)
branch  3 taken 0 (throw)
       61:  969:                            par.body.back().append(charInCell - text.size(), L' ');
       61:  969-block  0
call    0 returned 61
call    1 returned 61
call    2 returned 61
branch  3 taken 61 (fallthrough)
branch  4 taken 0 (throw)
        -:  970:                        }
       65:  971:                        settings.grid[line][currentColumn].text.erase(0, resultText.size() + 1);
       65:  971-block  0
call    0 returned 65
call    1 returned 65
call    2 returned 65
call    3 returned 65
branch  4 taken 65 (fallthrough)
branch  5 taken 0 (throw)
       65:  972:                        par.body.back().append(1, L'|');
       65:  972-block  0
call    0 returned 65
call    1 returned 65
branch  2 taken 65 (fallthrough)
branch  3 taken 0 (throw)
        -:  973:                    } else {
      18*:  974:                        par.body.back().append(charInCell == 1 ? 0 : charInCell, L' ').append(1, L'|');
       18:  974-block  0
call    0 returned 18
branch  1 taken 18 (fallthrough)
branch  2 taken 0
       18:  974-block  1
    %%%%%:  974-block  2
       18:  974-block  3
call    3 returned 18
branch  4 taken 18 (fallthrough)
branch  5 taken 0 (throw)
       18:  974-block  4
call    6 returned 18
branch  7 taken 18 (fallthrough)
branch  8 taken 0 (throw)
        -:  975:                    }
       83:  976:                    currentColumn++;
       83:  976-block  0
        -:  977:                }
       19:  978:                if (lineDone) {
       19:  978-block  0
branch  0 taken 15 (fallthrough)
branch  1 taken 4
       15:  979:                    line++;
       15:  980:                    par.body.emplace_back(std::wstring(1, L'+').append(mediumLine, L'—').append(1, L'+'));
       15:  980-block  0
call    0 returned 15
call    1 returned 15
branch  2 taken 15 (fallthrough)
branch  3 taken 0 (throw)
       15:  980-block  1
call    4 returned 15
branch  5 taken 15 (fallthrough)
branch  6 taken 0 (throw)
       15:  980-block  2
call    7 returned 15
branch  8 taken 15 (fallthrough)
branch  9 taken 0 (throw)
       15:  980-block  3
call   10 returned 15
branch 11 taken 15 (fallthrough)
branch 12 taken 0 (throw)
       15:  980-block  4
call   13 returned 15
call   14 returned 15
    $$$$$:  980-block  5
call   15 never executed
    $$$$$:  980-block  6
    $$$$$:  980-block  7
call   16 never executed
    $$$$$:  980-block  8
        -:  981:                }
        -:  982:            }
        -:  983:        }
        9:  984:    }
        -:  985:
function _ZN9docxtotxt14DocumentLoader13addSdtContentEPN8tinyxml210XMLElementERSt6vectorINS_9paragraphESaIS5_EE called 4 returned 100% blocks executed 84%
        4:  986:    void DocumentLoader::addSdtContent(XMLElement *sdtContent, vector<paragraph> &body) {
        4:  987:        auto childElem = sdtContent->FirstChildElement();
        4:  987-block  0
call    0 returned 4
       28:  988:        while (childElem != nullptr) {
       28:  988-block  0
branch  0 taken 24 (fallthrough)
branch  1 taken 4
       24:  989:            if (!strcmp(childElem->Value(), "w:p")) {
       24:  989-block  0
call    0 returned 24
branch  1 taken 22 (fallthrough)
branch  2 taken 2
       44:  990:                paragraph par;
       22:  990-block  0
call    0 returned 22
       22:  990-block  1
call    1 returned 22
    $$$$$:  990-block  2
call    2 never executed
       22:  991:                par.type = paragraphType::par;
       22:  992:                parseParagraph(childElem, par);
call    0 returned 22
branch  1 taken 22 (fallthrough)
branch  2 taken 0 (throw)
       22:  993:                body.emplace_back(par);
       22:  993-block  0
call    0 returned 22
branch  1 taken 22 (fallthrough)
branch  2 taken 0 (throw)
        2:  994:            } else if (!strcmp(childElem->Value(), "w:tbl")) {
        2:  994-block  0
call    0 returned 2
branch  1 taken 1 (fallthrough)
branch  2 taken 1
        2:  995:                paragraph par;
        1:  995-block  0
call    0 returned 1
        1:  995-block  1
call    1 returned 1
    $$$$$:  995-block  2
call    2 never executed
        1:  996:                par.type = paragraphType::table;
        1:  997:                parseTable(childElem, par, true);
call    0 returned 1
branch  1 taken 1 (fallthrough)
branch  2 taken 0 (throw)
        1:  998:                body.emplace_back(par);
        1:  998-block  0
call    0 returned 1
branch  1 taken 1 (fallthrough)
branch  2 taken 0 (throw)
        1:  999:            } else if (!strcmp(childElem->Value(), "w:sdt")) {
        1:  999-block  0
call    0 returned 1
branch  1 taken 1 (fallthrough)
branch  2 taken 0
        1: 1000:                auto sdt = childElem->FirstChildElement("w:sdtContent");
        1: 1000-block  0
call    0 returned 1
        1: 1001:                if (sdt != nullptr) {
branch  0 taken 1 (fallthrough)
branch  1 taken 0
        1: 1002:                    addSdtContent(sdt, body);
        1: 1002-block  0
call    0 returned 1
        -: 1003:                }
        -: 1004:            }
       24: 1005:            childElem = childElem->NextSiblingElement();
       24: 1005-block  0
call    0 returned 24
        -: 1006:        }
        4: 1007:    }
        4: 1007-block  0
        -: 1008:
function _ZN9docxtotxt14DocumentLoader13parseDocNotesEPN8tinyxml211XMLDocumentE called 6 returned 100% blocks executed 80%
        6: 1009:    void DocumentLoader::parseDocNotes(XMLDocument *doc) {
        6: 1010:        note object;
        6: 1010-block  0
call    0 returned 6
    $$$$$: 1010-block  1
call    1 never executed
        6: 1011:        object.text = L"";
call    0 returned 6
branch  1 taken 6 (fallthrough)
branch  2 taken 0 (throw)
        6: 1012:        XMLElement *childElem = doc->FirstChildElement();
        6: 1012-block  0
call    0 returned 6
branch  1 taken 6 (fallthrough)
branch  2 taken 0 (throw)
        6: 1013:        if (childElem->FirstChildElement("w:footnote") != nullptr) {
        6: 1013-block  0
call    0 returned 6
branch  1 taken 6 (fallthrough)
branch  2 taken 0 (throw)
        6: 1013-block  1
branch  3 taken 3 (fallthrough)
branch  4 taken 3
        3: 1014:            childElem = childElem->FirstChildElement("w:footnote");
        3: 1014-block  0
call    0 returned 3
branch  1 taken 3 (fallthrough)
branch  2 taken 0 (throw)
        3: 1015:            object.type = footnote;
        3: 1015-block  0
        3: 1016:        } else if (childElem->FirstChildElement("w:endnote") != nullptr) {
        3: 1016-block  0
call    0 returned 3
branch  1 taken 3 (fallthrough)
branch  2 taken 0 (throw)
        3: 1016-block  1
branch  3 taken 3 (fallthrough)
branch  4 taken 0
        3: 1017:            childElem = childElem->FirstChildElement("w:endnote");
        3: 1017-block  0
call    0 returned 3
branch  1 taken 3 (fallthrough)
branch  2 taken 0 (throw)
        3: 1018:            object.type = endnote;
        3: 1018-block  0
        -: 1019:        } else
    #####: 1020:            return;
    %%%%%: 1020-block  0
       20: 1021:        while (childElem != nullptr) {
       20: 1021-block  0
branch  0 taken 14 (fallthrough)
branch  1 taken 6
       14: 1022:            auto id = childElem->Attribute("w:id");
       14: 1022-block  0
call    0 returned 14
branch  1 taken 14 (fallthrough)
branch  2 taken 0 (throw)
       14: 1023:            if (id != nullptr)
       14: 1023-block  0
branch  0 taken 14 (fallthrough)
branch  1 taken 0
       14: 1024:                object.id = strtol(id, nullptr, 10);
       14: 1024-block  0
call    0 returned 14
       14: 1025:            auto p = childElem->FirstChildElement("w:p");
       14: 1025-block  0
call    0 returned 14
branch  1 taken 14 (fallthrough)
branch  2 taken 0 (throw)
       14: 1025-block  1
       28: 1026:            while (p != nullptr) {
       28: 1026-block  0
branch  0 taken 14 (fallthrough)
branch  1 taken 14
       14: 1026-block  1
       14: 1027:                auto r = p->FirstChildElement("w:r");
       14: 1027-block  0
call    0 returned 14
branch  1 taken 14 (fallthrough)
branch  2 taken 0 (throw)
       14: 1027-block  1
       30: 1028:                while (r != nullptr) {
       30: 1028-block  0
branch  0 taken 16 (fallthrough)
branch  1 taken 14
       16: 1029:                    auto t = r->FirstChildElement("w:t");
       16: 1029-block  0
call    0 returned 16
branch  1 taken 16 (fallthrough)
branch  2 taken 0 (throw)
       16: 1030:                    if (t != nullptr && t->GetText() != nullptr) {
       16: 1030-block  0
branch  0 taken 2 (fallthrough)
branch  1 taken 14
        2: 1030-block  1
call    2 returned 2
branch  3 taken 2 (fallthrough)
branch  4 taken 0 (throw)
        2: 1030-block  2
branch  5 taken 2 (fallthrough)
branch  6 taken 0
        2: 1030-block  3
       14: 1030-block  4
       16: 1030-block  5
branch  7 taken 2 (fallthrough)
branch  8 taken 14
        2: 1031:                        object.text += writer.convertString(t->GetText());
        2: 1031-block  0
call    0 returned 2
call    1 returned 2
branch  2 taken 2 (fallthrough)
branch  3 taken 0 (throw)
        2: 1031-block  1
call    4 returned 2
branch  5 taken 2 (fallthrough)
branch  6 taken 0 (throw)
        2: 1031-block  2
call    7 returned 2
branch  8 taken 2 (fallthrough)
branch  9 taken 0 (throw)
        2: 1031-block  3
call   10 returned 2
branch 11 taken 2 (fallthrough)
branch 12 taken 0 (throw)
        2: 1031-block  4
call   13 returned 2
call   14 returned 2
call   15 returned 2
    $$$$$: 1031-block  5
call   16 never executed
    $$$$$: 1031-block  6
    $$$$$: 1031-block  7
call   17 never executed
    $$$$$: 1031-block  8
    $$$$$: 1031-block  9
call   18 never executed
    $$$$$: 1031-block 10
        -: 1032:                    }
       16: 1033:                    r = r->NextSiblingElement();
       16: 1033-block  0
call    0 returned 16
branch  1 taken 16 (fallthrough)
branch  2 taken 0 (throw)
       16: 1033-block  1
        -: 1034:                }
       14: 1035:                p = p->NextSiblingElement();
       14: 1035-block  0
call    0 returned 14
branch  1 taken 14 (fallthrough)
branch  2 taken 0 (throw)
       14: 1036:                if (!object.text.empty())
       14: 1036-block  0
call    0 returned 14
branch  1 taken 2 (fallthrough)
branch  2 taken 12
        2: 1037:                    docInfo.notes.emplace_back(object);
        2: 1037-block  0
call    0 returned 2
branch  1 taken 2 (fallthrough)
branch  2 taken 0 (throw)
        -: 1038:            }
       14: 1039:            childElem = childElem->NextSiblingElement();
       14: 1039-block  0
call    0 returned 14
branch  1 taken 14 (fallthrough)
branch  2 taken 0 (throw)
       14: 1039-block  1
        -: 1040:        }
        -: 1041:    }
        -: 1042:
        -: 1043:
        -: 1044:}
        -: 1045:
        -: 1046:
        -: 1047:
        -: 1048:
        -: 1049:
        -: 1050:
        -: 1051:
        -: 1052:
