        -:    0:Source:/usr/include/c++/9/ext/new_allocator.h
        -:    0:Graph:/home/borzor/CLionProjects/docxtotxt/cmake-build-debug-coverage/CMakeFiles/docxtotxt.dir/mainDoc/source/DocumentLoader.cpp.gcno
        -:    0:Data:/home/borzor/CLionProjects/docxtotxt/cmake-build-debug-coverage/CMakeFiles/docxtotxt.dir/mainDoc/source/DocumentLoader.cpp.gcda
        -:    0:Runs:1
        -:    1:// Allocator that wraps operator new -*- C++ -*-
        -:    2:
        -:    3:// Copyright (C) 2001-2019 Free Software Foundation, Inc.
        -:    4://
        -:    5:// This file is part of the GNU ISO C++ Library.  This library is free
        -:    6:// software; you can redistribute it and/or modify it under the
        -:    7:// terms of the GNU General Public License as published by the
        -:    8:// Free Software Foundation; either version 3, or (at your option)
        -:    9:// any later version.
        -:   10:
        -:   11:// This library is distributed in the hope that it will be useful,
        -:   12:// but WITHOUT ANY WARRANTY; without even the implied warranty of
        -:   13:// MERCHANTABILITY or FITNESS FOR A PARTICULAR PURPOSE.  See the
        -:   14:// GNU General Public License for more details.
        -:   15:
        -:   16:// Under Section 7 of GPL version 3, you are granted additional
        -:   17:// permissions described in the GCC Runtime Library Exception, version
        -:   18:// 3.1, as published by the Free Software Foundation.
        -:   19:
        -:   20:// You should have received a copy of the GNU General Public License and
        -:   21:// a copy of the GCC Runtime Library Exception along with this program;
        -:   22:// see the files COPYING3 and COPYING.RUNTIME respectively.  If not, see
        -:   23:// <http://www.gnu.org/licenses/>.
        -:   24:
        -:   25:/** @file ext/new_allocator.h
        -:   26: *  This file is a GNU extension to the Standard C++ Library.
        -:   27: */
        -:   28:
        -:   29:#ifndef _NEW_ALLOCATOR_H
        -:   30:#define _NEW_ALLOCATOR_H 1
        -:   31:
        -:   32:#include <bits/c++config.h>
        -:   33:#include <new>
        -:   34:#include <bits/functexcept.h>
        -:   35:#include <bits/move.h>
        -:   36:#if __cplusplus >= 201103L
        -:   37:#include <type_traits>
        -:   38:#endif
        -:   39:
        -:   40:namespace __gnu_cxx _GLIBCXX_VISIBILITY(default)
        -:   41:{
        -:   42:_GLIBCXX_BEGIN_NAMESPACE_VERSION
        -:   43:
        -:   44:  using std::size_t;
        -:   45:  using std::ptrdiff_t;
        -:   46:
        -:   47:  /**
        -:   48:   *  @brief  An allocator that uses global new, as per [20.4].
        -:   49:   *  @ingroup allocators
        -:   50:   *
        -:   51:   *  This is precisely the allocator defined in the C++ Standard.
        -:   52:   *    - all allocation calls operator new
        -:   53:   *    - all deallocation calls operator delete
        -:   54:   *
        -:   55:   *  @tparam  _Tp  Type of allocated object.
        -:   56:   */
        -:   57:  template<typename _Tp>
        -:   58:    class new_allocator
        -:   59:    {
        -:   60:    public:
        -:   61:      typedef size_t     size_type;
        -:   62:      typedef ptrdiff_t  difference_type;
        -:   63:      typedef _Tp*       pointer;
        -:   64:      typedef const _Tp* const_pointer;
        -:   65:      typedef _Tp&       reference;
        -:   66:      typedef const _Tp& const_reference;
        -:   67:      typedef _Tp        value_type;
        -:   68:
        -:   69:      template<typename _Tp1>
        -:   70:	struct rebind
        -:   71:	{ typedef new_allocator<_Tp1> other; };
        -:   72:
        -:   73:#if __cplusplus >= 201103L
        -:   74:      // _GLIBCXX_RESOLVE_LIB_DEFECTS
        -:   75:      // 2103. propagate_on_container_move_assignment
        -:   76:      typedef std::true_type propagate_on_container_move_assignment;
        -:   77:#endif
        -:   78:
        -:   79:      _GLIBCXX20_CONSTEXPR
    2332*:   80:      new_allocator() _GLIBCXX_USE_NOEXCEPT { }
------------------
_ZN9__gnu_cxx13new_allocatorIN9docxtotxt4drawEEC2Ev:
function _ZN9__gnu_cxx13new_allocatorIN9docxtotxt4drawEEC2Ev called 14 returned 100% blocks executed 100%
       14:   80:      new_allocator() _GLIBCXX_USE_NOEXCEPT { }
------------------
_ZN9__gnu_cxx13new_allocatorIcEC2Ev:
function _ZN9__gnu_cxx13new_allocatorIcEC2Ev called 0 returned 0% blocks executed 0%
    #####:   80:      new_allocator() _GLIBCXX_USE_NOEXCEPT { }
------------------
_ZN9__gnu_cxx13new_allocatorIwEC2Ev:
function _ZN9__gnu_cxx13new_allocatorIwEC2Ev called 0 returned 0% blocks executed 0%
    #####:   80:      new_allocator() _GLIBCXX_USE_NOEXCEPT { }
------------------
_ZN9__gnu_cxx13new_allocatorImEC2Ev:
function _ZN9__gnu_cxx13new_allocatorImEC2Ev called 0 returned 0% blocks executed 0%
    #####:   80:      new_allocator() _GLIBCXX_USE_NOEXCEPT { }
------------------
_ZN9__gnu_cxx13new_allocatorISt13_Rb_tree_nodeISt4pairIKNSt7__cxx1112basic_stringIcSt11char_traitsIcESaIcEEES8_EEEC2Ev:
function _ZN9__gnu_cxx13new_allocatorISt13_Rb_tree_nodeISt4pairIKNSt7__cxx1112basic_stringIcSt11char_traitsIcESaIcEEES8_EEEC2Ev called 251 returned 100% blocks executed 100%
      251:   80:      new_allocator() _GLIBCXX_USE_NOEXCEPT { }
------------------
_ZN9__gnu_cxx13new_allocatorISt13_Rb_tree_nodeISt4pairIKNSt7__cxx1112basic_stringIcSt11char_traitsIcESaIcEEEN9docxtotxt17paragraphSettingsEEEEC2Ev:
function _ZN9__gnu_cxx13new_allocatorISt13_Rb_tree_nodeISt4pairIKNSt7__cxx1112basic_stringIcSt11char_traitsIcESaIcEEEN9docxtotxt17paragraphSettingsEEEEC2Ev called 14 returned 100% blocks executed 100%
       14:   80:      new_allocator() _GLIBCXX_USE_NOEXCEPT { }
------------------
_ZN9__gnu_cxx13new_allocatorISt13_Rb_tree_nodeISt4pairIKNSt7__cxx1112basic_stringIcSt11char_traitsIcESaIcEEEN9docxtotxt15tablePropertiesEEEEC2Ev:
function _ZN9__gnu_cxx13new_allocatorISt13_Rb_tree_nodeISt4pairIKNSt7__cxx1112basic_stringIcSt11char_traitsIcESaIcEEEN9docxtotxt15tablePropertiesEEEEC2Ev called 14 returned 100% blocks executed 100%
       14:   80:      new_allocator() _GLIBCXX_USE_NOEXCEPT { }
------------------
_ZN9__gnu_cxx13new_allocatorIN9docxtotxt10tabulationEEC2Ev:
function _ZN9__gnu_cxx13new_allocatorIN9docxtotxt10tabulationEEC2Ev called 717 returned 100% blocks executed 100%
      717:   80:      new_allocator() _GLIBCXX_USE_NOEXCEPT { }
------------------
_ZN9__gnu_cxx13new_allocatorIN9docxtotxt9paragraphEEC2Ev:
function _ZN9__gnu_cxx13new_allocatorIN9docxtotxt9paragraphEEC2Ev called 14 returned 100% blocks executed 100%
       14:   80:      new_allocator() _GLIBCXX_USE_NOEXCEPT { }
------------------
_ZN9__gnu_cxx13new_allocatorIN9docxtotxt4noteEEC2Ev:
function _ZN9__gnu_cxx13new_allocatorIN9docxtotxt4noteEEC2Ev called 14 returned 100% blocks executed 100%
       14:   80:      new_allocator() _GLIBCXX_USE_NOEXCEPT { }
------------------
_ZN9__gnu_cxx13new_allocatorIN9docxtotxt9slideInfoEEC2Ev:
function _ZN9__gnu_cxx13new_allocatorIN9docxtotxt9slideInfoEEC2Ev called 14 returned 100% blocks executed 100%
       14:   80:      new_allocator() _GLIBCXX_USE_NOEXCEPT { }
------------------
_ZN9__gnu_cxx13new_allocatorIN9docxtotxt10noteInfo_tEEC2Ev:
function _ZN9__gnu_cxx13new_allocatorIN9docxtotxt10noteInfo_tEEC2Ev called 14 returned 100% blocks executed 100%
       14:   80:      new_allocator() _GLIBCXX_USE_NOEXCEPT { }
------------------
_ZN9__gnu_cxx13new_allocatorINSt7__cxx1112basic_stringIwSt11char_traitsIwESaIwEEEEC2Ev:
function _ZN9__gnu_cxx13new_allocatorINSt7__cxx1112basic_stringIwSt11char_traitsIwESaIwEEEEC2Ev called 665 returned 100% blocks executed 100%
      665:   80:      new_allocator() _GLIBCXX_USE_NOEXCEPT { }
------------------
_ZN9__gnu_cxx13new_allocatorIN9docxtotxt4cellEEC2Ev:
function _ZN9__gnu_cxx13new_allocatorIN9docxtotxt4cellEEC2Ev called 54 returned 100% blocks executed 100%
       54:   80:      new_allocator() _GLIBCXX_USE_NOEXCEPT { }
------------------
_ZN9__gnu_cxx13new_allocatorIN9docxtotxt5sheetEEC2Ev:
function _ZN9__gnu_cxx13new_allocatorIN9docxtotxt5sheetEEC2Ev called 14 returned 100% blocks executed 100%
       14:   80:      new_allocator() _GLIBCXX_USE_NOEXCEPT { }
------------------
_ZN9__gnu_cxx13new_allocatorIN9docxtotxt16presentationTextEEC2Ev:
function _ZN9__gnu_cxx13new_allocatorIN9docxtotxt16presentationTextEEC2Ev called 18 returned 100% blocks executed 100%
       18:   80:      new_allocator() _GLIBCXX_USE_NOEXCEPT { }
------------------
_ZN9__gnu_cxx13new_allocatorIN9docxtotxt17presentationTableEEC2Ev:
function _ZN9__gnu_cxx13new_allocatorIN9docxtotxt17presentationTableEEC2Ev called 18 returned 100% blocks executed 100%
       18:   80:      new_allocator() _GLIBCXX_USE_NOEXCEPT { }
------------------
_ZN9__gnu_cxx13new_allocatorIN9docxtotxt7pictureEEC2Ev:
function _ZN9__gnu_cxx13new_allocatorIN9docxtotxt7pictureEEC2Ev called 18 returned 100% blocks executed 100%
       18:   80:      new_allocator() _GLIBCXX_USE_NOEXCEPT { }
------------------
_ZN9__gnu_cxx13new_allocatorIN9docxtotxt8textBodyEEC2Ev:
function _ZN9__gnu_cxx13new_allocatorIN9docxtotxt8textBodyEEC2Ev called 206 returned 100% blocks executed 100%
      206:   80:      new_allocator() _GLIBCXX_USE_NOEXCEPT { }
------------------
_ZN9__gnu_cxx13new_allocatorISt6vectorIS1_IN9docxtotxt8textBodyESaIS3_EESaIS5_EEEC2Ev:
function _ZN9__gnu_cxx13new_allocatorISt6vectorIS1_IN9docxtotxt8textBodyESaIS3_EESaIS5_EEEC2Ev called 1 returned 100% blocks executed 100%
        1:   80:      new_allocator() _GLIBCXX_USE_NOEXCEPT { }
------------------
_ZN9__gnu_cxx13new_allocatorISt6vectorIN9docxtotxt8textBodyESaIS3_EEEC2Ev:
function _ZN9__gnu_cxx13new_allocatorISt6vectorIN9docxtotxt8textBodyESaIS3_EEEC2Ev called 8 returned 100% blocks executed 100%
        8:   80:      new_allocator() _GLIBCXX_USE_NOEXCEPT { }
------------------
_ZN9__gnu_cxx13new_allocatorISt6vectorIN9docxtotxt9sheetCellESaIS3_EEEC2Ev:
function _ZN9__gnu_cxx13new_allocatorISt6vectorIN9docxtotxt9sheetCellESaIS3_EEEC2Ev called 12 returned 100% blocks executed 100%
       12:   80:      new_allocator() _GLIBCXX_USE_NOEXCEPT { }
------------------
_ZN9__gnu_cxx13new_allocatorIN9docxtotxt14columnSettingsEEC2Ev:
function _ZN9__gnu_cxx13new_allocatorIN9docxtotxt14columnSettingsEEC2Ev called 12 returned 100% blocks executed 100%
       12:   80:      new_allocator() _GLIBCXX_USE_NOEXCEPT { }
------------------
_ZN9__gnu_cxx13new_allocatorIN9docxtotxt9sheetCellEEC2Ev:
function _ZN9__gnu_cxx13new_allocatorIN9docxtotxt9sheetCellEEC2Ev called 231 returned 100% blocks executed 100%
      231:   80:      new_allocator() _GLIBCXX_USE_NOEXCEPT { }
------------------
_ZN9__gnu_cxx13new_allocatorISt6vectorIN9docxtotxt4cellESaIS3_EEEC2Ev:
function _ZN9__gnu_cxx13new_allocatorISt6vectorIN9docxtotxt4cellESaIS3_EEEC2Ev called 9 returned 100% blocks executed 100%
        9:   80:      new_allocator() _GLIBCXX_USE_NOEXCEPT { }
------------------
        -:   81:
        -:   82:      _GLIBCXX20_CONSTEXPR
    8336*:   83:      new_allocator(const new_allocator&) _GLIBCXX_USE_NOEXCEPT { }
------------------
_ZN9__gnu_cxx13new_allocatorIN9docxtotxt5sheetEEC2ERKS3_:
function _ZN9__gnu_cxx13new_allocatorIN9docxtotxt5sheetEEC2ERKS3_ called 18 returned 100% blocks executed 100%
       18:   83:      new_allocator(const new_allocator&) _GLIBCXX_USE_NOEXCEPT { }
------------------
_ZN9__gnu_cxx13new_allocatorIN9docxtotxt8textBodyEEC2ERKS3_:
function _ZN9__gnu_cxx13new_allocatorIN9docxtotxt8textBodyEEC2ERKS3_ called 1455 returned 100% blocks executed 100%
     1455:   83:      new_allocator(const new_allocator&) _GLIBCXX_USE_NOEXCEPT { }
------------------
_ZN9__gnu_cxx13new_allocatorIwEC2ERKS1_:
function _ZN9__gnu_cxx13new_allocatorIwEC2ERKS1_ called 0 returned 0% blocks executed 0%
    #####:   83:      new_allocator(const new_allocator&) _GLIBCXX_USE_NOEXCEPT { }
------------------
_ZN9__gnu_cxx13new_allocatorIcEC2ERKS1_:
function _ZN9__gnu_cxx13new_allocatorIcEC2ERKS1_ called 0 returned 0% blocks executed 0%
    #####:   83:      new_allocator(const new_allocator&) _GLIBCXX_USE_NOEXCEPT { }
------------------
_ZN9__gnu_cxx13new_allocatorISt13_Rb_tree_nodeISt4pairIKNSt7__cxx1112basic_stringIcSt11char_traitsIcESaIcEEES8_EEEC2ERKSC_:
function _ZN9__gnu_cxx13new_allocatorISt13_Rb_tree_nodeISt4pairIKNSt7__cxx1112basic_stringIcSt11char_traitsIcESaIcEEES8_EEEC2ERKSC_ called 0 returned 0% blocks executed 0%
    #####:   83:      new_allocator(const new_allocator&) _GLIBCXX_USE_NOEXCEPT { }
------------------
_ZN9__gnu_cxx13new_allocatorISt13_Rb_tree_nodeISt4pairIKNSt7__cxx1112basic_stringIcSt11char_traitsIcESaIcEEEN9docxtotxt17paragraphSettingsEEEEC2ERKSE_:
function _ZN9__gnu_cxx13new_allocatorISt13_Rb_tree_nodeISt4pairIKNSt7__cxx1112basic_stringIcSt11char_traitsIcESaIcEEEN9docxtotxt17paragraphSettingsEEEEC2ERKSE_ called 3 returned 100% blocks executed 100%
        3:   83:      new_allocator(const new_allocator&) _GLIBCXX_USE_NOEXCEPT { }
------------------
_ZN9__gnu_cxx13new_allocatorISt13_Rb_tree_nodeISt4pairIKNSt7__cxx1112basic_stringIcSt11char_traitsIcESaIcEEEN9docxtotxt15tablePropertiesEEEEC2ERKSE_:
function _ZN9__gnu_cxx13new_allocatorISt13_Rb_tree_nodeISt4pairIKNSt7__cxx1112basic_stringIcSt11char_traitsIcESaIcEEEN9docxtotxt15tablePropertiesEEEEC2ERKSE_ called 3 returned 100% blocks executed 100%
        3:   83:      new_allocator(const new_allocator&) _GLIBCXX_USE_NOEXCEPT { }
------------------
_ZN9__gnu_cxx13new_allocatorIN9docxtotxt10tabulationEEC2ERKS3_:
function _ZN9__gnu_cxx13new_allocatorIN9docxtotxt10tabulationEEC2ERKS3_ called 3287 returned 100% blocks executed 100%
     3287:   83:      new_allocator(const new_allocator&) _GLIBCXX_USE_NOEXCEPT { }
------------------
_ZN9__gnu_cxx13new_allocatorIN9docxtotxt9paragraphEEC2ERKS3_:
function _ZN9__gnu_cxx13new_allocatorIN9docxtotxt9paragraphEEC2ERKS3_ called 26 returned 100% blocks executed 100%
       26:   83:      new_allocator(const new_allocator&) _GLIBCXX_USE_NOEXCEPT { }
------------------
_ZN9__gnu_cxx13new_allocatorIN9docxtotxt4noteEEC2ERKS3_:
function _ZN9__gnu_cxx13new_allocatorIN9docxtotxt4noteEEC2ERKS3_ called 20 returned 100% blocks executed 100%
       20:   83:      new_allocator(const new_allocator&) _GLIBCXX_USE_NOEXCEPT { }
------------------
_ZN9__gnu_cxx13new_allocatorINSt7__cxx1112basic_stringIwSt11char_traitsIwESaIwEEEEC2ERKS7_:
function _ZN9__gnu_cxx13new_allocatorINSt7__cxx1112basic_stringIwSt11char_traitsIwESaIwEEEEC2ERKS7_ called 3097 returned 100% blocks executed 100%
     3097:   83:      new_allocator(const new_allocator&) _GLIBCXX_USE_NOEXCEPT { }
------------------
_ZN9__gnu_cxx13new_allocatorIN9docxtotxt4drawEEC2ERKS3_:
function _ZN9__gnu_cxx13new_allocatorIN9docxtotxt4drawEEC2ERKS3_ called 18 returned 100% blocks executed 100%
       18:   83:      new_allocator(const new_allocator&) _GLIBCXX_USE_NOEXCEPT { }
------------------
_ZN9__gnu_cxx13new_allocatorIN9docxtotxt4cellEEC2ERKS3_:
function _ZN9__gnu_cxx13new_allocatorIN9docxtotxt4cellEEC2ERKS3_ called 58 returned 100% blocks executed 100%
       58:   83:      new_allocator(const new_allocator&) _GLIBCXX_USE_NOEXCEPT { }
------------------
_ZN9__gnu_cxx13new_allocatorIN9docxtotxt9slideInfoEEC2ERKS3_:
function _ZN9__gnu_cxx13new_allocatorIN9docxtotxt9slideInfoEEC2ERKS3_ called 18 returned 100% blocks executed 100%
       18:   83:      new_allocator(const new_allocator&) _GLIBCXX_USE_NOEXCEPT { }
------------------
_ZN9__gnu_cxx13new_allocatorIN9docxtotxt10noteInfo_tEEC2ERKS3_:
function _ZN9__gnu_cxx13new_allocatorIN9docxtotxt10noteInfo_tEEC2ERKS3_ called 18 returned 100% blocks executed 100%
       18:   83:      new_allocator(const new_allocator&) _GLIBCXX_USE_NOEXCEPT { }
------------------
_ZN9__gnu_cxx13new_allocatorImEC2ERKS1_:
function _ZN9__gnu_cxx13new_allocatorImEC2ERKS1_ called 0 returned 0% blocks executed 0%
    #####:   83:      new_allocator(const new_allocator&) _GLIBCXX_USE_NOEXCEPT { }
------------------
_ZN9__gnu_cxx13new_allocatorISt6vectorIS1_IN9docxtotxt8textBodyESaIS3_EESaIS5_EEEC2ERKS8_:
function _ZN9__gnu_cxx13new_allocatorISt6vectorIS1_IN9docxtotxt8textBodyESaIS3_EESaIS5_EEEC2ERKS8_ called 6 returned 100% blocks executed 100%
        6:   83:      new_allocator(const new_allocator&) _GLIBCXX_USE_NOEXCEPT { }
------------------
_ZN9__gnu_cxx13new_allocatorIN9docxtotxt16presentationTextEEC2ERKS3_:
function _ZN9__gnu_cxx13new_allocatorIN9docxtotxt16presentationTextEEC2ERKS3_ called 74 returned 100% blocks executed 100%
       74:   83:      new_allocator(const new_allocator&) _GLIBCXX_USE_NOEXCEPT { }
------------------
_ZN9__gnu_cxx13new_allocatorIN9docxtotxt17presentationTableEEC2ERKS3_:
function _ZN9__gnu_cxx13new_allocatorIN9docxtotxt17presentationTableEEC2ERKS3_ called 74 returned 100% blocks executed 100%
       74:   83:      new_allocator(const new_allocator&) _GLIBCXX_USE_NOEXCEPT { }
------------------
_ZN9__gnu_cxx13new_allocatorIN9docxtotxt7pictureEEC2ERKS3_:
function _ZN9__gnu_cxx13new_allocatorIN9docxtotxt7pictureEEC2ERKS3_ called 74 returned 100% blocks executed 100%
       74:   83:      new_allocator(const new_allocator&) _GLIBCXX_USE_NOEXCEPT { }
------------------
_ZN9__gnu_cxx13new_allocatorISt6vectorIN9docxtotxt8textBodyESaIS3_EEEC2ERKS6_:
function _ZN9__gnu_cxx13new_allocatorISt6vectorIN9docxtotxt8textBodyESaIS3_EEEC2ERKS6_ called 87 returned 100% blocks executed 100%
       87:   83:      new_allocator(const new_allocator&) _GLIBCXX_USE_NOEXCEPT { }
------------------
_ZN9__gnu_cxx13new_allocatorISt6vectorIN9docxtotxt9sheetCellESaIS3_EEEC2ERKS6_:
function _ZN9__gnu_cxx13new_allocatorISt6vectorIN9docxtotxt9sheetCellESaIS3_EEEC2ERKS6_ called 0 returned 0% blocks executed 0%
    #####:   83:      new_allocator(const new_allocator&) _GLIBCXX_USE_NOEXCEPT { }
------------------
_ZN9__gnu_cxx13new_allocatorIN9docxtotxt14columnSettingsEEC2ERKS3_:
function _ZN9__gnu_cxx13new_allocatorIN9docxtotxt14columnSettingsEEC2ERKS3_ called 0 returned 0% blocks executed 0%
    #####:   83:      new_allocator(const new_allocator&) _GLIBCXX_USE_NOEXCEPT { }
------------------
_ZN9__gnu_cxx13new_allocatorIN9docxtotxt9sheetCellEEC2ERKS3_:
function _ZN9__gnu_cxx13new_allocatorIN9docxtotxt9sheetCellEEC2ERKS3_ called 0 returned 0% blocks executed 0%
    #####:   83:      new_allocator(const new_allocator&) _GLIBCXX_USE_NOEXCEPT { }
------------------
        -:   84:
        -:   85:      template<typename _Tp1>
        -:   86:	_GLIBCXX20_CONSTEXPR
        -:   87:	new_allocator(const new_allocator<_Tp1>&) _GLIBCXX_USE_NOEXCEPT { }
        -:   88:
     121*:   89:      ~new_allocator() _GLIBCXX_USE_NOEXCEPT { }
------------------
_ZN9__gnu_cxx13new_allocatorIN9docxtotxt16presentationTextEED2Ev:
function _ZN9__gnu_cxx13new_allocatorIN9docxtotxt16presentationTextEED2Ev called 0 returned 0% blocks executed 0%
    #####:   89:      ~new_allocator() _GLIBCXX_USE_NOEXCEPT { }
------------------
_ZN9__gnu_cxx13new_allocatorIcED2Ev:
function _ZN9__gnu_cxx13new_allocatorIcED2Ev called 0 returned 0% blocks executed 0%
    #####:   89:      ~new_allocator() _GLIBCXX_USE_NOEXCEPT { }
------------------
_ZN9__gnu_cxx13new_allocatorISt13_Rb_tree_nodeISt4pairIKNSt7__cxx1112basic_stringIcSt11char_traitsIcESaIcEEES8_EEED2Ev:
function _ZN9__gnu_cxx13new_allocatorISt13_Rb_tree_nodeISt4pairIKNSt7__cxx1112basic_stringIcSt11char_traitsIcESaIcEEES8_EEED2Ev called 0 returned 0% blocks executed 0%
    #####:   89:      ~new_allocator() _GLIBCXX_USE_NOEXCEPT { }
------------------
_ZN9__gnu_cxx13new_allocatorISt13_Rb_tree_nodeISt4pairIKNSt7__cxx1112basic_stringIcSt11char_traitsIcESaIcEEEN9docxtotxt17paragraphSettingsEEEED2Ev:
function _ZN9__gnu_cxx13new_allocatorISt13_Rb_tree_nodeISt4pairIKNSt7__cxx1112basic_stringIcSt11char_traitsIcESaIcEEEN9docxtotxt17paragraphSettingsEEEED2Ev called 0 returned 0% blocks executed 0%
    #####:   89:      ~new_allocator() _GLIBCXX_USE_NOEXCEPT { }
------------------
_ZN9__gnu_cxx13new_allocatorISt13_Rb_tree_nodeISt4pairIKNSt7__cxx1112basic_stringIcSt11char_traitsIcESaIcEEEN9docxtotxt15tablePropertiesEEEED2Ev:
function _ZN9__gnu_cxx13new_allocatorISt13_Rb_tree_nodeISt4pairIKNSt7__cxx1112basic_stringIcSt11char_traitsIcESaIcEEEN9docxtotxt15tablePropertiesEEEED2Ev called 0 returned 0% blocks executed 0%
    #####:   89:      ~new_allocator() _GLIBCXX_USE_NOEXCEPT { }
------------------
_ZN9__gnu_cxx13new_allocatorIN9docxtotxt10tabulationEED2Ev:
function _ZN9__gnu_cxx13new_allocatorIN9docxtotxt10tabulationEED2Ev called 0 returned 0% blocks executed 0%
    #####:   89:      ~new_allocator() _GLIBCXX_USE_NOEXCEPT { }
------------------
_ZN9__gnu_cxx13new_allocatorIN9docxtotxt9paragraphEED2Ev:
function _ZN9__gnu_cxx13new_allocatorIN9docxtotxt9paragraphEED2Ev called 0 returned 0% blocks executed 0%
    #####:   89:      ~new_allocator() _GLIBCXX_USE_NOEXCEPT { }
------------------
_ZN9__gnu_cxx13new_allocatorIN9docxtotxt4noteEED2Ev:
function _ZN9__gnu_cxx13new_allocatorIN9docxtotxt4noteEED2Ev called 0 returned 0% blocks executed 0%
    #####:   89:      ~new_allocator() _GLIBCXX_USE_NOEXCEPT { }
------------------
_ZN9__gnu_cxx13new_allocatorIN9docxtotxt9slideInfoEED2Ev:
function _ZN9__gnu_cxx13new_allocatorIN9docxtotxt9slideInfoEED2Ev called 0 returned 0% blocks executed 0%
    #####:   89:      ~new_allocator() _GLIBCXX_USE_NOEXCEPT { }
------------------
_ZN9__gnu_cxx13new_allocatorIN9docxtotxt10noteInfo_tEED2Ev:
function _ZN9__gnu_cxx13new_allocatorIN9docxtotxt10noteInfo_tEED2Ev called 0 returned 0% blocks executed 0%
    #####:   89:      ~new_allocator() _GLIBCXX_USE_NOEXCEPT { }
------------------
_ZN9__gnu_cxx13new_allocatorINSt7__cxx1112basic_stringIwSt11char_traitsIwESaIwEEEED2Ev:
function _ZN9__gnu_cxx13new_allocatorINSt7__cxx1112basic_stringIwSt11char_traitsIwESaIwEEEED2Ev called 0 returned 0% blocks executed 0%
    #####:   89:      ~new_allocator() _GLIBCXX_USE_NOEXCEPT { }
------------------
_ZN9__gnu_cxx13new_allocatorIN9docxtotxt4drawEED2Ev:
function _ZN9__gnu_cxx13new_allocatorIN9docxtotxt4drawEED2Ev called 0 returned 0% blocks executed 0%
    #####:   89:      ~new_allocator() _GLIBCXX_USE_NOEXCEPT { }
------------------
_ZN9__gnu_cxx13new_allocatorIN9docxtotxt5sheetEED2Ev:
function _ZN9__gnu_cxx13new_allocatorIN9docxtotxt5sheetEED2Ev called 0 returned 0% blocks executed 0%
    #####:   89:      ~new_allocator() _GLIBCXX_USE_NOEXCEPT { }
------------------
_ZN9__gnu_cxx13new_allocatorIN9docxtotxt4cellEED2Ev:
function _ZN9__gnu_cxx13new_allocatorIN9docxtotxt4cellEED2Ev called 112 returned 100% blocks executed 100%
      112:   89:      ~new_allocator() _GLIBCXX_USE_NOEXCEPT { }
------------------
_ZN9__gnu_cxx13new_allocatorIN9docxtotxt17presentationTableEED2Ev:
function _ZN9__gnu_cxx13new_allocatorIN9docxtotxt17presentationTableEED2Ev called 0 returned 0% blocks executed 0%
    #####:   89:      ~new_allocator() _GLIBCXX_USE_NOEXCEPT { }
------------------
_ZN9__gnu_cxx13new_allocatorIN9docxtotxt7pictureEED2Ev:
function _ZN9__gnu_cxx13new_allocatorIN9docxtotxt7pictureEED2Ev called 0 returned 0% blocks executed 0%
    #####:   89:      ~new_allocator() _GLIBCXX_USE_NOEXCEPT { }
------------------
_ZN9__gnu_cxx13new_allocatorIN9docxtotxt8textBodyEED2Ev:
function _ZN9__gnu_cxx13new_allocatorIN9docxtotxt8textBodyEED2Ev called 0 returned 0% blocks executed 0%
    #####:   89:      ~new_allocator() _GLIBCXX_USE_NOEXCEPT { }
------------------
_ZN9__gnu_cxx13new_allocatorImED2Ev:
function _ZN9__gnu_cxx13new_allocatorImED2Ev called 0 returned 0% blocks executed 0%
    #####:   89:      ~new_allocator() _GLIBCXX_USE_NOEXCEPT { }
------------------
_ZN9__gnu_cxx13new_allocatorISt6vectorIS1_IN9docxtotxt8textBodyESaIS3_EESaIS5_EEED2Ev:
function _ZN9__gnu_cxx13new_allocatorISt6vectorIS1_IN9docxtotxt8textBodyESaIS3_EESaIS5_EEED2Ev called 0 returned 0% blocks executed 0%
    #####:   89:      ~new_allocator() _GLIBCXX_USE_NOEXCEPT { }
------------------
_ZN9__gnu_cxx13new_allocatorISt6vectorIN9docxtotxt8textBodyESaIS3_EEED2Ev:
function _ZN9__gnu_cxx13new_allocatorISt6vectorIN9docxtotxt8textBodyESaIS3_EEED2Ev called 0 returned 0% blocks executed 0%
    #####:   89:      ~new_allocator() _GLIBCXX_USE_NOEXCEPT { }
------------------
_ZN9__gnu_cxx13new_allocatorIwED2Ev:
function _ZN9__gnu_cxx13new_allocatorIwED2Ev called 0 returned 0% blocks executed 0%
    #####:   89:      ~new_allocator() _GLIBCXX_USE_NOEXCEPT { }
------------------
_ZN9__gnu_cxx13new_allocatorISt6vectorIN9docxtotxt9sheetCellESaIS3_EEED2Ev:
function _ZN9__gnu_cxx13new_allocatorISt6vectorIN9docxtotxt9sheetCellESaIS3_EEED2Ev called 0 returned 0% blocks executed 0%
    #####:   89:      ~new_allocator() _GLIBCXX_USE_NOEXCEPT { }
------------------
_ZN9__gnu_cxx13new_allocatorIN9docxtotxt14columnSettingsEED2Ev:
function _ZN9__gnu_cxx13new_allocatorIN9docxtotxt14columnSettingsEED2Ev called 0 returned 0% blocks executed 0%
    #####:   89:      ~new_allocator() _GLIBCXX_USE_NOEXCEPT { }
------------------
_ZN9__gnu_cxx13new_allocatorIN9docxtotxt9sheetCellEED2Ev:
function _ZN9__gnu_cxx13new_allocatorIN9docxtotxt9sheetCellEED2Ev called 0 returned 0% blocks executed 0%
    #####:   89:      ~new_allocator() _GLIBCXX_USE_NOEXCEPT { }
------------------
_ZN9__gnu_cxx13new_allocatorISt6vectorIN9docxtotxt4cellESaIS3_EEED2Ev:
function _ZN9__gnu_cxx13new_allocatorISt6vectorIN9docxtotxt4cellESaIS3_EEED2Ev called 9 returned 100% blocks executed 100%
        9:   89:      ~new_allocator() _GLIBCXX_USE_NOEXCEPT { }
------------------
        -:   90:
        -:   91:      pointer
        -:   92:      address(reference __x) const _GLIBCXX_NOEXCEPT
        -:   93:      { return std::__addressof(__x); }
        -:   94:
        -:   95:      const_pointer
        -:   96:      address(const_reference __x) const _GLIBCXX_NOEXCEPT
        -:   97:      { return std::__addressof(__x); }
        -:   98:
        -:   99:      // NB: __n is permitted to be 0.  The C++ standard says nothing
        -:  100:      // about what the return value is when __n == 0.
        -:  101:      _GLIBCXX_NODISCARD pointer
    3230*:  102:      allocate(size_type __n, const void* = static_cast<const void*>(0))
        -:  103:      {
    3230*:  104:	if (__n > this->max_size())
    #####:  105:	  std::__throw_bad_alloc();
        -:  106:
        -:  107:#if __cpp_aligned_new
        -:  108:	if (alignof(_Tp) > __STDCPP_DEFAULT_NEW_ALIGNMENT__)
        -:  109:	  {
        -:  110:	    std::align_val_t __al = std::align_val_t(alignof(_Tp));
        -:  111:	    return static_cast<_Tp*>(::operator new(__n * sizeof(_Tp), __al));
        -:  112:	  }
        -:  113:#endif
    3230*:  114:	return static_cast<_Tp*>(::operator new(__n * sizeof(_Tp)));
        -:  115:      }
------------------
_ZN9__gnu_cxx13new_allocatorIN9docxtotxt14columnSettingsEE8allocateEmPKv:
function _ZN9__gnu_cxx13new_allocatorIN9docxtotxt14columnSettingsEE8allocateEmPKv called 0 returned 0% blocks executed 0%
    #####:  102:      allocate(size_type __n, const void* = static_cast<const void*>(0))
        -:  103:      {
    #####:  104:	if (__n > this->max_size())
    %%%%%:  104-block  0
call    0 never executed
branch  1 never executed
branch  2 never executed
    #####:  105:	  std::__throw_bad_alloc();
    %%%%%:  105-block  0
call    0 never executed
        -:  106:
        -:  107:#if __cpp_aligned_new
        -:  108:	if (alignof(_Tp) > __STDCPP_DEFAULT_NEW_ALIGNMENT__)
        -:  109:	  {
        -:  110:	    std::align_val_t __al = std::align_val_t(alignof(_Tp));
        -:  111:	    return static_cast<_Tp*>(::operator new(__n * sizeof(_Tp), __al));
        -:  112:	  }
        -:  113:#endif
    #####:  114:	return static_cast<_Tp*>(::operator new(__n * sizeof(_Tp)));
    %%%%%:  114-block  0
call    0 never executed
        -:  115:      }
------------------
_ZN9__gnu_cxx13new_allocatorIN9docxtotxt10tabulationEE8allocateEmPKv:
function _ZN9__gnu_cxx13new_allocatorIN9docxtotxt10tabulationEE8allocateEmPKv called 0 returned 0% blocks executed 0%
    #####:  102:      allocate(size_type __n, const void* = static_cast<const void*>(0))
        -:  103:      {
    #####:  104:	if (__n > this->max_size())
    %%%%%:  104-block  0
call    0 never executed
branch  1 never executed
branch  2 never executed
    #####:  105:	  std::__throw_bad_alloc();
    %%%%%:  105-block  0
call    0 never executed
        -:  106:
        -:  107:#if __cpp_aligned_new
        -:  108:	if (alignof(_Tp) > __STDCPP_DEFAULT_NEW_ALIGNMENT__)
        -:  109:	  {
        -:  110:	    std::align_val_t __al = std::align_val_t(alignof(_Tp));
        -:  111:	    return static_cast<_Tp*>(::operator new(__n * sizeof(_Tp), __al));
        -:  112:	  }
        -:  113:#endif
    #####:  114:	return static_cast<_Tp*>(::operator new(__n * sizeof(_Tp)));
    %%%%%:  114-block  0
call    0 never executed
        -:  115:      }
------------------
_ZN9__gnu_cxx13new_allocatorIN9docxtotxt16presentationTextEE8allocateEmPKv:
function _ZN9__gnu_cxx13new_allocatorIN9docxtotxt16presentationTextEE8allocateEmPKv called 83 returned 100% blocks executed 83%
       83:  102:      allocate(size_type __n, const void* = static_cast<const void*>(0))
        -:  103:      {
       83:  104:	if (__n > this->max_size())
       83:  104-block  0
call    0 returned 83
branch  1 taken 0 (fallthrough)
branch  2 taken 83
    #####:  105:	  std::__throw_bad_alloc();
    %%%%%:  105-block  0
call    0 never executed
        -:  106:
        -:  107:#if __cpp_aligned_new
        -:  108:	if (alignof(_Tp) > __STDCPP_DEFAULT_NEW_ALIGNMENT__)
        -:  109:	  {
        -:  110:	    std::align_val_t __al = std::align_val_t(alignof(_Tp));
        -:  111:	    return static_cast<_Tp*>(::operator new(__n * sizeof(_Tp), __al));
        -:  112:	  }
        -:  113:#endif
       83:  114:	return static_cast<_Tp*>(::operator new(__n * sizeof(_Tp)));
       83:  114-block  0
call    0 returned 83
        -:  115:      }
------------------
_ZN9__gnu_cxx13new_allocatorIN9docxtotxt17presentationTableEE8allocateEmPKv:
function _ZN9__gnu_cxx13new_allocatorIN9docxtotxt17presentationTableEE8allocateEmPKv called 3 returned 100% blocks executed 83%
        3:  102:      allocate(size_type __n, const void* = static_cast<const void*>(0))
        -:  103:      {
        3:  104:	if (__n > this->max_size())
        3:  104-block  0
call    0 returned 3
branch  1 taken 0 (fallthrough)
branch  2 taken 3
    #####:  105:	  std::__throw_bad_alloc();
    %%%%%:  105-block  0
call    0 never executed
        -:  106:
        -:  107:#if __cpp_aligned_new
        -:  108:	if (alignof(_Tp) > __STDCPP_DEFAULT_NEW_ALIGNMENT__)
        -:  109:	  {
        -:  110:	    std::align_val_t __al = std::align_val_t(alignof(_Tp));
        -:  111:	    return static_cast<_Tp*>(::operator new(__n * sizeof(_Tp), __al));
        -:  112:	  }
        -:  113:#endif
        3:  114:	return static_cast<_Tp*>(::operator new(__n * sizeof(_Tp)));
        3:  114-block  0
call    0 returned 3
        -:  115:      }
------------------
_ZN9__gnu_cxx13new_allocatorIN9docxtotxt7pictureEE8allocateEmPKv:
function _ZN9__gnu_cxx13new_allocatorIN9docxtotxt7pictureEE8allocateEmPKv called 26 returned 100% blocks executed 83%
       26:  102:      allocate(size_type __n, const void* = static_cast<const void*>(0))
        -:  103:      {
       26:  104:	if (__n > this->max_size())
       26:  104-block  0
call    0 returned 26
branch  1 taken 0 (fallthrough)
branch  2 taken 26
    #####:  105:	  std::__throw_bad_alloc();
    %%%%%:  105-block  0
call    0 never executed
        -:  106:
        -:  107:#if __cpp_aligned_new
        -:  108:	if (alignof(_Tp) > __STDCPP_DEFAULT_NEW_ALIGNMENT__)
        -:  109:	  {
        -:  110:	    std::align_val_t __al = std::align_val_t(alignof(_Tp));
        -:  111:	    return static_cast<_Tp*>(::operator new(__n * sizeof(_Tp), __al));
        -:  112:	  }
        -:  113:#endif
       26:  114:	return static_cast<_Tp*>(::operator new(__n * sizeof(_Tp)));
       26:  114-block  0
call    0 returned 26
        -:  115:      }
------------------
_ZN9__gnu_cxx13new_allocatorIN9docxtotxt9slideInfoEE8allocateEmPKv:
function _ZN9__gnu_cxx13new_allocatorIN9docxtotxt9slideInfoEE8allocateEmPKv called 10 returned 100% blocks executed 83%
       10:  102:      allocate(size_type __n, const void* = static_cast<const void*>(0))
        -:  103:      {
       10:  104:	if (__n > this->max_size())
       10:  104-block  0
call    0 returned 10
branch  1 taken 0 (fallthrough)
branch  2 taken 10
    #####:  105:	  std::__throw_bad_alloc();
    %%%%%:  105-block  0
call    0 never executed
        -:  106:
        -:  107:#if __cpp_aligned_new
        -:  108:	if (alignof(_Tp) > __STDCPP_DEFAULT_NEW_ALIGNMENT__)
        -:  109:	  {
        -:  110:	    std::align_val_t __al = std::align_val_t(alignof(_Tp));
        -:  111:	    return static_cast<_Tp*>(::operator new(__n * sizeof(_Tp), __al));
        -:  112:	  }
        -:  113:#endif
       10:  114:	return static_cast<_Tp*>(::operator new(__n * sizeof(_Tp)));
       10:  114-block  0
call    0 returned 10
        -:  115:      }
------------------
_ZN9__gnu_cxx13new_allocatorImE8allocateEmPKv:
function _ZN9__gnu_cxx13new_allocatorImE8allocateEmPKv called 0 returned 0% blocks executed 0%
    #####:  102:      allocate(size_type __n, const void* = static_cast<const void*>(0))
        -:  103:      {
    #####:  104:	if (__n > this->max_size())
    %%%%%:  104-block  0
call    0 never executed
branch  1 never executed
branch  2 never executed
    #####:  105:	  std::__throw_bad_alloc();
    %%%%%:  105-block  0
call    0 never executed
        -:  106:
        -:  107:#if __cpp_aligned_new
        -:  108:	if (alignof(_Tp) > __STDCPP_DEFAULT_NEW_ALIGNMENT__)
        -:  109:	  {
        -:  110:	    std::align_val_t __al = std::align_val_t(alignof(_Tp));
        -:  111:	    return static_cast<_Tp*>(::operator new(__n * sizeof(_Tp), __al));
        -:  112:	  }
        -:  113:#endif
    #####:  114:	return static_cast<_Tp*>(::operator new(__n * sizeof(_Tp)));
    %%%%%:  114-block  0
call    0 never executed
        -:  115:      }
------------------
_ZN9__gnu_cxx13new_allocatorISt6vectorIN9docxtotxt8textBodyESaIS3_EEE8allocateEmPKv:
function _ZN9__gnu_cxx13new_allocatorISt6vectorIN9docxtotxt8textBodyESaIS3_EEE8allocateEmPKv called 64 returned 100% blocks executed 83%
       64:  102:      allocate(size_type __n, const void* = static_cast<const void*>(0))
        -:  103:      {
       64:  104:	if (__n > this->max_size())
       64:  104-block  0
call    0 returned 64
branch  1 taken 0 (fallthrough)
branch  2 taken 64
    #####:  105:	  std::__throw_bad_alloc();
    %%%%%:  105-block  0
call    0 never executed
        -:  106:
        -:  107:#if __cpp_aligned_new
        -:  108:	if (alignof(_Tp) > __STDCPP_DEFAULT_NEW_ALIGNMENT__)
        -:  109:	  {
        -:  110:	    std::align_val_t __al = std::align_val_t(alignof(_Tp));
        -:  111:	    return static_cast<_Tp*>(::operator new(__n * sizeof(_Tp), __al));
        -:  112:	  }
        -:  113:#endif
       64:  114:	return static_cast<_Tp*>(::operator new(__n * sizeof(_Tp)));
       64:  114-block  0
call    0 returned 64
        -:  115:      }
------------------
_ZN9__gnu_cxx13new_allocatorISt6vectorIS1_IN9docxtotxt8textBodyESaIS3_EESaIS5_EEE8allocateEmPKv:
function _ZN9__gnu_cxx13new_allocatorISt6vectorIS1_IN9docxtotxt8textBodyESaIS3_EESaIS5_EEE8allocateEmPKv called 7 returned 100% blocks executed 83%
        7:  102:      allocate(size_type __n, const void* = static_cast<const void*>(0))
        -:  103:      {
        7:  104:	if (__n > this->max_size())
        7:  104-block  0
call    0 returned 7
branch  1 taken 0 (fallthrough)
branch  2 taken 7
    #####:  105:	  std::__throw_bad_alloc();
    %%%%%:  105-block  0
call    0 never executed
        -:  106:
        -:  107:#if __cpp_aligned_new
        -:  108:	if (alignof(_Tp) > __STDCPP_DEFAULT_NEW_ALIGNMENT__)
        -:  109:	  {
        -:  110:	    std::align_val_t __al = std::align_val_t(alignof(_Tp));
        -:  111:	    return static_cast<_Tp*>(::operator new(__n * sizeof(_Tp), __al));
        -:  112:	  }
        -:  113:#endif
        7:  114:	return static_cast<_Tp*>(::operator new(__n * sizeof(_Tp)));
        7:  114-block  0
call    0 returned 7
        -:  115:      }
------------------
_ZN9__gnu_cxx13new_allocatorIN9docxtotxt8textBodyEE8allocateEmPKv:
function _ZN9__gnu_cxx13new_allocatorIN9docxtotxt8textBodyEE8allocateEmPKv called 543 returned 100% blocks executed 83%
      543:  102:      allocate(size_type __n, const void* = static_cast<const void*>(0))
        -:  103:      {
      543:  104:	if (__n > this->max_size())
      543:  104-block  0
call    0 returned 543
branch  1 taken 0 (fallthrough)
branch  2 taken 543
    #####:  105:	  std::__throw_bad_alloc();
    %%%%%:  105-block  0
call    0 never executed
        -:  106:
        -:  107:#if __cpp_aligned_new
        -:  108:	if (alignof(_Tp) > __STDCPP_DEFAULT_NEW_ALIGNMENT__)
        -:  109:	  {
        -:  110:	    std::align_val_t __al = std::align_val_t(alignof(_Tp));
        -:  111:	    return static_cast<_Tp*>(::operator new(__n * sizeof(_Tp), __al));
        -:  112:	  }
        -:  113:#endif
      543:  114:	return static_cast<_Tp*>(::operator new(__n * sizeof(_Tp)));
      543:  114-block  0
call    0 returned 543
        -:  115:      }
------------------
_ZN9__gnu_cxx13new_allocatorINSt7__cxx1112basic_stringIwSt11char_traitsIwESaIwEEEE8allocateEmPKv:
function _ZN9__gnu_cxx13new_allocatorINSt7__cxx1112basic_stringIwSt11char_traitsIwESaIwEEEE8allocateEmPKv called 2145 returned 100% blocks executed 83%
     2145:  102:      allocate(size_type __n, const void* = static_cast<const void*>(0))
        -:  103:      {
     2145:  104:	if (__n > this->max_size())
     2145:  104-block  0
call    0 returned 2145
branch  1 taken 0 (fallthrough)
branch  2 taken 2145
    #####:  105:	  std::__throw_bad_alloc();
    %%%%%:  105-block  0
call    0 never executed
        -:  106:
        -:  107:#if __cpp_aligned_new
        -:  108:	if (alignof(_Tp) > __STDCPP_DEFAULT_NEW_ALIGNMENT__)
        -:  109:	  {
        -:  110:	    std::align_val_t __al = std::align_val_t(alignof(_Tp));
        -:  111:	    return static_cast<_Tp*>(::operator new(__n * sizeof(_Tp), __al));
        -:  112:	  }
        -:  113:#endif
     2145:  114:	return static_cast<_Tp*>(::operator new(__n * sizeof(_Tp)));
     2145:  114-block  0
call    0 returned 2145
        -:  115:      }
------------------
_ZN9__gnu_cxx13new_allocatorIN9docxtotxt5sheetEE8allocateEmPKv:
function _ZN9__gnu_cxx13new_allocatorIN9docxtotxt5sheetEE8allocateEmPKv called 7 returned 100% blocks executed 83%
        7:  102:      allocate(size_type __n, const void* = static_cast<const void*>(0))
        -:  103:      {
        7:  104:	if (__n > this->max_size())
        7:  104-block  0
call    0 returned 7
branch  1 taken 0 (fallthrough)
branch  2 taken 7
    #####:  105:	  std::__throw_bad_alloc();
    %%%%%:  105-block  0
call    0 never executed
        -:  106:
        -:  107:#if __cpp_aligned_new
        -:  108:	if (alignof(_Tp) > __STDCPP_DEFAULT_NEW_ALIGNMENT__)
        -:  109:	  {
        -:  110:	    std::align_val_t __al = std::align_val_t(alignof(_Tp));
        -:  111:	    return static_cast<_Tp*>(::operator new(__n * sizeof(_Tp), __al));
        -:  112:	  }
        -:  113:#endif
        7:  114:	return static_cast<_Tp*>(::operator new(__n * sizeof(_Tp)));
        7:  114-block  0
call    0 returned 7
        -:  115:      }
------------------
_ZN9__gnu_cxx13new_allocatorISt13_Rb_tree_nodeISt4pairIKNSt7__cxx1112basic_stringIcSt11char_traitsIcESaIcEEEN9docxtotxt15tablePropertiesEEEE8allocateEmPKv:
function _ZN9__gnu_cxx13new_allocatorISt13_Rb_tree_nodeISt4pairIKNSt7__cxx1112basic_stringIcSt11char_traitsIcESaIcEEEN9docxtotxt15tablePropertiesEEEE8allocateEmPKv called 0 returned 0% blocks executed 0%
    #####:  102:      allocate(size_type __n, const void* = static_cast<const void*>(0))
        -:  103:      {
    #####:  104:	if (__n > this->max_size())
    %%%%%:  104-block  0
call    0 never executed
branch  1 never executed
branch  2 never executed
    #####:  105:	  std::__throw_bad_alloc();
    %%%%%:  105-block  0
call    0 never executed
        -:  106:
        -:  107:#if __cpp_aligned_new
        -:  108:	if (alignof(_Tp) > __STDCPP_DEFAULT_NEW_ALIGNMENT__)
        -:  109:	  {
        -:  110:	    std::align_val_t __al = std::align_val_t(alignof(_Tp));
        -:  111:	    return static_cast<_Tp*>(::operator new(__n * sizeof(_Tp), __al));
        -:  112:	  }
        -:  113:#endif
    #####:  114:	return static_cast<_Tp*>(::operator new(__n * sizeof(_Tp)));
    %%%%%:  114-block  0
call    0 never executed
        -:  115:      }
------------------
_ZN9__gnu_cxx13new_allocatorIN9docxtotxt9sheetCellEE8allocateEmPKv:
function _ZN9__gnu_cxx13new_allocatorIN9docxtotxt9sheetCellEE8allocateEmPKv called 0 returned 0% blocks executed 0%
    #####:  102:      allocate(size_type __n, const void* = static_cast<const void*>(0))
        -:  103:      {
    #####:  104:	if (__n > this->max_size())
    %%%%%:  104-block  0
call    0 never executed
branch  1 never executed
branch  2 never executed
    #####:  105:	  std::__throw_bad_alloc();
    %%%%%:  105-block  0
call    0 never executed
        -:  106:
        -:  107:#if __cpp_aligned_new
        -:  108:	if (alignof(_Tp) > __STDCPP_DEFAULT_NEW_ALIGNMENT__)
        -:  109:	  {
        -:  110:	    std::align_val_t __al = std::align_val_t(alignof(_Tp));
        -:  111:	    return static_cast<_Tp*>(::operator new(__n * sizeof(_Tp), __al));
        -:  112:	  }
        -:  113:#endif
    #####:  114:	return static_cast<_Tp*>(::operator new(__n * sizeof(_Tp)));
    %%%%%:  114-block  0
call    0 never executed
        -:  115:      }
------------------
_ZN9__gnu_cxx13new_allocatorISt6vectorIN9docxtotxt9sheetCellESaIS3_EEE8allocateEmPKv:
function _ZN9__gnu_cxx13new_allocatorISt6vectorIN9docxtotxt9sheetCellESaIS3_EEE8allocateEmPKv called 0 returned 0% blocks executed 0%
    #####:  102:      allocate(size_type __n, const void* = static_cast<const void*>(0))
        -:  103:      {
    #####:  104:	if (__n > this->max_size())
    %%%%%:  104-block  0
call    0 never executed
branch  1 never executed
branch  2 never executed
    #####:  105:	  std::__throw_bad_alloc();
    %%%%%:  105-block  0
call    0 never executed
        -:  106:
        -:  107:#if __cpp_aligned_new
        -:  108:	if (alignof(_Tp) > __STDCPP_DEFAULT_NEW_ALIGNMENT__)
        -:  109:	  {
        -:  110:	    std::align_val_t __al = std::align_val_t(alignof(_Tp));
        -:  111:	    return static_cast<_Tp*>(::operator new(__n * sizeof(_Tp), __al));
        -:  112:	  }
        -:  113:#endif
    #####:  114:	return static_cast<_Tp*>(::operator new(__n * sizeof(_Tp)));
    %%%%%:  114-block  0
call    0 never executed
        -:  115:      }
------------------
_ZN9__gnu_cxx13new_allocatorIN9docxtotxt4drawEE8allocateEmPKv:
function _ZN9__gnu_cxx13new_allocatorIN9docxtotxt4drawEE8allocateEmPKv called 3 returned 100% blocks executed 83%
        3:  102:      allocate(size_type __n, const void* = static_cast<const void*>(0))
        -:  103:      {
        3:  104:	if (__n > this->max_size())
        3:  104-block  0
call    0 returned 3
branch  1 taken 0 (fallthrough)
branch  2 taken 3
    #####:  105:	  std::__throw_bad_alloc();
    %%%%%:  105-block  0
call    0 never executed
        -:  106:
        -:  107:#if __cpp_aligned_new
        -:  108:	if (alignof(_Tp) > __STDCPP_DEFAULT_NEW_ALIGNMENT__)
        -:  109:	  {
        -:  110:	    std::align_val_t __al = std::align_val_t(alignof(_Tp));
        -:  111:	    return static_cast<_Tp*>(::operator new(__n * sizeof(_Tp), __al));
        -:  112:	  }
        -:  113:#endif
        3:  114:	return static_cast<_Tp*>(::operator new(__n * sizeof(_Tp)));
        3:  114-block  0
call    0 returned 3
        -:  115:      }
------------------
_ZN9__gnu_cxx13new_allocatorIN9docxtotxt10noteInfo_tEE8allocateEmPKv:
function _ZN9__gnu_cxx13new_allocatorIN9docxtotxt10noteInfo_tEE8allocateEmPKv called 4 returned 100% blocks executed 83%
        4:  102:      allocate(size_type __n, const void* = static_cast<const void*>(0))
        -:  103:      {
        4:  104:	if (__n > this->max_size())
        4:  104-block  0
call    0 returned 4
branch  1 taken 0 (fallthrough)
branch  2 taken 4
    #####:  105:	  std::__throw_bad_alloc();
    %%%%%:  105-block  0
call    0 never executed
        -:  106:
        -:  107:#if __cpp_aligned_new
        -:  108:	if (alignof(_Tp) > __STDCPP_DEFAULT_NEW_ALIGNMENT__)
        -:  109:	  {
        -:  110:	    std::align_val_t __al = std::align_val_t(alignof(_Tp));
        -:  111:	    return static_cast<_Tp*>(::operator new(__n * sizeof(_Tp), __al));
        -:  112:	  }
        -:  113:#endif
        4:  114:	return static_cast<_Tp*>(::operator new(__n * sizeof(_Tp)));
        4:  114-block  0
call    0 returned 4
        -:  115:      }
------------------
_ZN9__gnu_cxx13new_allocatorIN9docxtotxt9paragraphEE8allocateEmPKv:
function _ZN9__gnu_cxx13new_allocatorIN9docxtotxt9paragraphEE8allocateEmPKv called 31 returned 100% blocks executed 83%
       31:  102:      allocate(size_type __n, const void* = static_cast<const void*>(0))
        -:  103:      {
       31:  104:	if (__n > this->max_size())
       31:  104-block  0
call    0 returned 31
branch  1 taken 0 (fallthrough)
branch  2 taken 31
    #####:  105:	  std::__throw_bad_alloc();
    %%%%%:  105-block  0
call    0 never executed
        -:  106:
        -:  107:#if __cpp_aligned_new
        -:  108:	if (alignof(_Tp) > __STDCPP_DEFAULT_NEW_ALIGNMENT__)
        -:  109:	  {
        -:  110:	    std::align_val_t __al = std::align_val_t(alignof(_Tp));
        -:  111:	    return static_cast<_Tp*>(::operator new(__n * sizeof(_Tp), __al));
        -:  112:	  }
        -:  113:#endif
       31:  114:	return static_cast<_Tp*>(::operator new(__n * sizeof(_Tp)));
       31:  114-block  0
call    0 returned 31
        -:  115:      }
------------------
_ZN9__gnu_cxx13new_allocatorISt6vectorIN9docxtotxt4cellESaIS3_EEE8allocateEmPKv:
function _ZN9__gnu_cxx13new_allocatorISt6vectorIN9docxtotxt4cellESaIS3_EEE8allocateEmPKv called 32 returned 100% blocks executed 83%
       32:  102:      allocate(size_type __n, const void* = static_cast<const void*>(0))
        -:  103:      {
       32:  104:	if (__n > this->max_size())
       32:  104-block  0
call    0 returned 32
branch  1 taken 0 (fallthrough)
branch  2 taken 32
    #####:  105:	  std::__throw_bad_alloc();
    %%%%%:  105-block  0
call    0 never executed
        -:  106:
        -:  107:#if __cpp_aligned_new
        -:  108:	if (alignof(_Tp) > __STDCPP_DEFAULT_NEW_ALIGNMENT__)
        -:  109:	  {
        -:  110:	    std::align_val_t __al = std::align_val_t(alignof(_Tp));
        -:  111:	    return static_cast<_Tp*>(::operator new(__n * sizeof(_Tp), __al));
        -:  112:	  }
        -:  113:#endif
       32:  114:	return static_cast<_Tp*>(::operator new(__n * sizeof(_Tp)));
       32:  114-block  0
call    0 returned 32
        -:  115:      }
------------------
_ZN9__gnu_cxx13new_allocatorIN9docxtotxt4cellEE8allocateEmPKv:
function _ZN9__gnu_cxx13new_allocatorIN9docxtotxt4cellEE8allocateEmPKv called 185 returned 100% blocks executed 83%
      185:  102:      allocate(size_type __n, const void* = static_cast<const void*>(0))
        -:  103:      {
      185:  104:	if (__n > this->max_size())
      185:  104-block  0
call    0 returned 185
branch  1 taken 0 (fallthrough)
branch  2 taken 185
    #####:  105:	  std::__throw_bad_alloc();
    %%%%%:  105-block  0
call    0 never executed
        -:  106:
        -:  107:#if __cpp_aligned_new
        -:  108:	if (alignof(_Tp) > __STDCPP_DEFAULT_NEW_ALIGNMENT__)
        -:  109:	  {
        -:  110:	    std::align_val_t __al = std::align_val_t(alignof(_Tp));
        -:  111:	    return static_cast<_Tp*>(::operator new(__n * sizeof(_Tp), __al));
        -:  112:	  }
        -:  113:#endif
      185:  114:	return static_cast<_Tp*>(::operator new(__n * sizeof(_Tp)));
      185:  114-block  0
call    0 returned 185
        -:  115:      }
------------------
_ZN9__gnu_cxx13new_allocatorIN9docxtotxt4noteEE8allocateEmPKv:
function _ZN9__gnu_cxx13new_allocatorIN9docxtotxt4noteEE8allocateEmPKv called 3 returned 100% blocks executed 83%
        3:  102:      allocate(size_type __n, const void* = static_cast<const void*>(0))
        -:  103:      {
        3:  104:	if (__n > this->max_size())
        3:  104-block  0
call    0 returned 3
branch  1 taken 0 (fallthrough)
branch  2 taken 3
    #####:  105:	  std::__throw_bad_alloc();
    %%%%%:  105-block  0
call    0 never executed
        -:  106:
        -:  107:#if __cpp_aligned_new
        -:  108:	if (alignof(_Tp) > __STDCPP_DEFAULT_NEW_ALIGNMENT__)
        -:  109:	  {
        -:  110:	    std::align_val_t __al = std::align_val_t(alignof(_Tp));
        -:  111:	    return static_cast<_Tp*>(::operator new(__n * sizeof(_Tp), __al));
        -:  112:	  }
        -:  113:#endif
        3:  114:	return static_cast<_Tp*>(::operator new(__n * sizeof(_Tp)));
        3:  114-block  0
call    0 returned 3
        -:  115:      }
------------------
_ZN9__gnu_cxx13new_allocatorISt13_Rb_tree_nodeISt4pairIKNSt7__cxx1112basic_stringIcSt11char_traitsIcESaIcEEES8_EEE8allocateEmPKv:
function _ZN9__gnu_cxx13new_allocatorISt13_Rb_tree_nodeISt4pairIKNSt7__cxx1112basic_stringIcSt11char_traitsIcESaIcEEES8_EEE8allocateEmPKv called 0 returned 0% blocks executed 0%
    #####:  102:      allocate(size_type __n, const void* = static_cast<const void*>(0))
        -:  103:      {
    #####:  104:	if (__n > this->max_size())
    %%%%%:  104-block  0
call    0 never executed
branch  1 never executed
branch  2 never executed
    #####:  105:	  std::__throw_bad_alloc();
    %%%%%:  105-block  0
call    0 never executed
        -:  106:
        -:  107:#if __cpp_aligned_new
        -:  108:	if (alignof(_Tp) > __STDCPP_DEFAULT_NEW_ALIGNMENT__)
        -:  109:	  {
        -:  110:	    std::align_val_t __al = std::align_val_t(alignof(_Tp));
        -:  111:	    return static_cast<_Tp*>(::operator new(__n * sizeof(_Tp), __al));
        -:  112:	  }
        -:  113:#endif
    #####:  114:	return static_cast<_Tp*>(::operator new(__n * sizeof(_Tp)));
    %%%%%:  114-block  0
call    0 never executed
        -:  115:      }
------------------
_ZN9__gnu_cxx13new_allocatorISt13_Rb_tree_nodeISt4pairIKNSt7__cxx1112basic_stringIcSt11char_traitsIcESaIcEEEN9docxtotxt17paragraphSettingsEEEE8allocateEmPKv:
function _ZN9__gnu_cxx13new_allocatorISt13_Rb_tree_nodeISt4pairIKNSt7__cxx1112basic_stringIcSt11char_traitsIcESaIcEEEN9docxtotxt17paragraphSettingsEEEE8allocateEmPKv called 84 returned 100% blocks executed 83%
       84:  102:      allocate(size_type __n, const void* = static_cast<const void*>(0))
        -:  103:      {
       84:  104:	if (__n > this->max_size())
       84:  104-block  0
call    0 returned 84
branch  1 taken 0 (fallthrough)
branch  2 taken 84
    #####:  105:	  std::__throw_bad_alloc();
    %%%%%:  105-block  0
call    0 never executed
        -:  106:
        -:  107:#if __cpp_aligned_new
        -:  108:	if (alignof(_Tp) > __STDCPP_DEFAULT_NEW_ALIGNMENT__)
        -:  109:	  {
        -:  110:	    std::align_val_t __al = std::align_val_t(alignof(_Tp));
        -:  111:	    return static_cast<_Tp*>(::operator new(__n * sizeof(_Tp), __al));
        -:  112:	  }
        -:  113:#endif
       84:  114:	return static_cast<_Tp*>(::operator new(__n * sizeof(_Tp)));
       84:  114-block  0
call    0 returned 84
        -:  115:      }
------------------
        -:  116:
        -:  117:      // __p is not permitted to be a null pointer.
        -:  118:      void
     217*:  119:      deallocate(pointer __p, size_type)
        -:  120:      {
        -:  121:#if __cpp_aligned_new
        -:  122:	if (alignof(_Tp) > __STDCPP_DEFAULT_NEW_ALIGNMENT__)
        -:  123:	  {
        -:  124:	    ::operator delete(__p, std::align_val_t(alignof(_Tp)));
        -:  125:	    return;
        -:  126:	  }
        -:  127:#endif
     217*:  128:	::operator delete(__p);
     217*:  129:      }
------------------
_ZN9__gnu_cxx13new_allocatorIN9docxtotxt8textBodyEE10deallocateEPS2_m:
function _ZN9__gnu_cxx13new_allocatorIN9docxtotxt8textBodyEE10deallocateEPS2_m called 0 returned 0% blocks executed 0%
    #####:  119:      deallocate(pointer __p, size_type)
        -:  120:      {
        -:  121:#if __cpp_aligned_new
        -:  122:	if (alignof(_Tp) > __STDCPP_DEFAULT_NEW_ALIGNMENT__)
        -:  123:	  {
        -:  124:	    ::operator delete(__p, std::align_val_t(alignof(_Tp)));
        -:  125:	    return;
        -:  126:	  }
        -:  127:#endif
    #####:  128:	::operator delete(__p);
    %%%%%:  128-block  0
call    0 never executed
    #####:  129:      }
------------------
_ZN9__gnu_cxx13new_allocatorIN9docxtotxt10tabulationEE10deallocateEPS2_m:
function _ZN9__gnu_cxx13new_allocatorIN9docxtotxt10tabulationEE10deallocateEPS2_m called 0 returned 0% blocks executed 0%
    #####:  119:      deallocate(pointer __p, size_type)
        -:  120:      {
        -:  121:#if __cpp_aligned_new
        -:  122:	if (alignof(_Tp) > __STDCPP_DEFAULT_NEW_ALIGNMENT__)
        -:  123:	  {
        -:  124:	    ::operator delete(__p, std::align_val_t(alignof(_Tp)));
        -:  125:	    return;
        -:  126:	  }
        -:  127:#endif
    #####:  128:	::operator delete(__p);
    %%%%%:  128-block  0
call    0 never executed
    #####:  129:      }
------------------
_ZN9__gnu_cxx13new_allocatorIN9docxtotxt9paragraphEE10deallocateEPS2_m:
function _ZN9__gnu_cxx13new_allocatorIN9docxtotxt9paragraphEE10deallocateEPS2_m called 0 returned 0% blocks executed 0%
    #####:  119:      deallocate(pointer __p, size_type)
        -:  120:      {
        -:  121:#if __cpp_aligned_new
        -:  122:	if (alignof(_Tp) > __STDCPP_DEFAULT_NEW_ALIGNMENT__)
        -:  123:	  {
        -:  124:	    ::operator delete(__p, std::align_val_t(alignof(_Tp)));
        -:  125:	    return;
        -:  126:	  }
        -:  127:#endif
    #####:  128:	::operator delete(__p);
    %%%%%:  128-block  0
call    0 never executed
    #####:  129:      }
------------------
_ZN9__gnu_cxx13new_allocatorIN9docxtotxt4noteEE10deallocateEPS2_m:
function _ZN9__gnu_cxx13new_allocatorIN9docxtotxt4noteEE10deallocateEPS2_m called 0 returned 0% blocks executed 0%
    #####:  119:      deallocate(pointer __p, size_type)
        -:  120:      {
        -:  121:#if __cpp_aligned_new
        -:  122:	if (alignof(_Tp) > __STDCPP_DEFAULT_NEW_ALIGNMENT__)
        -:  123:	  {
        -:  124:	    ::operator delete(__p, std::align_val_t(alignof(_Tp)));
        -:  125:	    return;
        -:  126:	  }
        -:  127:#endif
    #####:  128:	::operator delete(__p);
    %%%%%:  128-block  0
call    0 never executed
    #####:  129:      }
------------------
_ZN9__gnu_cxx13new_allocatorIN9docxtotxt9slideInfoEE10deallocateEPS2_m:
function _ZN9__gnu_cxx13new_allocatorIN9docxtotxt9slideInfoEE10deallocateEPS2_m called 0 returned 0% blocks executed 0%
    #####:  119:      deallocate(pointer __p, size_type)
        -:  120:      {
        -:  121:#if __cpp_aligned_new
        -:  122:	if (alignof(_Tp) > __STDCPP_DEFAULT_NEW_ALIGNMENT__)
        -:  123:	  {
        -:  124:	    ::operator delete(__p, std::align_val_t(alignof(_Tp)));
        -:  125:	    return;
        -:  126:	  }
        -:  127:#endif
    #####:  128:	::operator delete(__p);
    %%%%%:  128-block  0
call    0 never executed
    #####:  129:      }
------------------
_ZN9__gnu_cxx13new_allocatorIN9docxtotxt10noteInfo_tEE10deallocateEPS2_m:
function _ZN9__gnu_cxx13new_allocatorIN9docxtotxt10noteInfo_tEE10deallocateEPS2_m called 0 returned 0% blocks executed 0%
    #####:  119:      deallocate(pointer __p, size_type)
        -:  120:      {
        -:  121:#if __cpp_aligned_new
        -:  122:	if (alignof(_Tp) > __STDCPP_DEFAULT_NEW_ALIGNMENT__)
        -:  123:	  {
        -:  124:	    ::operator delete(__p, std::align_val_t(alignof(_Tp)));
        -:  125:	    return;
        -:  126:	  }
        -:  127:#endif
    #####:  128:	::operator delete(__p);
    %%%%%:  128-block  0
call    0 never executed
    #####:  129:      }
------------------
_ZN9__gnu_cxx13new_allocatorINSt7__cxx1112basic_stringIwSt11char_traitsIwESaIwEEEE10deallocateEPS6_m:
function _ZN9__gnu_cxx13new_allocatorINSt7__cxx1112basic_stringIwSt11char_traitsIwESaIwEEEE10deallocateEPS6_m called 0 returned 0% blocks executed 0%
    #####:  119:      deallocate(pointer __p, size_type)
        -:  120:      {
        -:  121:#if __cpp_aligned_new
        -:  122:	if (alignof(_Tp) > __STDCPP_DEFAULT_NEW_ALIGNMENT__)
        -:  123:	  {
        -:  124:	    ::operator delete(__p, std::align_val_t(alignof(_Tp)));
        -:  125:	    return;
        -:  126:	  }
        -:  127:#endif
    #####:  128:	::operator delete(__p);
    %%%%%:  128-block  0
call    0 never executed
    #####:  129:      }
------------------
_ZN9__gnu_cxx13new_allocatorIN9docxtotxt4drawEE10deallocateEPS2_m:
function _ZN9__gnu_cxx13new_allocatorIN9docxtotxt4drawEE10deallocateEPS2_m called 0 returned 0% blocks executed 0%
    #####:  119:      deallocate(pointer __p, size_type)
        -:  120:      {
        -:  121:#if __cpp_aligned_new
        -:  122:	if (alignof(_Tp) > __STDCPP_DEFAULT_NEW_ALIGNMENT__)
        -:  123:	  {
        -:  124:	    ::operator delete(__p, std::align_val_t(alignof(_Tp)));
        -:  125:	    return;
        -:  126:	  }
        -:  127:#endif
    #####:  128:	::operator delete(__p);
    %%%%%:  128-block  0
call    0 never executed
    #####:  129:      }
------------------
_ZN9__gnu_cxx13new_allocatorIN9docxtotxt5sheetEE10deallocateEPS2_m:
function _ZN9__gnu_cxx13new_allocatorIN9docxtotxt5sheetEE10deallocateEPS2_m called 0 returned 0% blocks executed 0%
    #####:  119:      deallocate(pointer __p, size_type)
        -:  120:      {
        -:  121:#if __cpp_aligned_new
        -:  122:	if (alignof(_Tp) > __STDCPP_DEFAULT_NEW_ALIGNMENT__)
        -:  123:	  {
        -:  124:	    ::operator delete(__p, std::align_val_t(alignof(_Tp)));
        -:  125:	    return;
        -:  126:	  }
        -:  127:#endif
    #####:  128:	::operator delete(__p);
    %%%%%:  128-block  0
call    0 never executed
    #####:  129:      }
------------------
_ZN9__gnu_cxx13new_allocatorIN9docxtotxt16presentationTextEE10deallocateEPS2_m:
function _ZN9__gnu_cxx13new_allocatorIN9docxtotxt16presentationTextEE10deallocateEPS2_m called 0 returned 0% blocks executed 0%
    #####:  119:      deallocate(pointer __p, size_type)
        -:  120:      {
        -:  121:#if __cpp_aligned_new
        -:  122:	if (alignof(_Tp) > __STDCPP_DEFAULT_NEW_ALIGNMENT__)
        -:  123:	  {
        -:  124:	    ::operator delete(__p, std::align_val_t(alignof(_Tp)));
        -:  125:	    return;
        -:  126:	  }
        -:  127:#endif
    #####:  128:	::operator delete(__p);
    %%%%%:  128-block  0
call    0 never executed
    #####:  129:      }
------------------
_ZN9__gnu_cxx13new_allocatorIN9docxtotxt17presentationTableEE10deallocateEPS2_m:
function _ZN9__gnu_cxx13new_allocatorIN9docxtotxt17presentationTableEE10deallocateEPS2_m called 0 returned 0% blocks executed 0%
    #####:  119:      deallocate(pointer __p, size_type)
        -:  120:      {
        -:  121:#if __cpp_aligned_new
        -:  122:	if (alignof(_Tp) > __STDCPP_DEFAULT_NEW_ALIGNMENT__)
        -:  123:	  {
        -:  124:	    ::operator delete(__p, std::align_val_t(alignof(_Tp)));
        -:  125:	    return;
        -:  126:	  }
        -:  127:#endif
    #####:  128:	::operator delete(__p);
    %%%%%:  128-block  0
call    0 never executed
    #####:  129:      }
------------------
_ZN9__gnu_cxx13new_allocatorIN9docxtotxt7pictureEE10deallocateEPS2_m:
function _ZN9__gnu_cxx13new_allocatorIN9docxtotxt7pictureEE10deallocateEPS2_m called 0 returned 0% blocks executed 0%
    #####:  119:      deallocate(pointer __p, size_type)
        -:  120:      {
        -:  121:#if __cpp_aligned_new
        -:  122:	if (alignof(_Tp) > __STDCPP_DEFAULT_NEW_ALIGNMENT__)
        -:  123:	  {
        -:  124:	    ::operator delete(__p, std::align_val_t(alignof(_Tp)));
        -:  125:	    return;
        -:  126:	  }
        -:  127:#endif
    #####:  128:	::operator delete(__p);
    %%%%%:  128-block  0
call    0 never executed
    #####:  129:      }
------------------
_ZN9__gnu_cxx13new_allocatorISt13_Rb_tree_nodeISt4pairIKNSt7__cxx1112basic_stringIcSt11char_traitsIcESaIcEEEN9docxtotxt15tablePropertiesEEEE10deallocateEPSD_m:
function _ZN9__gnu_cxx13new_allocatorISt13_Rb_tree_nodeISt4pairIKNSt7__cxx1112basic_stringIcSt11char_traitsIcESaIcEEEN9docxtotxt15tablePropertiesEEEE10deallocateEPSD_m called 0 returned 0% blocks executed 0%
    #####:  119:      deallocate(pointer __p, size_type)
        -:  120:      {
        -:  121:#if __cpp_aligned_new
        -:  122:	if (alignof(_Tp) > __STDCPP_DEFAULT_NEW_ALIGNMENT__)
        -:  123:	  {
        -:  124:	    ::operator delete(__p, std::align_val_t(alignof(_Tp)));
        -:  125:	    return;
        -:  126:	  }
        -:  127:#endif
    #####:  128:	::operator delete(__p);
    %%%%%:  128-block  0
call    0 never executed
    #####:  129:      }
------------------
_ZN9__gnu_cxx13new_allocatorImE10deallocateEPmm:
function _ZN9__gnu_cxx13new_allocatorImE10deallocateEPmm called 0 returned 0% blocks executed 0%
    #####:  119:      deallocate(pointer __p, size_type)
        -:  120:      {
        -:  121:#if __cpp_aligned_new
        -:  122:	if (alignof(_Tp) > __STDCPP_DEFAULT_NEW_ALIGNMENT__)
        -:  123:	  {
        -:  124:	    ::operator delete(__p, std::align_val_t(alignof(_Tp)));
        -:  125:	    return;
        -:  126:	  }
        -:  127:#endif
    #####:  128:	::operator delete(__p);
    %%%%%:  128-block  0
call    0 never executed
    #####:  129:      }
------------------
_ZN9__gnu_cxx13new_allocatorISt6vectorIS1_IN9docxtotxt8textBodyESaIS3_EESaIS5_EEE10deallocateEPS7_m:
function _ZN9__gnu_cxx13new_allocatorISt6vectorIS1_IN9docxtotxt8textBodyESaIS3_EESaIS5_EEE10deallocateEPS7_m called 0 returned 0% blocks executed 0%
    #####:  119:      deallocate(pointer __p, size_type)
        -:  120:      {
        -:  121:#if __cpp_aligned_new
        -:  122:	if (alignof(_Tp) > __STDCPP_DEFAULT_NEW_ALIGNMENT__)
        -:  123:	  {
        -:  124:	    ::operator delete(__p, std::align_val_t(alignof(_Tp)));
        -:  125:	    return;
        -:  126:	  }
        -:  127:#endif
    #####:  128:	::operator delete(__p);
    %%%%%:  128-block  0
call    0 never executed
    #####:  129:      }
------------------
_ZN9__gnu_cxx13new_allocatorISt6vectorIN9docxtotxt8textBodyESaIS3_EEE10deallocateEPS5_m:
function _ZN9__gnu_cxx13new_allocatorISt6vectorIN9docxtotxt8textBodyESaIS3_EEE10deallocateEPS5_m called 0 returned 0% blocks executed 0%
    #####:  119:      deallocate(pointer __p, size_type)
        -:  120:      {
        -:  121:#if __cpp_aligned_new
        -:  122:	if (alignof(_Tp) > __STDCPP_DEFAULT_NEW_ALIGNMENT__)
        -:  123:	  {
        -:  124:	    ::operator delete(__p, std::align_val_t(alignof(_Tp)));
        -:  125:	    return;
        -:  126:	  }
        -:  127:#endif
    #####:  128:	::operator delete(__p);
    %%%%%:  128-block  0
call    0 never executed
    #####:  129:      }
------------------
_ZN9__gnu_cxx13new_allocatorISt6vectorIN9docxtotxt9sheetCellESaIS3_EEE10deallocateEPS5_m:
function _ZN9__gnu_cxx13new_allocatorISt6vectorIN9docxtotxt9sheetCellESaIS3_EEE10deallocateEPS5_m called 0 returned 0% blocks executed 0%
    #####:  119:      deallocate(pointer __p, size_type)
        -:  120:      {
        -:  121:#if __cpp_aligned_new
        -:  122:	if (alignof(_Tp) > __STDCPP_DEFAULT_NEW_ALIGNMENT__)
        -:  123:	  {
        -:  124:	    ::operator delete(__p, std::align_val_t(alignof(_Tp)));
        -:  125:	    return;
        -:  126:	  }
        -:  127:#endif
    #####:  128:	::operator delete(__p);
    %%%%%:  128-block  0
call    0 never executed
    #####:  129:      }
------------------
_ZN9__gnu_cxx13new_allocatorIN9docxtotxt14columnSettingsEE10deallocateEPS2_m:
function _ZN9__gnu_cxx13new_allocatorIN9docxtotxt14columnSettingsEE10deallocateEPS2_m called 0 returned 0% blocks executed 0%
    #####:  119:      deallocate(pointer __p, size_type)
        -:  120:      {
        -:  121:#if __cpp_aligned_new
        -:  122:	if (alignof(_Tp) > __STDCPP_DEFAULT_NEW_ALIGNMENT__)
        -:  123:	  {
        -:  124:	    ::operator delete(__p, std::align_val_t(alignof(_Tp)));
        -:  125:	    return;
        -:  126:	  }
        -:  127:#endif
    #####:  128:	::operator delete(__p);
    %%%%%:  128-block  0
call    0 never executed
    #####:  129:      }
------------------
_ZN9__gnu_cxx13new_allocatorIN9docxtotxt9sheetCellEE10deallocateEPS2_m:
function _ZN9__gnu_cxx13new_allocatorIN9docxtotxt9sheetCellEE10deallocateEPS2_m called 0 returned 0% blocks executed 0%
    #####:  119:      deallocate(pointer __p, size_type)
        -:  120:      {
        -:  121:#if __cpp_aligned_new
        -:  122:	if (alignof(_Tp) > __STDCPP_DEFAULT_NEW_ALIGNMENT__)
        -:  123:	  {
        -:  124:	    ::operator delete(__p, std::align_val_t(alignof(_Tp)));
        -:  125:	    return;
        -:  126:	  }
        -:  127:#endif
    #####:  128:	::operator delete(__p);
    %%%%%:  128-block  0
call    0 never executed
    #####:  129:      }
------------------
_ZN9__gnu_cxx13new_allocatorISt6vectorIN9docxtotxt4cellESaIS3_EEE10deallocateEPS5_m:
function _ZN9__gnu_cxx13new_allocatorISt6vectorIN9docxtotxt4cellESaIS3_EEE10deallocateEPS5_m called 32 returned 100% blocks executed 100%
       32:  119:      deallocate(pointer __p, size_type)
        -:  120:      {
        -:  121:#if __cpp_aligned_new
        -:  122:	if (alignof(_Tp) > __STDCPP_DEFAULT_NEW_ALIGNMENT__)
        -:  123:	  {
        -:  124:	    ::operator delete(__p, std::align_val_t(alignof(_Tp)));
        -:  125:	    return;
        -:  126:	  }
        -:  127:#endif
       32:  128:	::operator delete(__p);
       32:  128-block  0
call    0 returned 32
       32:  129:      }
------------------
_ZN9__gnu_cxx13new_allocatorIN9docxtotxt4cellEE10deallocateEPS2_m:
function _ZN9__gnu_cxx13new_allocatorIN9docxtotxt4cellEE10deallocateEPS2_m called 185 returned 100% blocks executed 100%
      185:  119:      deallocate(pointer __p, size_type)
        -:  120:      {
        -:  121:#if __cpp_aligned_new
        -:  122:	if (alignof(_Tp) > __STDCPP_DEFAULT_NEW_ALIGNMENT__)
        -:  123:	  {
        -:  124:	    ::operator delete(__p, std::align_val_t(alignof(_Tp)));
        -:  125:	    return;
        -:  126:	  }
        -:  127:#endif
      185:  128:	::operator delete(__p);
      185:  128-block  0
call    0 returned 185
      185:  129:      }
------------------
_ZN9__gnu_cxx13new_allocatorISt13_Rb_tree_nodeISt4pairIKNSt7__cxx1112basic_stringIcSt11char_traitsIcESaIcEEES8_EEE10deallocateEPSB_m:
function _ZN9__gnu_cxx13new_allocatorISt13_Rb_tree_nodeISt4pairIKNSt7__cxx1112basic_stringIcSt11char_traitsIcESaIcEEES8_EEE10deallocateEPSB_m called 0 returned 0% blocks executed 0%
    #####:  119:      deallocate(pointer __p, size_type)
        -:  120:      {
        -:  121:#if __cpp_aligned_new
        -:  122:	if (alignof(_Tp) > __STDCPP_DEFAULT_NEW_ALIGNMENT__)
        -:  123:	  {
        -:  124:	    ::operator delete(__p, std::align_val_t(alignof(_Tp)));
        -:  125:	    return;
        -:  126:	  }
        -:  127:#endif
    #####:  128:	::operator delete(__p);
    %%%%%:  128-block  0
call    0 never executed
    #####:  129:      }
------------------
_ZN9__gnu_cxx13new_allocatorISt13_Rb_tree_nodeISt4pairIKNSt7__cxx1112basic_stringIcSt11char_traitsIcESaIcEEEN9docxtotxt17paragraphSettingsEEEE10deallocateEPSD_m:
function _ZN9__gnu_cxx13new_allocatorISt13_Rb_tree_nodeISt4pairIKNSt7__cxx1112basic_stringIcSt11char_traitsIcESaIcEEEN9docxtotxt17paragraphSettingsEEEE10deallocateEPSD_m called 0 returned 0% blocks executed 0%
    #####:  119:      deallocate(pointer __p, size_type)
        -:  120:      {
        -:  121:#if __cpp_aligned_new
        -:  122:	if (alignof(_Tp) > __STDCPP_DEFAULT_NEW_ALIGNMENT__)
        -:  123:	  {
        -:  124:	    ::operator delete(__p, std::align_val_t(alignof(_Tp)));
        -:  125:	    return;
        -:  126:	  }
        -:  127:#endif
    #####:  128:	::operator delete(__p);
    %%%%%:  128-block  0
call    0 never executed
    #####:  129:      }
------------------
        -:  130:
        -:  131:      size_type
    5890*:  132:      max_size() const _GLIBCXX_USE_NOEXCEPT
        -:  133:      {
        -:  134:#if __PTRDIFF_MAX__ < __SIZE_MAX__
    5890*:  135:	return size_t(__PTRDIFF_MAX__) / sizeof(_Tp);
        -:  136:#else
        -:  137:	return size_t(-1) / sizeof(_Tp);
        -:  138:#endif
        -:  139:      }
------------------
_ZNK9__gnu_cxx13new_allocatorIN9docxtotxt14columnSettingsEE8max_sizeEv:
function _ZNK9__gnu_cxx13new_allocatorIN9docxtotxt14columnSettingsEE8max_sizeEv called 0 returned 0% blocks executed 0%
    #####:  132:      max_size() const _GLIBCXX_USE_NOEXCEPT
        -:  133:      {
        -:  134:#if __PTRDIFF_MAX__ < __SIZE_MAX__
    #####:  135:	return size_t(__PTRDIFF_MAX__) / sizeof(_Tp);
    %%%%%:  135-block  0
        -:  136:#else
        -:  137:	return size_t(-1) / sizeof(_Tp);
        -:  138:#endif
        -:  139:      }
------------------
_ZNK9__gnu_cxx13new_allocatorImE8max_sizeEv:
function _ZNK9__gnu_cxx13new_allocatorImE8max_sizeEv called 0 returned 0% blocks executed 0%
    #####:  132:      max_size() const _GLIBCXX_USE_NOEXCEPT
        -:  133:      {
        -:  134:#if __PTRDIFF_MAX__ < __SIZE_MAX__
    #####:  135:	return size_t(__PTRDIFF_MAX__) / sizeof(_Tp);
    %%%%%:  135-block  0
        -:  136:#else
        -:  137:	return size_t(-1) / sizeof(_Tp);
        -:  138:#endif
        -:  139:      }
------------------
_ZNK9__gnu_cxx13new_allocatorIN9docxtotxt10tabulationEE8max_sizeEv:
function _ZNK9__gnu_cxx13new_allocatorIN9docxtotxt10tabulationEE8max_sizeEv called 0 returned 0% blocks executed 0%
    #####:  132:      max_size() const _GLIBCXX_USE_NOEXCEPT
        -:  133:      {
        -:  134:#if __PTRDIFF_MAX__ < __SIZE_MAX__
    #####:  135:	return size_t(__PTRDIFF_MAX__) / sizeof(_Tp);
    %%%%%:  135-block  0
        -:  136:#else
        -:  137:	return size_t(-1) / sizeof(_Tp);
        -:  138:#endif
        -:  139:      }
------------------
_ZNK9__gnu_cxx13new_allocatorIN9docxtotxt16presentationTextEE8max_sizeEv:
function _ZNK9__gnu_cxx13new_allocatorIN9docxtotxt16presentationTextEE8max_sizeEv called 189 returned 100% blocks executed 100%
      189:  132:      max_size() const _GLIBCXX_USE_NOEXCEPT
        -:  133:      {
        -:  134:#if __PTRDIFF_MAX__ < __SIZE_MAX__
      189:  135:	return size_t(__PTRDIFF_MAX__) / sizeof(_Tp);
      189:  135-block  0
        -:  136:#else
        -:  137:	return size_t(-1) / sizeof(_Tp);
        -:  138:#endif
        -:  139:      }
------------------
_ZNK9__gnu_cxx13new_allocatorIN9docxtotxt17presentationTableEE8max_sizeEv:
function _ZNK9__gnu_cxx13new_allocatorIN9docxtotxt17presentationTableEE8max_sizeEv called 5 returned 100% blocks executed 100%
        5:  132:      max_size() const _GLIBCXX_USE_NOEXCEPT
        -:  133:      {
        -:  134:#if __PTRDIFF_MAX__ < __SIZE_MAX__
        5:  135:	return size_t(__PTRDIFF_MAX__) / sizeof(_Tp);
        5:  135-block  0
        -:  136:#else
        -:  137:	return size_t(-1) / sizeof(_Tp);
        -:  138:#endif
        -:  139:      }
------------------
_ZNK9__gnu_cxx13new_allocatorIN9docxtotxt7pictureEE8max_sizeEv:
function _ZNK9__gnu_cxx13new_allocatorIN9docxtotxt7pictureEE8max_sizeEv called 46 returned 100% blocks executed 100%
       46:  132:      max_size() const _GLIBCXX_USE_NOEXCEPT
        -:  133:      {
        -:  134:#if __PTRDIFF_MAX__ < __SIZE_MAX__
       46:  135:	return size_t(__PTRDIFF_MAX__) / sizeof(_Tp);
       46:  135-block  0
        -:  136:#else
        -:  137:	return size_t(-1) / sizeof(_Tp);
        -:  138:#endif
        -:  139:      }
------------------
_ZNK9__gnu_cxx13new_allocatorIN9docxtotxt9slideInfoEE8max_sizeEv:
function _ZNK9__gnu_cxx13new_allocatorIN9docxtotxt9slideInfoEE8max_sizeEv called 26 returned 100% blocks executed 100%
       26:  132:      max_size() const _GLIBCXX_USE_NOEXCEPT
        -:  133:      {
        -:  134:#if __PTRDIFF_MAX__ < __SIZE_MAX__
       26:  135:	return size_t(__PTRDIFF_MAX__) / sizeof(_Tp);
       26:  135-block  0
        -:  136:#else
        -:  137:	return size_t(-1) / sizeof(_Tp);
        -:  138:#endif
        -:  139:      }
------------------
_ZNK9__gnu_cxx13new_allocatorISt6vectorIN9docxtotxt8textBodyESaIS3_EEE8max_sizeEv:
function _ZNK9__gnu_cxx13new_allocatorISt6vectorIN9docxtotxt8textBodyESaIS3_EEE8max_sizeEv called 112 returned 100% blocks executed 100%
      112:  132:      max_size() const _GLIBCXX_USE_NOEXCEPT
        -:  133:      {
        -:  134:#if __PTRDIFF_MAX__ < __SIZE_MAX__
      112:  135:	return size_t(__PTRDIFF_MAX__) / sizeof(_Tp);
      112:  135-block  0
        -:  136:#else
        -:  137:	return size_t(-1) / sizeof(_Tp);
        -:  138:#endif
        -:  139:      }
------------------
_ZNK9__gnu_cxx13new_allocatorISt6vectorIS1_IN9docxtotxt8textBodyESaIS3_EESaIS5_EEE8max_sizeEv:
function _ZNK9__gnu_cxx13new_allocatorISt6vectorIS1_IN9docxtotxt8textBodyESaIS3_EESaIS5_EEE8max_sizeEv called 15 returned 100% blocks executed 100%
       15:  132:      max_size() const _GLIBCXX_USE_NOEXCEPT
        -:  133:      {
        -:  134:#if __PTRDIFF_MAX__ < __SIZE_MAX__
       15:  135:	return size_t(__PTRDIFF_MAX__) / sizeof(_Tp);
       15:  135-block  0
        -:  136:#else
        -:  137:	return size_t(-1) / sizeof(_Tp);
        -:  138:#endif
        -:  139:      }
------------------
_ZNK9__gnu_cxx13new_allocatorIN9docxtotxt8textBodyEE8max_sizeEv:
function _ZNK9__gnu_cxx13new_allocatorIN9docxtotxt8textBodyEE8max_sizeEv called 707 returned 100% blocks executed 100%
      707:  132:      max_size() const _GLIBCXX_USE_NOEXCEPT
        -:  133:      {
        -:  134:#if __PTRDIFF_MAX__ < __SIZE_MAX__
      707:  135:	return size_t(__PTRDIFF_MAX__) / sizeof(_Tp);
      707:  135-block  0
        -:  136:#else
        -:  137:	return size_t(-1) / sizeof(_Tp);
        -:  138:#endif
        -:  139:      }
------------------
_ZNK9__gnu_cxx13new_allocatorINSt7__cxx1112basic_stringIwSt11char_traitsIwESaIwEEEE8max_sizeEv:
function _ZNK9__gnu_cxx13new_allocatorINSt7__cxx1112basic_stringIwSt11char_traitsIwESaIwEEEE8max_sizeEv called 3933 returned 100% blocks executed 100%
     3933:  132:      max_size() const _GLIBCXX_USE_NOEXCEPT
        -:  133:      {
        -:  134:#if __PTRDIFF_MAX__ < __SIZE_MAX__
     3933:  135:	return size_t(__PTRDIFF_MAX__) / sizeof(_Tp);
     3933:  135-block  0
        -:  136:#else
        -:  137:	return size_t(-1) / sizeof(_Tp);
        -:  138:#endif
        -:  139:      }
------------------
_ZNK9__gnu_cxx13new_allocatorIN9docxtotxt5sheetEE8max_sizeEv:
function _ZNK9__gnu_cxx13new_allocatorIN9docxtotxt5sheetEE8max_sizeEv called 17 returned 100% blocks executed 100%
       17:  132:      max_size() const _GLIBCXX_USE_NOEXCEPT
        -:  133:      {
        -:  134:#if __PTRDIFF_MAX__ < __SIZE_MAX__
       17:  135:	return size_t(__PTRDIFF_MAX__) / sizeof(_Tp);
       17:  135-block  0
        -:  136:#else
        -:  137:	return size_t(-1) / sizeof(_Tp);
        -:  138:#endif
        -:  139:      }
------------------
_ZNK9__gnu_cxx13new_allocatorISt13_Rb_tree_nodeISt4pairIKNSt7__cxx1112basic_stringIcSt11char_traitsIcESaIcEEEN9docxtotxt15tablePropertiesEEEE8max_sizeEv:
function _ZNK9__gnu_cxx13new_allocatorISt13_Rb_tree_nodeISt4pairIKNSt7__cxx1112basic_stringIcSt11char_traitsIcESaIcEEEN9docxtotxt15tablePropertiesEEEE8max_sizeEv called 0 returned 0% blocks executed 0%
    #####:  132:      max_size() const _GLIBCXX_USE_NOEXCEPT
        -:  133:      {
        -:  134:#if __PTRDIFF_MAX__ < __SIZE_MAX__
    #####:  135:	return size_t(__PTRDIFF_MAX__) / sizeof(_Tp);
    %%%%%:  135-block  0
        -:  136:#else
        -:  137:	return size_t(-1) / sizeof(_Tp);
        -:  138:#endif
        -:  139:      }
------------------
_ZNK9__gnu_cxx13new_allocatorIN9docxtotxt9sheetCellEE8max_sizeEv:
function _ZNK9__gnu_cxx13new_allocatorIN9docxtotxt9sheetCellEE8max_sizeEv called 0 returned 0% blocks executed 0%
    #####:  132:      max_size() const _GLIBCXX_USE_NOEXCEPT
        -:  133:      {
        -:  134:#if __PTRDIFF_MAX__ < __SIZE_MAX__
    #####:  135:	return size_t(__PTRDIFF_MAX__) / sizeof(_Tp);
    %%%%%:  135-block  0
        -:  136:#else
        -:  137:	return size_t(-1) / sizeof(_Tp);
        -:  138:#endif
        -:  139:      }
------------------
_ZNK9__gnu_cxx13new_allocatorISt6vectorIN9docxtotxt9sheetCellESaIS3_EEE8max_sizeEv:
function _ZNK9__gnu_cxx13new_allocatorISt6vectorIN9docxtotxt9sheetCellESaIS3_EEE8max_sizeEv called 0 returned 0% blocks executed 0%
    #####:  132:      max_size() const _GLIBCXX_USE_NOEXCEPT
        -:  133:      {
        -:  134:#if __PTRDIFF_MAX__ < __SIZE_MAX__
    #####:  135:	return size_t(__PTRDIFF_MAX__) / sizeof(_Tp);
    %%%%%:  135-block  0
        -:  136:#else
        -:  137:	return size_t(-1) / sizeof(_Tp);
        -:  138:#endif
        -:  139:      }
------------------
_ZNK9__gnu_cxx13new_allocatorIN9docxtotxt4drawEE8max_sizeEv:
function _ZNK9__gnu_cxx13new_allocatorIN9docxtotxt4drawEE8max_sizeEv called 7 returned 100% blocks executed 100%
        7:  132:      max_size() const _GLIBCXX_USE_NOEXCEPT
        -:  133:      {
        -:  134:#if __PTRDIFF_MAX__ < __SIZE_MAX__
        7:  135:	return size_t(__PTRDIFF_MAX__) / sizeof(_Tp);
        7:  135-block  0
        -:  136:#else
        -:  137:	return size_t(-1) / sizeof(_Tp);
        -:  138:#endif
        -:  139:      }
------------------
_ZNK9__gnu_cxx13new_allocatorIN9docxtotxt10noteInfo_tEE8max_sizeEv:
function _ZNK9__gnu_cxx13new_allocatorIN9docxtotxt10noteInfo_tEE8max_sizeEv called 10 returned 100% blocks executed 100%
       10:  132:      max_size() const _GLIBCXX_USE_NOEXCEPT
        -:  133:      {
        -:  134:#if __PTRDIFF_MAX__ < __SIZE_MAX__
       10:  135:	return size_t(__PTRDIFF_MAX__) / sizeof(_Tp);
       10:  135-block  0
        -:  136:#else
        -:  137:	return size_t(-1) / sizeof(_Tp);
        -:  138:#endif
        -:  139:      }
------------------
_ZNK9__gnu_cxx13new_allocatorIN9docxtotxt9paragraphEE8max_sizeEv:
function _ZNK9__gnu_cxx13new_allocatorIN9docxtotxt9paragraphEE8max_sizeEv called 81 returned 100% blocks executed 100%
       81:  132:      max_size() const _GLIBCXX_USE_NOEXCEPT
        -:  133:      {
        -:  134:#if __PTRDIFF_MAX__ < __SIZE_MAX__
       81:  135:	return size_t(__PTRDIFF_MAX__) / sizeof(_Tp);
       81:  135-block  0
        -:  136:#else
        -:  137:	return size_t(-1) / sizeof(_Tp);
        -:  138:#endif
        -:  139:      }
------------------
_ZNK9__gnu_cxx13new_allocatorISt6vectorIN9docxtotxt4cellESaIS3_EEE8max_sizeEv:
function _ZNK9__gnu_cxx13new_allocatorISt6vectorIN9docxtotxt4cellESaIS3_EEE8max_sizeEv called 96 returned 100% blocks executed 100%
       96:  132:      max_size() const _GLIBCXX_USE_NOEXCEPT
        -:  133:      {
        -:  134:#if __PTRDIFF_MAX__ < __SIZE_MAX__
       96:  135:	return size_t(__PTRDIFF_MAX__) / sizeof(_Tp);
       96:  135-block  0
        -:  136:#else
        -:  137:	return size_t(-1) / sizeof(_Tp);
        -:  138:#endif
[...]
    %%%%%:  146-block  0
call    0 never executed
call    1 never executed
call    2 never executed
------------------
_ZN9__gnu_cxx13new_allocatorIN9docxtotxt5sheetEE9constructIS2_JS2_EEEvPT_DpOT0_:
function _ZN9__gnu_cxx13new_allocatorIN9docxtotxt5sheetEE9constructIS2_JS2_EEEvPT_DpOT0_ called 4 returned 100% blocks executed 100%
        4:  144:	construct(_Up* __p, _Args&&... __args)
        -:  145:	noexcept(std::is_nothrow_constructible<_Up, _Args...>::value)
        4:  146:	{ ::new((void *)__p) _Up(std::forward<_Args>(__args)...); }
        4:  146-block  0
call    0 returned 4
call    1 returned 4
call    2 returned 4
------------------
_ZN9__gnu_cxx13new_allocatorISt13_Rb_tree_nodeISt4pairIKNSt7__cxx1112basic_stringIcSt11char_traitsIcESaIcEEEN9docxtotxt15tablePropertiesEEEE9constructISC_JRKSC_EEEvPT_DpOT0_:
function _ZN9__gnu_cxx13new_allocatorISt13_Rb_tree_nodeISt4pairIKNSt7__cxx1112basic_stringIcSt11char_traitsIcESaIcEEEN9docxtotxt15tablePropertiesEEEE9constructISC_JRKSC_EEEvPT_DpOT0_ called 0 returned 0% blocks executed 0%
    #####:  144:	construct(_Up* __p, _Args&&... __args)
        -:  145:	noexcept(std::is_nothrow_constructible<_Up, _Args...>::value)
    #####:  146:	{ ::new((void *)__p) _Up(std::forward<_Args>(__args)...); }
    %%%%%:  146-block  0
call    0 never executed
call    1 never executed
call    2 never executed
branch  3 never executed
branch  4 never executed
    %%%%%:  146-block  1
    $$$$$:  146-block  2
call    5 never executed
------------------
_ZN9__gnu_cxx13new_allocatorISt6vectorIS1_IN9docxtotxt8textBodyESaIS3_EESaIS5_EEE9constructIS7_JS7_EEEvPT_DpOT0_:
function _ZN9__gnu_cxx13new_allocatorISt6vectorIS1_IN9docxtotxt8textBodyESaIS3_EESaIS5_EEE9constructIS7_JS7_EEEvPT_DpOT0_ called 7 returned 100% blocks executed 100%
        7:  144:	construct(_Up* __p, _Args&&... __args)
        -:  145:	noexcept(std::is_nothrow_constructible<_Up, _Args...>::value)
        7:  146:	{ ::new((void *)__p) _Up(std::forward<_Args>(__args)...); }
        7:  146-block  0
call    0 returned 7
call    1 returned 7
call    2 returned 7
------------------
_ZN9__gnu_cxx13new_allocatorIN9docxtotxt9slideInfoEE9constructIS2_JS2_EEEvPT_DpOT0_:
function _ZN9__gnu_cxx13new_allocatorIN9docxtotxt9slideInfoEE9constructIS2_JS2_EEEvPT_DpOT0_ called 14 returned 100% blocks executed 100%
       14:  144:	construct(_Up* __p, _Args&&... __args)
        -:  145:	noexcept(std::is_nothrow_constructible<_Up, _Args...>::value)
       14:  146:	{ ::new((void *)__p) _Up(std::forward<_Args>(__args)...); }
       14:  146-block  0
call    0 returned 14
call    1 returned 14
call    2 returned 14
------------------
_ZN9__gnu_cxx13new_allocatorIN9docxtotxt7pictureEE9constructIS2_JS2_EEEvPT_DpOT0_:
function _ZN9__gnu_cxx13new_allocatorIN9docxtotxt7pictureEE9constructIS2_JS2_EEEvPT_DpOT0_ called 2 returned 100% blocks executed 100%
        2:  144:	construct(_Up* __p, _Args&&... __args)
        -:  145:	noexcept(std::is_nothrow_constructible<_Up, _Args...>::value)
        2:  146:	{ ::new((void *)__p) _Up(std::forward<_Args>(__args)...); }
        2:  146-block  0
call    0 returned 2
call    1 returned 2
call    2 returned 2
------------------
_ZN9__gnu_cxx13new_allocatorIN9docxtotxt17presentationTableEE9constructIS2_JS2_EEEvPT_DpOT0_:
function _ZN9__gnu_cxx13new_allocatorIN9docxtotxt17presentationTableEE9constructIS2_JS2_EEEvPT_DpOT0_ called 0 returned 0% blocks executed 0%
    #####:  144:	construct(_Up* __p, _Args&&... __args)
        -:  145:	noexcept(std::is_nothrow_constructible<_Up, _Args...>::value)
    #####:  146:	{ ::new((void *)__p) _Up(std::forward<_Args>(__args)...); }
    %%%%%:  146-block  0
call    0 never executed
call    1 never executed
call    2 never executed
------------------
_ZN9__gnu_cxx13new_allocatorIN9docxtotxt16presentationTextEE9constructIS2_JS2_EEEvPT_DpOT0_:
function _ZN9__gnu_cxx13new_allocatorIN9docxtotxt16presentationTextEE9constructIS2_JS2_EEEvPT_DpOT0_ called 77 returned 100% blocks executed 100%
       77:  144:	construct(_Up* __p, _Args&&... __args)
        -:  145:	noexcept(std::is_nothrow_constructible<_Up, _Args...>::value)
       77:  146:	{ ::new((void *)__p) _Up(std::forward<_Args>(__args)...); }
       77:  146-block  0
call    0 returned 77
call    1 returned 77
call    2 returned 77
------------------
_ZN9__gnu_cxx13new_allocatorISt13_Rb_tree_nodeISt4pairIKNSt7__cxx1112basic_stringIcSt11char_traitsIcESaIcEEES8_EEE9constructISA_JRKSt21piecewise_construct_tSt5tupleIJRS9_EESH_IJEEEEEvPT_DpOT0_:
function _ZN9__gnu_cxx13new_allocatorISt13_Rb_tree_nodeISt4pairIKNSt7__cxx1112basic_stringIcSt11char_traitsIcESaIcEEES8_EEE9constructISA_JRKSt21piecewise_construct_tSt5tupleIJRS9_EESH_IJEEEEEvPT_DpOT0_ called 0 returned 0% blocks executed 0%
    #####:  144:	construct(_Up* __p, _Args&&... __args)
        -:  145:	noexcept(std::is_nothrow_constructible<_Up, _Args...>::value)
    #####:  146:	{ ::new((void *)__p) _Up(std::forward<_Args>(__args)...); }
    %%%%%:  146-block  0
call    0 never executed
call    1 never executed
call    2 never executed
call    3 never executed
call    4 never executed
call    5 never executed
branch  6 never executed
branch  7 never executed
    %%%%%:  146-block  1
    $$$$$:  146-block  2
call    8 never executed
    $$$$$:  146-block  3
    $$$$$:  146-block  4
------------------
_ZN9__gnu_cxx13new_allocatorISt13_Rb_tree_nodeISt4pairIKNSt7__cxx1112basic_stringIcSt11char_traitsIcESaIcEEEN9docxtotxt17paragraphSettingsEEEE9constructISC_JRKSt21piecewise_construct_tSt5tupleIJOS8_EESJ_IJEEEEEvPT_DpOT0_:
function _ZN9__gnu_cxx13new_allocatorISt13_Rb_tree_nodeISt4pairIKNSt7__cxx1112basic_stringIcSt11char_traitsIcESaIcEEEN9docxtotxt17paragraphSettingsEEEE9constructISC_JRKSt21piecewise_construct_tSt5tupleIJOS8_EESJ_IJEEEEEvPT_DpOT0_ called 0 returned 0% blocks executed 0%
    #####:  144:	construct(_Up* __p, _Args&&... __args)
        -:  145:	noexcept(std::is_nothrow_constructible<_Up, _Args...>::value)
    #####:  146:	{ ::new((void *)__p) _Up(std::forward<_Args>(__args)...); }
    %%%%%:  146-block  0
call    0 never executed
call    1 never executed
call    2 never executed
call    3 never executed
call    4 never executed
call    5 never executed
branch  6 never executed
branch  7 never executed
    %%%%%:  146-block  1
    $$$$$:  146-block  2
call    8 never executed
    $$$$$:  146-block  3
    $$$$$:  146-block  4
------------------
_ZN9__gnu_cxx13new_allocatorISt13_Rb_tree_nodeISt4pairIKNSt7__cxx1112basic_stringIcSt11char_traitsIcESaIcEEEN9docxtotxt17paragraphSettingsEEEE9constructISC_JRS8_RSB_EEEvPT_DpOT0_:
function _ZN9__gnu_cxx13new_allocatorISt13_Rb_tree_nodeISt4pairIKNSt7__cxx1112basic_stringIcSt11char_traitsIcESaIcEEEN9docxtotxt17paragraphSettingsEEEE9constructISC_JRS8_RSB_EEEvPT_DpOT0_ called 42 returned 100% blocks executed 86%
       42:  144:	construct(_Up* __p, _Args&&... __args)
        -:  145:	noexcept(std::is_nothrow_constructible<_Up, _Args...>::value)
       42:  146:	{ ::new((void *)__p) _Up(std::forward<_Args>(__args)...); }
       42:  146-block  0
call    0 returned 42
call    1 returned 42
call    2 returned 42
call    3 returned 42
branch  4 taken 42 (fallthrough)
branch  5 taken 0 (throw)
       42:  146-block  1
    $$$$$:  146-block  2
call    6 never executed
------------------
_ZN9__gnu_cxx13new_allocatorISt13_Rb_tree_nodeISt4pairIKNSt7__cxx1112basic_stringIcSt11char_traitsIcESaIcEEES8_EEE9constructISA_JRS8_SE_EEEvPT_DpOT0_:
function _ZN9__gnu_cxx13new_allocatorISt13_Rb_tree_nodeISt4pairIKNSt7__cxx1112basic_stringIcSt11char_traitsIcESaIcEEES8_EEE9constructISA_JRS8_SE_EEEvPT_DpOT0_ called 1 returned 100% blocks executed 86%
        1:  144:	construct(_Up* __p, _Args&&... __args)
        -:  145:	noexcept(std::is_nothrow_constructible<_Up, _Args...>::value)
        1:  146:	{ ::new((void *)__p) _Up(std::forward<_Args>(__args)...); }
        1:  146-block  0
call    0 returned 1
call    1 returned 1
call    2 returned 1
call    3 returned 1
branch  4 taken 1 (fallthrough)
branch  5 taken 0 (throw)
        1:  146-block  1
    $$$$$:  146-block  2
call    6 never executed
------------------
_ZN9__gnu_cxx13new_allocatorISt13_Rb_tree_nodeISt4pairIKNSt7__cxx1112basic_stringIcSt11char_traitsIcESaIcEEES8_EEE9constructISA_JRS8_S8_EEEvPT_DpOT0_:
function _ZN9__gnu_cxx13new_allocatorISt13_Rb_tree_nodeISt4pairIKNSt7__cxx1112basic_stringIcSt11char_traitsIcESaIcEEES8_EEE9constructISA_JRS8_S8_EEEvPT_DpOT0_ called 199 returned 100% blocks executed 86%
      199:  144:	construct(_Up* __p, _Args&&... __args)
        -:  145:	noexcept(std::is_nothrow_constructible<_Up, _Args...>::value)
      199:  146:	{ ::new((void *)__p) _Up(std::forward<_Args>(__args)...); }
      199:  146-block  0
call    0 returned 199
call    1 returned 199
call    2 returned 199
call    3 returned 199
branch  4 taken 199 (fallthrough)
branch  5 taken 0 (throw)
      199:  146-block  1
    $$$$$:  146-block  2
call    6 never executed
------------------
        -:  147:
        -:  148:      template<typename _Up>
        -:  149:	void
    8831*:  150:	destroy(_Up* __p)
        -:  151:	noexcept(std::is_nothrow_destructible<_Up>::value)
    8831*:  152:	{ __p->~_Up(); }
------------------
_ZN9__gnu_cxx13new_allocatorIN9docxtotxt14columnSettingsEE7destroyIS2_EEvPT_:
function _ZN9__gnu_cxx13new_allocatorIN9docxtotxt14columnSettingsEE7destroyIS2_EEvPT_ called 0 returned 0% blocks executed 0%
    #####:  150:	destroy(_Up* __p)
        -:  151:	noexcept(std::is_nothrow_destructible<_Up>::value)
    #####:  152:	{ __p->~_Up(); }
------------------
_ZN9__gnu_cxx13new_allocatorIN9docxtotxt10tabulationEE7destroyIS2_EEvPT_:
function _ZN9__gnu_cxx13new_allocatorIN9docxtotxt10tabulationEE7destroyIS2_EEvPT_ called 0 returned 0% blocks executed 0%
    #####:  150:	destroy(_Up* __p)
        -:  151:	noexcept(std::is_nothrow_destructible<_Up>::value)
    #####:  152:	{ __p->~_Up(); }
------------------
_ZN9__gnu_cxx13new_allocatorIN9docxtotxt16presentationTextEE7destroyIS2_EEvPT_:
function _ZN9__gnu_cxx13new_allocatorIN9docxtotxt16presentationTextEE7destroyIS2_EEvPT_ called 77 returned 100% blocks executed 100%
       77:  150:	destroy(_Up* __p)
        -:  151:	noexcept(std::is_nothrow_destructible<_Up>::value)
       77:  152:	{ __p->~_Up(); }
       77:  152-block  0
call    0 returned 77
------------------
_ZN9__gnu_cxx13new_allocatorIN9docxtotxt17presentationTableEE7destroyIS2_EEvPT_:
function _ZN9__gnu_cxx13new_allocatorIN9docxtotxt17presentationTableEE7destroyIS2_EEvPT_ called 0 returned 0% blocks executed 0%
    #####:  150:	destroy(_Up* __p)
        -:  151:	noexcept(std::is_nothrow_destructible<_Up>::value)
    #####:  152:	{ __p->~_Up(); }
    %%%%%:  152-block  0
call    0 never executed
------------------
_ZN9__gnu_cxx13new_allocatorIN9docxtotxt7pictureEE7destroyIS2_EEvPT_:
function _ZN9__gnu_cxx13new_allocatorIN9docxtotxt7pictureEE7destroyIS2_EEvPT_ called 2 returned 100% blocks executed 100%
        2:  150:	destroy(_Up* __p)
        -:  151:	noexcept(std::is_nothrow_destructible<_Up>::value)
        2:  152:	{ __p->~_Up(); }
        2:  152-block  0
call    0 returned 2
------------------
_ZN9__gnu_cxx13new_allocatorIN9docxtotxt9slideInfoEE7destroyIS2_EEvPT_:
function _ZN9__gnu_cxx13new_allocatorIN9docxtotxt9slideInfoEE7destroyIS2_EEvPT_ called 14 returned 100% blocks executed 100%
       14:  150:	destroy(_Up* __p)
        -:  151:	noexcept(std::is_nothrow_destructible<_Up>::value)
       14:  152:	{ __p->~_Up(); }
       14:  152-block  0
call    0 returned 14
------------------
_ZN9__gnu_cxx13new_allocatorImE7destroyImEEvPT_:
function _ZN9__gnu_cxx13new_allocatorImE7destroyImEEvPT_ called 0 returned 0% blocks executed 0%
    #####:  150:	destroy(_Up* __p)
        -:  151:	noexcept(std::is_nothrow_destructible<_Up>::value)
    #####:  152:	{ __p->~_Up(); }
------------------
_ZN9__gnu_cxx13new_allocatorISt6vectorIN9docxtotxt8textBodyESaIS3_EEE7destroyIS5_EEvPT_:
function _ZN9__gnu_cxx13new_allocatorISt6vectorIN9docxtotxt8textBodyESaIS3_EEE7destroyIS5_EEvPT_ called 24 returned 100% blocks executed 100%
       24:  150:	destroy(_Up* __p)
        -:  151:	noexcept(std::is_nothrow_destructible<_Up>::value)
       24:  152:	{ __p->~_Up(); }
       24:  152-block  0
call    0 returned 24
------------------
_ZN9__gnu_cxx13new_allocatorISt6vectorIS1_IN9docxtotxt8textBodyESaIS3_EESaIS5_EEE7destroyIS7_EEvPT_:
function _ZN9__gnu_cxx13new_allocatorISt6vectorIS1_IN9docxtotxt8textBodyESaIS3_EESaIS5_EEE7destroyIS7_EEvPT_ called 7 returned 100% blocks executed 100%
        7:  150:	destroy(_Up* __p)
        -:  151:	noexcept(std::is_nothrow_destructible<_Up>::value)
        7:  152:	{ __p->~_Up(); }
        7:  152-block  0
call    0 returned 7
------------------
_ZN9__gnu_cxx13new_allocatorIN9docxtotxt8textBodyEE7destroyIS2_EEvPT_:
function _ZN9__gnu_cxx13new_allocatorIN9docxtotxt8textBodyEE7destroyIS2_EEvPT_ called 83 returned 100% blocks executed 100%
       83:  150:	destroy(_Up* __p)
        -:  151:	noexcept(std::is_nothrow_destructible<_Up>::value)
       83:  152:	{ __p->~_Up(); }
       83:  152-block  0
call    0 returned 83
------------------
_ZN9__gnu_cxx13new_allocatorINSt7__cxx1112basic_stringIwSt11char_traitsIwESaIwEEEE7destroyIS6_EEvPT_:
function _ZN9__gnu_cxx13new_allocatorINSt7__cxx1112basic_stringIwSt11char_traitsIwESaIwEEEE7destroyIS6_EEvPT_ called 7337 returned 100% blocks executed 100%
     7337:  150:	destroy(_Up* __p)
        -:  151:	noexcept(std::is_nothrow_destructible<_Up>::value)
     7337:  152:	{ __p->~_Up(); }
     7337:  152-block  0
call    0 returned 7337
------------------
_ZN9__gnu_cxx13new_allocatorIN9docxtotxt5sheetEE7destroyIS2_EEvPT_:
function _ZN9__gnu_cxx13new_allocatorIN9docxtotxt5sheetEE7destroyIS2_EEvPT_ called 4 returned 100% blocks executed 100%
        4:  150:	destroy(_Up* __p)
        -:  151:	noexcept(std::is_nothrow_destructible<_Up>::value)
        4:  152:	{ __p->~_Up(); }
        4:  152-block  0
call    0 returned 4
------------------
_ZN9__gnu_cxx13new_allocatorISt13_Rb_tree_nodeISt4pairIKNSt7__cxx1112basic_stringIcSt11char_traitsIcESaIcEEEN9docxtotxt15tablePropertiesEEEE7destroyISC_EEvPT_:
function _ZN9__gnu_cxx13new_allocatorISt13_Rb_tree_nodeISt4pairIKNSt7__cxx1112basic_stringIcSt11char_traitsIcESaIcEEEN9docxtotxt15tablePropertiesEEEE7destroyISC_EEvPT_ called 0 returned 0% blocks executed 0%
    #####:  150:	destroy(_Up* __p)
        -:  151:	noexcept(std::is_nothrow_destructible<_Up>::value)
    #####:  152:	{ __p->~_Up(); }
    %%%%%:  152-block  0
call    0 never executed
------------------
_ZN9__gnu_cxx13new_allocatorIN9docxtotxt9sheetCellEE7destroyIS2_EEvPT_:
function _ZN9__gnu_cxx13new_allocatorIN9docxtotxt9sheetCellEE7destroyIS2_EEvPT_ called 0 returned 0% blocks executed 0%
    #####:  150:	destroy(_Up* __p)
        -:  151:	noexcept(std::is_nothrow_destructible<_Up>::value)
    #####:  152:	{ __p->~_Up(); }
    %%%%%:  152-block  0
call    0 never executed
------------------
_ZN9__gnu_cxx13new_allocatorISt6vectorIN9docxtotxt9sheetCellESaIS3_EEE7destroyIS5_EEvPT_:
function _ZN9__gnu_cxx13new_allocatorISt6vectorIN9docxtotxt9sheetCellESaIS3_EEE7destroyIS5_EEvPT_ called 380 returned 100% blocks executed 100%
      380:  150:	destroy(_Up* __p)
        -:  151:	noexcept(std::is_nothrow_destructible<_Up>::value)
      380:  152:	{ __p->~_Up(); }
      380:  152-block  0
call    0 returned 380
------------------
_ZN9__gnu_cxx13new_allocatorIN9docxtotxt4drawEE7destroyIS2_EEvPT_:
function _ZN9__gnu_cxx13new_allocatorIN9docxtotxt4drawEE7destroyIS2_EEvPT_ called 1 returned 100% blocks executed 100%
        1:  150:	destroy(_Up* __p)
        -:  151:	noexcept(std::is_nothrow_destructible<_Up>::value)
        1:  152:	{ __p->~_Up(); }
        1:  152-block  0
call    0 returned 1
------------------
_ZN9__gnu_cxx13new_allocatorIN9docxtotxt10noteInfo_tEE7destroyIS2_EEvPT_:
function _ZN9__gnu_cxx13new_allocatorIN9docxtotxt10noteInfo_tEE7destroyIS2_EEvPT_ called 3 returned 100% blocks executed 100%
        3:  150:	destroy(_Up* __p)
        -:  151:	noexcept(std::is_nothrow_destructible<_Up>::value)
        3:  152:	{ __p->~_Up(); }
        3:  152-block  0
call    0 returned 3
------------------
_ZN9__gnu_cxx13new_allocatorIN9docxtotxt9paragraphEE7destroyIS2_EEvPT_:
function _ZN9__gnu_cxx13new_allocatorIN9docxtotxt9paragraphEE7destroyIS2_EEvPT_ called 509 returned 100% blocks executed 100%
      509:  150:	destroy(_Up* __p)
        -:  151:	noexcept(std::is_nothrow_destructible<_Up>::value)
      509:  152:	{ __p->~_Up(); }
      509:  152-block  0
call    0 returned 509
------------------
_ZN9__gnu_cxx13new_allocatorISt6vectorIN9docxtotxt4cellESaIS3_EEE7destroyIS5_EEvPT_:
function _ZN9__gnu_cxx13new_allocatorISt6vectorIN9docxtotxt4cellESaIS3_EEE7destroyIS5_EEvPT_ called 58 returned 100% blocks executed 100%
       58:  150:	destroy(_Up* __p)
        -:  151:	noexcept(std::is_nothrow_destructible<_Up>::value)
       58:  152:	{ __p->~_Up(); }
       58:  152-block  0
call    0 returned 58
------------------
_ZN9__gnu_cxx13new_allocatorIN9docxtotxt4cellEE7destroyIS2_EEvPT_:
function _ZN9__gnu_cxx13new_allocatorIN9docxtotxt4cellEE7destroyIS2_EEvPT_ called 331 returned 100% blocks executed 100%
      331:  150:	destroy(_Up* __p)
        -:  151:	noexcept(std::is_nothrow_destructible<_Up>::value)
      331:  152:	{ __p->~_Up(); }
      331:  152-block  0
call    0 returned 331
------------------
_ZN9__gnu_cxx13new_allocatorIN9docxtotxt4noteEE7destroyIS2_EEvPT_:
function _ZN9__gnu_cxx13new_allocatorIN9docxtotxt4noteEE7destroyIS2_EEvPT_ called 1 returned 100% blocks executed 100%
        1:  150:	destroy(_Up* __p)
        -:  151:	noexcept(std::is_nothrow_destructible<_Up>::value)
        1:  152:	{ __p->~_Up(); }
        1:  152-block  0
call    0 returned 1
------------------
_ZN9__gnu_cxx13new_allocatorISt13_Rb_tree_nodeISt4pairIKNSt7__cxx1112basic_stringIcSt11char_traitsIcESaIcEEES8_EEE7destroyISA_EEvPT_:
function _ZN9__gnu_cxx13new_allocatorISt13_Rb_tree_nodeISt4pairIKNSt7__cxx1112basic_stringIcSt11char_traitsIcESaIcEEES8_EEE7destroyISA_EEvPT_ called 0 returned 0% blocks executed 0%
    #####:  150:	destroy(_Up* __p)
        -:  151:	noexcept(std::is_nothrow_destructible<_Up>::value)
    #####:  152:	{ __p->~_Up(); }
    %%%%%:  152-block  0
call    0 never executed
------------------
_ZN9__gnu_cxx13new_allocatorISt13_Rb_tree_nodeISt4pairIKNSt7__cxx1112basic_stringIcSt11char_traitsIcESaIcEEEN9docxtotxt17paragraphSettingsEEEE7destroyISC_EEvPT_:
function _ZN9__gnu_cxx13new_allocatorISt13_Rb_tree_nodeISt4pairIKNSt7__cxx1112basic_stringIcSt11char_traitsIcESaIcEEEN9docxtotxt17paragraphSettingsEEEE7destroyISC_EEvPT_ called 0 returned 0% blocks executed 0%
    #####:  150:	destroy(_Up* __p)
        -:  151:	noexcept(std::is_nothrow_destructible<_Up>::value)
    #####:  152:	{ __p->~_Up(); }
    %%%%%:  152-block  0
call    0 never executed
------------------
        -:  153:#else
        -:  154:      // _GLIBCXX_RESOLVE_LIB_DEFECTS
        -:  155:      // 402. wrong new expression in [some_] allocator::construct
        -:  156:      void
        -:  157:      construct(pointer __p, const _Tp& __val)
        -:  158:      { ::new((void *)__p) _Tp(__val); }
        -:  159:
        -:  160:      void
        -:  161:      destroy(pointer __p) { __p->~_Tp(); }
        -:  162:#endif
        -:  163:
        -:  164:      template<typename _Up>
        -:  165:	friend bool
        -:  166:	operator==(const new_allocator&, const new_allocator<_Up>&)
        -:  167:	_GLIBCXX_NOTHROW
        -:  168:	{ return true; }
        -:  169:
        -:  170:      template<typename _Up>
        -:  171:	friend bool
        -:  172:	operator!=(const new_allocator&, const new_allocator<_Up>&)
        -:  173:	_GLIBCXX_NOTHROW
        -:  174:	{ return false; }
        -:  175:    };
        -:  176:
        -:  177:_GLIBCXX_END_NAMESPACE_VERSION
        -:  178:} // namespace
        -:  179:
        -:  180:#endif
