        -:    0:Source:/usr/include/c++/9/ext/alloc_traits.h
        -:    0:Graph:/home/borzor/CLionProjects/docxtotxt/cmake-build-debug-coverage/CMakeFiles/docxtotxt.dir/mainDoc/source/DocumentLoader.cpp.gcno
        -:    0:Data:/home/borzor/CLionProjects/docxtotxt/cmake-build-debug-coverage/CMakeFiles/docxtotxt.dir/mainDoc/source/DocumentLoader.cpp.gcda
        -:    0:Runs:1
        -:    1:// Allocator traits -*- C++ -*-
        -:    2:
        -:    3:// Copyright (C) 2011-2019 Free Software Foundation, Inc.
        -:    4://
        -:    5:// This file is part of the GNU ISO C++ Library.  This library is free
        -:    6:// software; you can redistribute it and/or modify it under the
        -:    7:// terms of the GNU General Public License as published by the
        -:    8:// Free Software Foundation; either version 3, or (at your option)
        -:    9:// any later version.
        -:   10:
        -:   11:// This library is distributed in the hope that it will be useful,
        -:   12:// but WITHOUT ANY WARRANTY; without even the implied warranty of
        -:   13:// MERCHANTABILITY or FITNESS FOR A PARTICULAR PURPOSE.  See the
        -:   14:// GNU General Public License for more details.
        -:   15:
        -:   16:// Under Section 7 of GPL version 3, you are granted additional
        -:   17:// permissions described in the GCC Runtime Library Exception, version
        -:   18:// 3.1, as published by the Free Software Foundation.
        -:   19:
        -:   20:// You should have received a copy of the GNU General Public License and
        -:   21:// a copy of the GCC Runtime Library Exception along with this program;
        -:   22:// see the files COPYING3 and COPYING.RUNTIME respectively.  If not, see
        -:   23:// <http://www.gnu.org/licenses/>.
        -:   24:
        -:   25:/** @file ext/alloc_traits.h
        -:   26: *  This file is a GNU extension to the Standard C++ Library.
        -:   27: */
        -:   28:
        -:   29:#ifndef _EXT_ALLOC_TRAITS_H
        -:   30:#define _EXT_ALLOC_TRAITS_H 1
        -:   31:
        -:   32:#pragma GCC system_header
        -:   33:
        -:   34:#if __cplusplus >= 201103L
        -:   35:# include <bits/move.h>
        -:   36:# include <bits/alloc_traits.h>
        -:   37:#else
        -:   38:# include <bits/allocator.h>  // for __alloc_swap
        -:   39:#endif
        -:   40:
        -:   41:namespace __gnu_cxx _GLIBCXX_VISIBILITY(default)
        -:   42:{
        -:   43:_GLIBCXX_BEGIN_NAMESPACE_VERSION
        -:   44:
        -:   45:/**
        -:   46: * @brief  Uniform interface to C++98 and C++11 allocators.
        -:   47: * @ingroup allocators
        -:   48:*/
        -:   49:template<typename _Alloc, typename = typename _Alloc::value_type>
        -:   50:  struct __alloc_traits
        -:   51:#if __cplusplus >= 201103L
        -:   52:  : std::allocator_traits<_Alloc>
        -:   53:#endif
        -:   54:  {
        -:   55:    typedef _Alloc allocator_type;
        -:   56:#if __cplusplus >= 201103L
        -:   57:    typedef std::allocator_traits<_Alloc>           _Base_type;
        -:   58:    typedef typename _Base_type::value_type         value_type;
        -:   59:    typedef typename _Base_type::pointer            pointer;
        -:   60:    typedef typename _Base_type::const_pointer      const_pointer;
        -:   61:    typedef typename _Base_type::size_type          size_type;
        -:   62:    typedef typename _Base_type::difference_type    difference_type;
        -:   63:    // C++11 allocators do not define reference or const_reference
        -:   64:    typedef value_type&                             reference;
        -:   65:    typedef const value_type&                       const_reference;
        -:   66:    using _Base_type::allocate;
        -:   67:    using _Base_type::deallocate;
        -:   68:    using _Base_type::construct;
        -:   69:    using _Base_type::destroy;
        -:   70:    using _Base_type::max_size;
        -:   71:
        -:   72:  private:
        -:   73:    template<typename _Ptr>
        -:   74:      using __is_custom_pointer
        -:   75:	= std::__and_<std::is_same<pointer, _Ptr>,
        -:   76:		      std::__not_<std::is_pointer<_Ptr>>>;
        -:   77:
        -:   78:  public:
        -:   79:    // overload construct for non-standard pointer types
        -:   80:    template<typename _Ptr, typename... _Args>
        -:   81:      static typename std::enable_if<__is_custom_pointer<_Ptr>::value>::type
        -:   82:      construct(_Alloc& __a, _Ptr __p, _Args&&... __args)
        -:   83:      noexcept(noexcept(_Base_type::construct(__a, std::__to_address(__p),
        -:   84:					      std::forward<_Args>(__args)...)))
        -:   85:      {
        -:   86:	_Base_type::construct(__a, std::__to_address(__p),
        -:   87:			      std::forward<_Args>(__args)...);
        -:   88:      }
        -:   89:
        -:   90:    // overload destroy for non-standard pointer types
        -:   91:    template<typename _Ptr>
        -:   92:      static typename std::enable_if<__is_custom_pointer<_Ptr>::value>::type
        -:   93:      destroy(_Alloc& __a, _Ptr __p)
        -:   94:      noexcept(noexcept(_Base_type::destroy(__a, std::__to_address(__p))))
        -:   95:      { _Base_type::destroy(__a, std::__to_address(__p)); }
        -:   96:
    3353*:   97:    static _Alloc _S_select_on_copy(const _Alloc& __a)
    3353*:   98:    { return _Base_type::select_on_container_copy_construction(__a); }
------------------
_ZN9__gnu_cxx14__alloc_traitsISaISt13_Rb_tree_nodeISt4pairIKNSt7__cxx1112basic_stringIcSt11char_traitsIcESaIcEEEN9docxtotxt17paragraphSettingsEEEESD_E17_S_select_on_copyERKSE_:
function _ZN9__gnu_cxx14__alloc_traitsISaISt13_Rb_tree_nodeISt4pairIKNSt7__cxx1112basic_stringIcSt11char_traitsIcESaIcEEEN9docxtotxt17paragraphSettingsEEEESD_E17_S_select_on_copyERKSE_ called 3 returned 100% blocks executed 100%
        3:   97:    static _Alloc _S_select_on_copy(const _Alloc& __a)
        3:   98:    { return _Base_type::select_on_container_copy_construction(__a); }
        3:   98-block  0
call    0 returned 3
------------------
_ZN9__gnu_cxx14__alloc_traitsISaIN9docxtotxt10tabulationEES2_E17_S_select_on_copyERKS3_:
function _ZN9__gnu_cxx14__alloc_traitsISaIN9docxtotxt10tabulationEES2_E17_S_select_on_copyERKS3_ called 1375 returned 100% blocks executed 100%
     1375:   97:    static _Alloc _S_select_on_copy(const _Alloc& __a)
     1375:   98:    { return _Base_type::select_on_container_copy_construction(__a); }
     1375:   98-block  0
call    0 returned 1375
------------------
_ZN9__gnu_cxx14__alloc_traitsISaIN9docxtotxt9paragraphEES2_E17_S_select_on_copyERKS3_:
function _ZN9__gnu_cxx14__alloc_traitsISaIN9docxtotxt9paragraphEES2_E17_S_select_on_copyERKS3_ called 6 returned 100% blocks executed 100%
        6:   97:    static _Alloc _S_select_on_copy(const _Alloc& __a)
        6:   98:    { return _Base_type::select_on_container_copy_construction(__a); }
        6:   98-block  0
call    0 returned 6
------------------
_ZN9__gnu_cxx14__alloc_traitsISaIN9docxtotxt4noteEES2_E17_S_select_on_copyERKS3_:
function _ZN9__gnu_cxx14__alloc_traitsISaIN9docxtotxt4noteEES2_E17_S_select_on_copyERKS3_ called 3 returned 100% blocks executed 100%
        3:   97:    static _Alloc _S_select_on_copy(const _Alloc& __a)
        3:   98:    { return _Base_type::select_on_container_copy_construction(__a); }
        3:   98-block  0
call    0 returned 3
------------------
_ZN9__gnu_cxx14__alloc_traitsISaINSt7__cxx1112basic_stringIwSt11char_traitsIwESaIwEEEES6_E17_S_select_on_copyERKS7_:
function _ZN9__gnu_cxx14__alloc_traitsISaINSt7__cxx1112basic_stringIwSt11char_traitsIwESaIwEEEES6_E17_S_select_on_copyERKS7_ called 1287 returned 100% blocks executed 100%
     1287:   97:    static _Alloc _S_select_on_copy(const _Alloc& __a)
     1287:   98:    { return _Base_type::select_on_container_copy_construction(__a); }
     1287:   98-block  0
call    0 returned 1287
------------------
_ZN9__gnu_cxx14__alloc_traitsISaIN9docxtotxt4drawEES2_E17_S_select_on_copyERKS3_:
function _ZN9__gnu_cxx14__alloc_traitsISaIN9docxtotxt4drawEES2_E17_S_select_on_copyERKS3_ called 2 returned 100% blocks executed 100%
        2:   97:    static _Alloc _S_select_on_copy(const _Alloc& __a)
        2:   98:    { return _Base_type::select_on_container_copy_construction(__a); }
        2:   98-block  0
call    0 returned 2
------------------
_ZN9__gnu_cxx14__alloc_traitsISaIN9docxtotxt5sheetEES2_E17_S_select_on_copyERKS3_:
function _ZN9__gnu_cxx14__alloc_traitsISaIN9docxtotxt5sheetEES2_E17_S_select_on_copyERKS3_ called 2 returned 100% blocks executed 100%
        2:   97:    static _Alloc _S_select_on_copy(const _Alloc& __a)
        2:   98:    { return _Base_type::select_on_container_copy_construction(__a); }
        2:   98-block  0
call    0 returned 2
------------------
_ZN9__gnu_cxx14__alloc_traitsISaIN9docxtotxt9slideInfoEES2_E17_S_select_on_copyERKS3_:
function _ZN9__gnu_cxx14__alloc_traitsISaIN9docxtotxt9slideInfoEES2_E17_S_select_on_copyERKS3_ called 2 returned 100% blocks executed 100%
        2:   97:    static _Alloc _S_select_on_copy(const _Alloc& __a)
        2:   98:    { return _Base_type::select_on_container_copy_construction(__a); }
        2:   98-block  0
call    0 returned 2
------------------
_ZN9__gnu_cxx14__alloc_traitsISaIN9docxtotxt10noteInfo_tEES2_E17_S_select_on_copyERKS3_:
function _ZN9__gnu_cxx14__alloc_traitsISaIN9docxtotxt10noteInfo_tEES2_E17_S_select_on_copyERKS3_ called 2 returned 100% blocks executed 100%
        2:   97:    static _Alloc _S_select_on_copy(const _Alloc& __a)
        2:   98:    { return _Base_type::select_on_container_copy_construction(__a); }
        2:   98-block  0
call    0 returned 2
------------------
_ZN9__gnu_cxx14__alloc_traitsISaIcEcE17_S_select_on_copyERKS1_:
function _ZN9__gnu_cxx14__alloc_traitsISaIcEcE17_S_select_on_copyERKS1_ called 0 returned 0% blocks executed 0%
    #####:   97:    static _Alloc _S_select_on_copy(const _Alloc& __a)
    #####:   98:    { return _Base_type::select_on_container_copy_construction(__a); }
    %%%%%:   98-block  0
call    0 never executed
------------------
_ZN9__gnu_cxx14__alloc_traitsISaIwEwE17_S_select_on_copyERKS1_:
function _ZN9__gnu_cxx14__alloc_traitsISaIwEwE17_S_select_on_copyERKS1_ called 0 returned 0% blocks executed 0%
    #####:   97:    static _Alloc _S_select_on_copy(const _Alloc& __a)
    #####:   98:    { return _Base_type::select_on_container_copy_construction(__a); }
    %%%%%:   98-block  0
call    0 never executed
------------------
_ZN9__gnu_cxx14__alloc_traitsISaISt13_Rb_tree_nodeISt4pairIKNSt7__cxx1112basic_stringIcSt11char_traitsIcESaIcEEES8_EEESB_E17_S_select_on_copyERKSC_:
function _ZN9__gnu_cxx14__alloc_traitsISaISt13_Rb_tree_nodeISt4pairIKNSt7__cxx1112basic_stringIcSt11char_traitsIcESaIcEEES8_EEESB_E17_S_select_on_copyERKSC_ called 0 returned 0% blocks executed 0%
    #####:   97:    static _Alloc _S_select_on_copy(const _Alloc& __a)
    #####:   98:    { return _Base_type::select_on_container_copy_construction(__a); }
    %%%%%:   98-block  0
call    0 never executed
------------------
_ZN9__gnu_cxx14__alloc_traitsISaIN9docxtotxt9sheetCellEES2_E17_S_select_on_copyERKS3_:
function _ZN9__gnu_cxx14__alloc_traitsISaIN9docxtotxt9sheetCellEES2_E17_S_select_on_copyERKS3_ called 0 returned 0% blocks executed 0%
    #####:   97:    static _Alloc _S_select_on_copy(const _Alloc& __a)
    #####:   98:    { return _Base_type::select_on_container_copy_construction(__a); }
    %%%%%:   98-block  0
call    0 never executed
------------------
_ZN9__gnu_cxx14__alloc_traitsISaISt13_Rb_tree_nodeISt4pairIKNSt7__cxx1112basic_stringIcSt11char_traitsIcESaIcEEEN9docxtotxt15tablePropertiesEEEESD_E17_S_select_on_copyERKSE_:
function _ZN9__gnu_cxx14__alloc_traitsISaISt13_Rb_tree_nodeISt4pairIKNSt7__cxx1112basic_stringIcSt11char_traitsIcESaIcEEEN9docxtotxt15tablePropertiesEEEESD_E17_S_select_on_copyERKSE_ called 3 returned 100% blocks executed 100%
        3:   97:    static _Alloc _S_select_on_copy(const _Alloc& __a)
        3:   98:    { return _Base_type::select_on_container_copy_construction(__a); }
        3:   98-block  0
call    0 returned 3
------------------
_ZN9__gnu_cxx14__alloc_traitsISaIN9docxtotxt8textBodyEES2_E17_S_select_on_copyERKS3_:
function _ZN9__gnu_cxx14__alloc_traitsISaIN9docxtotxt8textBodyEES2_E17_S_select_on_copyERKS3_ called 532 returned 100% blocks executed 100%
      532:   97:    static _Alloc _S_select_on_copy(const _Alloc& __a)
      532:   98:    { return _Base_type::select_on_container_copy_construction(__a); }
      532:   98-block  0
call    0 returned 532
------------------
_ZN9__gnu_cxx14__alloc_traitsISaImEmE17_S_select_on_copyERKS1_:
function _ZN9__gnu_cxx14__alloc_traitsISaImEmE17_S_select_on_copyERKS1_ called 3 returned 100% blocks executed 100%
        3:   97:    static _Alloc _S_select_on_copy(const _Alloc& __a)
        3:   98:    { return _Base_type::select_on_container_copy_construction(__a); }
        3:   98-block  0
call    0 returned 3
------------------
_ZN9__gnu_cxx14__alloc_traitsISaISt6vectorIS1_IN9docxtotxt8textBodyESaIS3_EESaIS5_EEES7_E17_S_select_on_copyERKS8_:
function _ZN9__gnu_cxx14__alloc_traitsISaISt6vectorIS1_IN9docxtotxt8textBodyESaIS3_EESaIS5_EEES7_E17_S_select_on_copyERKS8_ called 3 returned 100% blocks executed 100%
        3:   97:    static _Alloc _S_select_on_copy(const _Alloc& __a)
        3:   98:    { return _Base_type::select_on_container_copy_construction(__a); }
        3:   98-block  0
call    0 returned 3
------------------
_ZN9__gnu_cxx14__alloc_traitsISaIN9docxtotxt16presentationTextEES2_E17_S_select_on_copyERKS3_:
function _ZN9__gnu_cxx14__alloc_traitsISaIN9docxtotxt16presentationTextEES2_E17_S_select_on_copyERKS3_ called 30 returned 100% blocks executed 100%
       30:   97:    static _Alloc _S_select_on_copy(const _Alloc& __a)
       30:   98:    { return _Base_type::select_on_container_copy_construction(__a); }
       30:   98-block  0
call    0 returned 30
------------------
_ZN9__gnu_cxx14__alloc_traitsISaIN9docxtotxt17presentationTableEES2_E17_S_select_on_copyERKS3_:
function _ZN9__gnu_cxx14__alloc_traitsISaIN9docxtotxt17presentationTableEES2_E17_S_select_on_copyERKS3_ called 30 returned 100% blocks executed 100%
       30:   97:    static _Alloc _S_select_on_copy(const _Alloc& __a)
       30:   98:    { return _Base_type::select_on_container_copy_construction(__a); }
       30:   98-block  0
call    0 returned 30
------------------
_ZN9__gnu_cxx14__alloc_traitsISaIN9docxtotxt7pictureEES2_E17_S_select_on_copyERKS3_:
function _ZN9__gnu_cxx14__alloc_traitsISaIN9docxtotxt7pictureEES2_E17_S_select_on_copyERKS3_ called 30 returned 100% blocks executed 100%
       30:   97:    static _Alloc _S_select_on_copy(const _Alloc& __a)
       30:   98:    { return _Base_type::select_on_container_copy_construction(__a); }
       30:   98-block  0
call    0 returned 30
------------------
_ZN9__gnu_cxx14__alloc_traitsISaISt6vectorIN9docxtotxt8textBodyESaIS3_EEES5_E17_S_select_on_copyERKS6_:
function _ZN9__gnu_cxx14__alloc_traitsISaISt6vectorIN9docxtotxt8textBodyESaIS3_EEES5_E17_S_select_on_copyERKS6_ called 40 returned 100% blocks executed 100%
       40:   97:    static _Alloc _S_select_on_copy(const _Alloc& __a)
       40:   98:    { return _Base_type::select_on_container_copy_construction(__a); }
       40:   98-block  0
call    0 returned 40
------------------
_ZN9__gnu_cxx14__alloc_traitsISaISt6vectorIN9docxtotxt9sheetCellESaIS3_EEES5_E17_S_select_on_copyERKS6_:
function _ZN9__gnu_cxx14__alloc_traitsISaISt6vectorIN9docxtotxt9sheetCellESaIS3_EEES5_E17_S_select_on_copyERKS6_ called 0 returned 0% blocks executed 0%
    #####:   97:    static _Alloc _S_select_on_copy(const _Alloc& __a)
    #####:   98:    { return _Base_type::select_on_container_copy_construction(__a); }
    %%%%%:   98-block  0
call    0 never executed
------------------
_ZN9__gnu_cxx14__alloc_traitsISaIN9docxtotxt14columnSettingsEES2_E17_S_select_on_copyERKS3_:
function _ZN9__gnu_cxx14__alloc_traitsISaIN9docxtotxt14columnSettingsEES2_E17_S_select_on_copyERKS3_ called 0 returned 0% blocks executed 0%
    #####:   97:    static _Alloc _S_select_on_copy(const _Alloc& __a)
    #####:   98:    { return _Base_type::select_on_container_copy_construction(__a); }
    %%%%%:   98-block  0
call    0 never executed
------------------
        -:   99:
        -:  100:    static void _S_on_swap(_Alloc& __a, _Alloc& __b)
        -:  101:    { std::__alloc_on_swap(__a, __b); }
        -:  102:
     641*:  103:    static constexpr bool _S_propagate_on_copy_assign()
     641*:  104:    { return _Base_type::propagate_on_container_copy_assignment::value; }
------------------
_ZN9__gnu_cxx14__alloc_traitsISaIN9docxtotxt9sheetCellEES2_E27_S_propagate_on_copy_assignEv:
function _ZN9__gnu_cxx14__alloc_traitsISaIN9docxtotxt9sheetCellEES2_E27_S_propagate_on_copy_assignEv called 0 returned 0% blocks executed 0%
    #####:  103:    static constexpr bool _S_propagate_on_copy_assign()
    #####:  104:    { return _Base_type::propagate_on_container_copy_assignment::value; }
    %%%%%:  104-block  0
------------------
_ZN9__gnu_cxx14__alloc_traitsISaIN9docxtotxt10tabulationEES2_E27_S_propagate_on_copy_assignEv:
function _ZN9__gnu_cxx14__alloc_traitsISaIN9docxtotxt10tabulationEES2_E27_S_propagate_on_copy_assignEv called 629 returned 100% blocks executed 100%
      629:  103:    static constexpr bool _S_propagate_on_copy_assign()
      629:  104:    { return _Base_type::propagate_on_container_copy_assignment::value; }
      629:  104-block  0
------------------
_ZN9__gnu_cxx14__alloc_traitsISaIN9docxtotxt14columnSettingsEES2_E27_S_propagate_on_copy_assignEv:
function _ZN9__gnu_cxx14__alloc_traitsISaIN9docxtotxt14columnSettingsEES2_E27_S_propagate_on_copy_assignEv called 6 returned 100% blocks executed 100%
        6:  103:    static constexpr bool _S_propagate_on_copy_assign()
        6:  104:    { return _Base_type::propagate_on_container_copy_assignment::value; }
        6:  104-block  0
------------------
_ZN9__gnu_cxx14__alloc_traitsISaISt6vectorIN9docxtotxt9sheetCellESaIS3_EEES5_E27_S_propagate_on_copy_assignEv:
function _ZN9__gnu_cxx14__alloc_traitsISaISt6vectorIN9docxtotxt9sheetCellESaIS3_EEES5_E27_S_propagate_on_copy_assignEv called 6 returned 100% blocks executed 100%
        6:  103:    static constexpr bool _S_propagate_on_copy_assign()
        6:  104:    { return _Base_type::propagate_on_container_copy_assignment::value; }
        6:  104-block  0
------------------
        -:  105:
        -:  106:    static constexpr bool _S_propagate_on_move_assign()
        -:  107:    { return _Base_type::propagate_on_container_move_assignment::value; }
        -:  108:
        -:  109:    static constexpr bool _S_propagate_on_swap()
        -:  110:    { return _Base_type::propagate_on_container_swap::value; }
        -:  111:
    #####:  112:    static constexpr bool _S_always_equal()
    #####:  113:    { return _Base_type::is_always_equal::value; }
------------------
_ZN9__gnu_cxx14__alloc_traitsISaIN9docxtotxt9sheetCellEES2_E15_S_always_equalEv:
function _ZN9__gnu_cxx14__alloc_traitsISaIN9docxtotxt9sheetCellEES2_E15_S_always_equalEv called 0 returned 0% blocks executed 0%
    #####:  112:    static constexpr bool _S_always_equal()
    #####:  113:    { return _Base_type::is_always_equal::value; }
    %%%%%:  113-block  0
------------------
_ZN9__gnu_cxx14__alloc_traitsISaIN9docxtotxt14columnSettingsEES2_E15_S_always_equalEv:
function _ZN9__gnu_cxx14__alloc_traitsISaIN9docxtotxt14columnSettingsEES2_E15_S_always_equalEv called 0 returned 0% blocks executed 0%
    #####:  112:    static constexpr bool _S_always_equal()
    #####:  113:    { return _Base_type::is_always_equal::value; }
    %%%%%:  113-block  0
------------------
_ZN9__gnu_cxx14__alloc_traitsISaISt6vectorIN9docxtotxt9sheetCellESaIS3_EEES5_E15_S_always_equalEv:
function _ZN9__gnu_cxx14__alloc_traitsISaISt6vectorIN9docxtotxt9sheetCellESaIS3_EEES5_E15_S_always_equalEv called 0 returned 0% blocks executed 0%
    #####:  112:    static constexpr bool _S_always_equal()
    #####:  113:    { return _Base_type::is_always_equal::value; }
    %%%%%:  113-block  0
------------------
_ZN9__gnu_cxx14__alloc_traitsISaIN9docxtotxt10tabulationEES2_E15_S_always_equalEv:
function _ZN9__gnu_cxx14__alloc_traitsISaIN9docxtotxt10tabulationEES2_E15_S_always_equalEv called 0 returned 0% blocks executed 0%
    #####:  112:    static constexpr bool _S_always_equal()
    #####:  113:    { return _Base_type::is_always_equal::value; }
    %%%%%:  113-block  0
------------------
        -:  114:
        -:  115:    static constexpr bool _S_nothrow_move()
        -:  116:    { return _S_propagate_on_move_assign() || _S_always_equal(); }
        -:  117:
        -:  118:    template<typename _Tp>
        -:  119:      struct rebind
        -:  120:      { typedef typename _Base_type::template rebind_alloc<_Tp> other; };
        -:  121:#else
        -:  122:
        -:  123:    typedef typename _Alloc::pointer                pointer;
        -:  124:    typedef typename _Alloc::const_pointer          const_pointer;
        -:  125:    typedef typename _Alloc::value_type             value_type;
        -:  126:    typedef typename _Alloc::reference              reference;
        -:  127:    typedef typename _Alloc::const_reference        const_reference;
        -:  128:    typedef typename _Alloc::size_type              size_type;
        -:  129:    typedef typename _Alloc::difference_type        difference_type;
        -:  130:
        -:  131:    _GLIBCXX_NODISCARD static pointer
        -:  132:    allocate(_Alloc& __a, size_type __n)
        -:  133:    { return __a.allocate(__n); }
        -:  134:
        -:  135:    static void deallocate(_Alloc& __a, pointer __p, size_type __n)
        -:  136:    { __a.deallocate(__p, __n); }
        -:  137:
        -:  138:    template<typename _Tp>
        -:  139:      static void construct(_Alloc& __a, pointer __p, const _Tp& __arg)
        -:  140:      { __a.construct(__p, __arg); }
        -:  141:
        -:  142:    static void destroy(_Alloc& __a, pointer __p)
        -:  143:    { __a.destroy(__p); }
        -:  144:
        -:  145:    static size_type max_size(const _Alloc& __a)
        -:  146:    { return __a.max_size(); }
        -:  147:
        -:  148:    static const _Alloc& _S_select_on_copy(const _Alloc& __a) { return __a; }
        -:  149:
        -:  150:    static void _S_on_swap(_Alloc& __a, _Alloc& __b)
        -:  151:    {
        -:  152:      // _GLIBCXX_RESOLVE_LIB_DEFECTS
        -:  153:      // 431. Swapping containers with unequal allocators.
        -:  154:      std::__alloc_swap<_Alloc>::_S_do_it(__a, __b);
        -:  155:    }
        -:  156:
        -:  157:    template<typename _Tp>
        -:  158:      struct rebind
        -:  159:      { typedef typename _Alloc::template rebind<_Tp>::other other; };
        -:  160:#endif
        -:  161:  };
        -:  162:
        -:  163:_GLIBCXX_END_NAMESPACE_VERSION
        -:  164:} // namespace __gnu_cxx
        -:  165:
        -:  166:#endif
