        -:    0:Source:/home/borzor/CLionProjects/docxtotxt/mainDoc/headers/Parser.h
        -:    0:Graph:/home/borzor/CLionProjects/docxtotxt/cmake-build-debug-coverage/CMakeFiles/docxtotxt.dir/mainDoc/source/PptParser.cpp.gcno
        -:    0:Data:/home/borzor/CLionProjects/docxtotxt/cmake-build-debug-coverage/CMakeFiles/docxtotxt.dir/mainDoc/source/PptParser.cpp.gcda
        -:    0:Runs:1
        -:    1://
        -:    2:// Created by borzor on 12/17/22.
        -:    3://
        -:    4:
        -:    5:#ifndef DOCXTOTXT_PARSER_H
        -:    6:#define DOCXTOTXT_PARSER_H
        -:    7:
        -:    8:#include "../ParserCommons/BufferWriter.h"
        -:    9:
        -:   10:namespace docxtotxt {
        -:   11:    /*!
        -:   12:	\brief Интерфейс парсера
        -:   13:    */
        -:   14:    class Parser {
        -:   15:    public:
function _ZN9docxtotxt6ParserC2ERNS_9options_tERNS_12BufferWriterE called 0 returned 0% blocks executed 0%
    #####:   16:        explicit Parser(options_t &options, BufferWriter &writer) : options(options), writer(writer) {}
        -:   17:
        -:   18:        /*!
        -:   19:         * Функия для обработки входного файла на основе предоставленных опций
        -:   20:         */
        -:   21:        virtual void parseFile() = 0;
        -:   22:
        -:   23:    protected:
        -:   24:        ///Структура настроек, уставляемых во время инициализации программы
        -:   25:        options_t &options;
        -:   26:        ///Класс реализующий запись в результирующий буфер
        -:   27:        BufferWriter &writer;
        -:   28:
        -:   29:    };
        -:   30:
        -:   31:}
        -:   32:
        -:   33:
        -:   34:#endif //DOCXTOTXT_PARSER_H
